   1.000000000000000e-02   2.996251859481687e+01
   1.008562166358395e-02   2.996187522895934e+01
   1.017197643409539e-02   2.996122084116324e+01
   1.025907058851778e-02   2.996055524334665e+01
   1.034691045757918e-02   2.995987824424087e+01
   1.043550242621239e-02   2.995918964934055e+01
   1.052485293401906e-02   2.995848926085120e+01
   1.061496847573777e-02   2.995777687763115e+01
   1.070585560171615e-02   2.995705229513769e+01
   1.079752091838699e-02   2.995631530537201e+01
   1.088997108874847e-02   2.995556569681806e+01
   1.098321283284845e-02   2.995480325438802e+01
   1.107725292827295e-02   2.995402775936157e+01
   1.117209821063884e-02   2.995323898932300e+01
   1.126775557409065e-02   2.995243671810639e+01
   1.136423197180175e-02   2.995162071572751e+01
   1.146153441647971e-02   2.995079074832307e+01
   1.155966998087607e-02   2.994994657808797e+01
   1.165864579830047e-02   2.994908796320614e+01
   1.175846906313912e-02   2.994821465778987e+01
   1.185914703137776e-02   2.994732641180781e+01
   1.196068702112908e-02   2.994642297101932e+01
   1.206309641316468e-02   2.994550407690495e+01
   1.216638265145156e-02   2.994456946659431e+01
   1.227055324369317e-02   2.994361887279754e+01
   1.237561576187521e-02   2.994265202373048e+01
   1.248157784281596e-02   2.994166864304105e+01
   1.258844718872141e-02   2.994066844973431e+01
   1.269623156774511e-02   2.993965115809806e+01
   1.280493881455284e-02   2.993861647762369e+01
   1.291457683089211e-02   2.993756411292900e+01
   1.302515358616648e-02   2.993649376367822e+01
   1.313667711801488e-02   2.993540512449948e+01
   1.324915553289584e-02   2.993429788490635e+01
   1.336259700667674e-02   2.993317172921054e+01
   1.347700978522809e-02   2.993202633643980e+01
   1.359240218502293e-02   2.993086138025113e+01
   1.370878259374131e-02   2.992967652884320e+01
   1.382615947087999e-02   2.992847144486889e+01
   1.394454134836736e-02   2.992724578534405e+01
   1.406393683118359e-02   2.992599920155734e+01
   1.418435459798614e-02   2.992473133897534e+01
   1.430580340174057e-02   2.992344183715407e+01
   1.442829207035676e-02   2.992213032963474e+01
   1.455182950733066e-02   2.992079644385544e+01
   1.467642469239142e-02   2.991943980104757e+01
   1.480208668215413e-02   2.991806001613794e+01
   1.492882461077812e-02   2.991665669764673e+01
   1.505664769063090e-02   2.991522944758570e+01
   1.518556521295782e-02   2.991377786135292e+01
   1.531558654855742e-02   2.991230152762731e+01
   1.544672114846256e-02   2.991080002826088e+01
   1.557897854462743e-02   2.990927293817144e+01
   1.571236835062040e-02   2.990771982522903e+01
   1.584690026232279e-02   2.990614025014590e+01
   1.598258405863368e-02   2.990453376636310e+01
   1.611942960218073e-02   2.990289991993293e+01
   1.625744684003704e-02   2.990123824940323e+01
   1.639664580444420e-02   2.989954828570076e+01
   1.653703661354152e-02   2.989782955200492e+01
   1.667862947210152e-02   2.989608156363161e+01
   1.682143467227169e-02   2.989430382790576e+01
   1.696546259432255e-02   2.989249584403803e+01
   1.711072370740226e-02   2.989065710299408e+01
   1.725722857029758e-02   2.988878708736857e+01
   1.740498783220130e-02   2.988688527125348e+01
   1.755401223348645e-02   2.988495112010335e+01
   1.770431260648685e-02   2.988298409060415e+01
   1.785589987628462e-02   2.988098363053252e+01
   1.800878506150421e-02   2.987894917862064e+01
   1.816297927511338e-02   2.987688016441494e+01
   1.831849372523098e-02   2.987477600813386e+01
   1.847533971594162e-02   2.987263612052340e+01
   1.863352864811738e-02   2.987045990271167e+01
   1.879307202024647e-02   2.986824674606168e+01
   1.895398142926911e-02   2.986599603201819e+01
   1.911626857142044e-02   2.986370713196260e+01
   1.927994524308070e-02   2.986137940704991e+01
   1.944502334163270e-02   2.985901220806023e+01
   1.961151486632663e-02   2.985660487523826e+01
   1.977943191915224e-02   2.985415673813283e+01
   1.994878670571857e-02   2.985166711543476e+01
   2.011959153614107e-02   2.984913531481588e+01
   2.029185882593646e-02   2.984656063275773e+01
   2.046560109692519e-02   2.984394235438886e+01
   2.064083097814160e-02   2.984127975331095e+01
   2.081756120675196e-02   2.983857209142575e+01
   2.099580462898024e-02   2.983581861876696e+01
   2.117557420104193e-02   2.983301857331382e+01
   2.135688299008579e-02   2.983017118082165e+01
   2.153974417514366e-02   2.982727565463562e+01
   2.172417104808852e-02   2.982433119550922e+01
   2.191017701460047e-02   2.982133699141967e+01
   2.209777559514136e-02   2.981829221737893e+01
   2.228698042593744e-02   2.981519603524702e+01
   2.247780525997061e-02   2.981204759353851e+01
   2.267026396797808e-02   2.980884602722882e+01
   2.286437053946062e-02   2.980559045756007e+01
   2.306013908369947e-02   2.980227999184024e+01
   2.325758383078183e-02   2.979891372324550e+01
   2.345671913263530e-02   2.979549073061708e+01
   2.365755946407106e-02   2.979201007825649e+01
   2.386011942383605e-02   2.978847081571824e+01
   2.406441373567410e-02   2.978487197760428e+01
   2.427045724939619e-02   2.978121258334711e+01
   2.447826494195983e-02   2.977749163700443e+01
   2.468785191855775e-02   2.977370812703755e+01
   2.489923341371585e-02   2.976986102609684e+01
   2.511242479240059e-02   2.976594929080341e+01
   2.532744155113580e-02   2.976197186152629e+01
   2.554429931912915e-02   2.975792766215752e+01
   2.576301385940817e-02   2.975381559989154e+01
   2.598360106996604e-02   2.974963456499253e+01
   2.620607698491726e-02   2.974538343056980e+01
   2.643045777566302e-02   2.974106105234035e+01
   2.665675975206678e-02   2.973666626840315e+01
   2.688499936363974e-02   2.973219789899564e+01
   2.711519320073656e-02   2.972765474626440e+01
   2.734735799576128e-02   2.972303559402165e+01
   2.758151062438357e-02   2.971833920750591e+01
   2.781766810676537e-02   2.971356433313753e+01
   2.805584760879812e-02   2.970870969827953e+01
   2.829606644335041e-02   2.970377401098570e+01
   2.853834207152657e-02   2.969875595975765e+01
   2.878269210393576e-02   2.969365421329329e+01
   2.902913430197212e-02   2.968846742023763e+01
   2.927768657910579e-02   2.968319420893068e+01
   2.952836700218502e-02   2.967783318715290e+01
   2.978119379274947e-02   2.967238294187103e+01
   3.003618532835459e-02   2.966684203898275e+01
   3.029336014390754e-02   2.966120902305936e+01
   3.055273693301445e-02   2.965548241708628e+01
   3.081433454933918e-02   2.964966072220481e+01
   3.107817200797386e-02   2.964374241745212e+01
   3.134426848682094e-02   2.963772595949837e+01
   3.161264332798729e-02   2.963160978238610e+01
   3.188331603919013e-02   2.962539229726725e+01
   3.215630629517494e-02   2.961907189213987e+01
   3.243163393914574e-02   2.961264693158391e+01
   3.270931898420725e-02   2.960611575649790e+01
   3.298938161481984e-02   2.959947668383351e+01
   3.327184218826650e-02   2.959272800633103e+01
   3.355672123613269e-02   2.958586799225649e+01
   3.384403946579875e-02   2.957889488513490e+01
   3.413381776194498e-02   2.957180690348637e+01
   3.442607718806989e-02   2.956460224056352e+01
   3.472083898802109e-02   2.955727906408651e+01
   3.501812458753956e-02   2.954983551598167e+01
   3.531795559581708e-02   2.954226971211934e+01
   3.562035380706686e-02   2.953457974205040e+01
   3.592534120210784e-02   2.952676366875040e+01
   3.623293994996239e-02   2.951881952835730e+01
   3.654317240946769e-02   2.951074532991879e+01
   3.685606113090107e-02   2.950253905513185e+01
   3.717162885761900e-02   2.949419865809376e+01
   3.748989852771045e-02   2.948572206504904e+01
   3.781089327566405e-02   2.947710717413808e+01
   3.813463643404978e-02   2.946835185515566e+01
   3.846115153521504e-02   2.945945394930262e+01
   3.879046231299497e-02   2.945041126894658e+01
   3.912259270443787e-02   2.944122159738581e+01
   3.945756685154500e-02   2.943188268861141e+01
   3.979540910302540e-02   2.942239226708088e+01
   4.013614401606590e-02   2.941274802748747e+01
   4.047979635811593e-02   2.940294763454243e+01
   4.082639110868807e-02   2.939298872275206e+01
   4.117595346117355e-02   2.938286889620852e+01
   4.152850882467363e-02   2.937258572838000e+01
   4.188408282584657e-02   2.936213676190832e+01
   4.224270131077024e-02   2.935151950841359e+01
   4.260439034682104e-02   2.934073144829937e+01
   4.296917622456851e-02   2.932977003057342e+01
   4.333708545968644e-02   2.931863267266488e+01
   4.370814479488027e-02   2.930731676025711e+01
   4.408238120183083e-02   2.929581964712144e+01
   4.445982188315508e-02   2.928413865496394e+01
   4.484049427438326e-02   2.927227107327553e+01
   4.522442604595318e-02   2.926021415919496e+01
   4.561164510522156e-02   2.924796513737725e+01
   4.600217959849251e-02   2.923552119987467e+01
   4.639605791306357e-02   2.922287950602220e+01
   4.679330867928894e-02   2.921003718234089e+01
   4.719396077266073e-02   2.919699132244495e+01
   4.759804331590782e-02   2.918373898696311e+01
   4.800558568111268e-02   2.917027720347185e+01
   4.841661749184655e-02   2.915660296643666e+01
   4.883116862532251e-02   2.914271323717366e+01
   4.924926921456736e-02   2.912860494381440e+01
   4.967094965061186e-02   2.911427498129193e+01
   5.009624058469983e-02   2.909972021133650e+01
   5.052517293051623e-02   2.908493746248664e+01
   5.095777786643396e-02   2.906992353011668e+01
   5.139408683778050e-02   2.905467517647962e+01
   5.183413155912336e-02   2.903918913076072e+01
   5.227794401657548e-02   2.902346208915786e+01
   5.272555647012028e-02   2.900749071496863e+01
   5.317700145595636e-02   2.899127163870239e+01
   5.363231178886287e-02   2.897480145820570e+01
   5.409152056458442e-02   2.895807673881327e+01
   5.455466116223690e-02   2.894109401350828e+01
   5.502176724673387e-02   2.892384978311304e+01
   5.549287277123326e-02   2.890634051649463e+01
   5.596801197960580e-02   2.888856265079235e+01
   5.644721940892383e-02   2.887051259167010e+01
   5.693052989197182e-02   2.885218671358474e+01
   5.741797855977848e-02   2.883358136008870e+01
   5.790960084417003e-02   2.881469284414350e+01
   5.840543248034606e-02   2.879551744846756e+01
   5.890550950947678e-02   2.877605142590576e+01
   5.940986828132291e-02   2.875629099982363e+01
   5.991854545687795e-02   2.873623236452796e+01
   6.043157801103276e-02   2.871587168571961e+01
   6.094900323526354e-02   2.869520510096577e+01
   6.147085874034221e-02   2.867422872020840e+01
   6.199718245907038e-02   2.865293862629725e+01
   6.252801264903673e-02   2.863133087555395e+01
   6.306338789539757e-02   2.860940149836474e+01
   6.360334711368196e-02   2.858714649981091e+01
   6.414792955262004e-02   2.856456186032090e+01
   6.469717479699613e-02   2.854164353636247e+01
   6.525112277052621e-02   2.851838746116560e+01
   6.580981373875947e-02   2.849478954547913e+01
   6.637328831200570e-02   2.847084567836017e+01
   6.694158744828681e-02   2.844655172800272e+01
   6.751475245631404e-02   2.842190354259523e+01
   6.809282499849088e-02   2.839689695122117e+01
   6.867584709394101e-02   2.837152776479386e+01
   6.926386112156302e-02   2.834579177702449e+01
   6.985690982311060e-02   2.831968476543530e+01
   7.045503630629943e-02   2.829320249240729e+01
   7.105828404794075e-02   2.826634070626547e+01
   7.166669689710126e-02   2.823909514240808e+01
   7.228031907829091e-02   2.821146152446982e+01
   7.289919519467709e-02   2.818343556553364e+01
   7.352337023132702e-02   2.815501296937488e+01
   7.415288955847750e-02   2.812618943175157e+01
   7.478779893483284e-02   2.809696064173824e+01
   7.542814451089107e-02   2.806732228309634e+01
   7.607397283229836e-02   2.803727003569088e+01
   7.672533084323252e-02   2.800679957694947e+01
   7.738226588981516e-02   2.797590658336256e+01
   7.804482572355326e-02   2.794458673203046e+01
   7.871305850481027e-02   2.791283570225055e+01
   7.938701280630651e-02   2.788064917714783e+01
   8.006673761665015e-02   2.784802284535296e+01
   8.075228234389785e-02   2.781495240271914e+01
   8.144369681914634e-02   2.778143355408833e+01
   8.214103130015454e-02   2.774746201509507e+01
   8.284433647499659e-02   2.771303351401990e+01
   8.355366346574636e-02   2.767814379368166e+01
   8.426906383219342e-02   2.764278861337725e+01
   8.499058957559082e-02   2.760696375086006e+01
   8.571829314243513e-02   2.757066500436697e+01
   8.645222742827828e-02   2.753388819468127e+01
   8.719244578157298e-02   2.749662916724508e+01
   8.793900200755014e-02   2.745888379430576e+01
   8.869195037212996e-02   2.742064797711023e+01
   8.945134560586669e-02   2.738191764813484e+01
   9.021724290792635e-02   2.734268877335874e+01
   9.098969795009974e-02   2.730295735457408e+01
   9.176876688084859e-02   2.726271943173397e+01
   9.255450632938714e-02   2.722197108534201e+01
   9.334697340979850e-02   2.718070843887312e+01
   9.414622572518581e-02   2.713892766123220e+01
   9.495232137185985e-02   2.709662496924809e+01
   9.576531894356149e-02   2.705379663019826e+01
   9.658527753572096e-02   2.701043896436757e+01
   9.741225674975360e-02   2.696654834763806e+01
   9.824631669739162e-02   2.692212121410184e+01
   9.908751800505423e-02   2.687715405871151e+01
   9.993592181825396e-02   2.683164343994705e+01
   1.007915898060414e-01   2.678558598251340e+01
   1.016545841654878e-01   2.673897838005829e+01
   1.025249676262061e-01   2.669181739790867e+01
   1.034028034549107e-01   2.664409987583037e+01
   1.042881554600161e-01   2.659582273080111e+01
   1.051810879962749e-01   2.654698295979903e+01
   1.060816659694559e-01   2.649757764260427e+01
   1.069899548410621e-01   2.644760394460959e+01
   1.079060206330884e-01   2.639705911964075e+01
   1.088299299328213e-01   2.634594051278123e+01
   1.097617498976786e-01   2.629424556319867e+01
   1.107015482600910e-01   2.624197180697376e+01
   1.116493933324258e-01   2.618911687992619e+01
   1.126053540119519e-01   2.613567852043560e+01
   1.135694997858482e-01   2.608165457225393e+01
   1.145419007362543e-01   2.602704298730853e+01
   1.155226275453649e-01   2.597184182849161e+01
   1.165117515005671e-01   2.591604927243149e+01
   1.175093444996229e-01   2.585966361224518e+01
   1.185154790558946e-01   2.580268326027017e+01
   1.195302283036161e-01   2.574510675076609e+01
   1.205536660032085e-01   2.568693274259336e+01
   1.215858665466423e-01   2.562816002185181e+01
   1.226269049628443e-01   2.556878750449185e+01
   1.236768569231512e-01   2.550881423887980e+01
   1.247357987468107e-01   2.544823940832520e+01
   1.258038074065281e-01   2.538706233356222e+01
   1.268809605340622e-01   2.532528247517778e+01
   1.279673364258678e-01   2.526289943599436e+01
   1.290630140487868e-01   2.519991296338858e+01
   1.301680730457883e-01   2.513632295155787e+01
   1.312825937417581e-01   2.507212944372092e+01
   1.324066571493365e-01   2.500733263424944e+01
   1.335403449748081e-01   2.494193287073536e+01
   1.346837396240398e-01   2.487593065598272e+01
   1.358369242084716e-01   2.480932664992141e+01
   1.369999825511572e-01   2.474212167144342e+01
   1.381729991928574e-01   2.467431670015698e+01
   1.393560593981850e-01   2.460591287805048e+01
   1.405492491618026e-01   2.453691151107152e+01
   1.417526552146735e-01   2.446731407060938e+01
   1.429663650303657e-01   2.439712219488620e+01
   1.441904668314106e-01   2.432633769024493e+01
   1.454250495957158e-01   2.425496253233825e+01
   1.466702030630321e-01   2.418299886721420e+01
   1.479260177414773e-01   2.411044901229229e+01
   1.491925849141147e-01   2.403731545723100e+01
   1.504699966455884e-01   2.396360086468433e+01
   1.517583457888149e-01   2.388930807094136e+01
   1.530577259917336e-01   2.381444008645081e+01
   1.543682317041124e-01   2.373900009622665e+01
   1.556899581844143e-01   2.366299146013109e+01
   1.570230015067208e-01   2.358641771303732e+01
   1.583674585677157e-01   2.350928256486485e+01
   1.597234270937287e-01   2.343158990049071e+01
   1.610910056478382e-01   2.335334377953355e+01
   1.624702936370361e-01   2.327454843600560e+01
   1.638613913194537e-01   2.319520827784016e+01
   1.652643998116488e-01   2.311532788628374e+01
   1.666794210959564e-01   2.303491201515778e+01
   1.681065580279010e-01   2.295396558999073e+01
   1.695459143436730e-01   2.287249370701462e+01
   1.709975946676697e-01   2.279050163203147e+01
   1.724617045200996e-01   2.270799479914484e+01
   1.739383503246530e-01   2.262497880936071e+01
   1.754276394162375e-01   2.254145942905685e+01
   1.769296800487798e-01   2.245744258831843e+01
   1.784445814030951e-01   2.237293437914461e+01
   1.799724535948224e-01   2.228794105352642e+01
   1.815134076824298e-01   2.220246902139309e+01
   1.830675556752859e-01   2.211652484843401e+01
   1.846350105418024e-01   2.203011525379390e+01
   1.862158862176453e-01   2.194324710764439e+01
   1.878102976140167e-01   2.185592742863256e+01
   1.894183606260075e-01   2.176816338121139e+01
   1.910401921410218e-01   2.167996227285106e+01
   1.926759100472730e-01   2.159133155113614e+01
   1.943256332423529e-01   2.150227880074947e+01
   1.959894816418743e-01   2.141281174034747e+01
   1.976675761881875e-01   2.132293821932685e+01
   1.993600388591715e-01   2.123266621449009e+01
   2.010669926770998e-01   2.114200382660910e+01
   2.027885617175833e-01   2.105095927689278e+01
   2.045248711185889e-01   2.095954090336079e+01
   2.062760470895354e-01   2.086775715712832e+01
   2.080422169204681e-01   2.077561659860569e+01
   2.098235089913104e-01   2.068312789361415e+01
   2.116200527811962e-01   2.059029980942795e+01
   2.134319788778811e-01   2.049714121073951e+01
   2.152594189872348e-01   2.040366105555708e+01
   2.171025059428150e-01   2.030986839103749e+01
   2.189613737155218e-01   2.021577234926037e+01
   2.208361574233367e-01   2.012138214294317e+01
   2.227269933411440e-01   2.002670706110968e+01
   2.246340189106359e-01   1.993175646470842e+01
   2.265573727503036e-01   1.983653978219224e+01
   2.284971946655126e-01   1.974106650505921e+01
   2.304536256586652e-01   1.964534618336345e+01
   2.324268079394500e-01   1.954938842119684e+01
   2.344168849351781e-01   1.945320287214972e+01
   2.364240013012099e-01   1.935679923475392e+01
   2.384483029314682e-01   1.926018724791314e+01
   2.404899369690444e-01   1.916337668632459e+01
   2.425490518168932e-01   1.906637735589898e+01
   2.446257971486203e-01   1.896919908918144e+01
   2.467203239193617e-01   1.887185174077878e+01
   2.488327843767564e-01   1.877434518279827e+01
   2.509633320720128e-01   1.867668930030181e+01
   2.531121218710705e-01   1.857889398678033e+01
   2.552793099658568e-01   1.848096913965325e+01
   2.574650538856407e-01   1.838292465579590e+01
   2.596695125084826e-01   1.828477042710266e+01
   2.618928460727836e-01   1.818651633608468e+01
   2.641352161889322e-01   1.808817225151228e+01
   2.663967858510525e-01   1.798974802410053e+01
   2.686777194488507e-01   1.789125348224621e+01
   2.709781827795660e-01   1.779269842781730e+01
   2.732983430600202e-01   1.769409263199976e+01
   2.756383689387737e-01   1.759544583120463e+01
   2.779984305083841e-01   1.749676772303980e+01
   2.803786993177694e-01   1.739806796234744e+01
   2.827793483846786e-01   1.729935615731360e+01
   2.852005522082667e-01   1.720064186564965e+01
   2.876424867817799e-01   1.710193459085077e+01
   2.901053296053480e-01   1.700324377853253e+01
   2.925892596988858e-01   1.690457881284895e+01
   2.950944576151073e-01   1.680594901299499e+01
   2.976211054526481e-01   1.670736362979359e+01
   3.001693868693031e-01   1.660883184237215e+01
   3.027394870953755e-01   1.651036275492770e+01
   3.053315929471410e-01   1.641196539358466e+01
   3.079458928404282e-01   1.631364870334535e+01
   3.105825768043124e-01   1.621542154513535e+01
   3.132418364949299e-01   1.611729269294531e+01
   3.159238652094086e-01   1.601927083106906e+01
   3.186288578999185e-01   1.592136455144081e+01
   3.213570111878430e-01   1.582358235107102e+01
   3.241085233780698e-01   1.572593262958245e+01
   3.268835944734066e-01   1.562842368684523e+01
   3.296824261891180e-01   1.553106372071444e+01
   3.325052219675885e-01   1.543386082486769e+01
   3.353521869931098e-01   1.533682298674380e+01
   3.382235282067964e-01   1.523995808558312e+01
   3.411194543216262e-01   1.514327389056856e+01
   3.440401758376129e-01   1.504677805906787e+01
   3.469859050571060e-01   1.495047813497592e+01
   3.499568561002229e-01   1.485438154715693e+01
   3.529532449204139e-01   1.475849560798664e+01
   3.559752893201578e-01   1.466282751199247e+01
   3.590232089667947e-01   1.456738433459196e+01
   3.620972254084932e-01   1.447217303092799e+01
   3.651975620903538e-01   1.437720043479981e+01
   3.683244443706516e-01   1.428247325768927e+01
   3.714780995372165e-01   1.418799808788003e+01
   3.746587568239546e-01   1.409378138966970e+01
   3.778666474275106e-01   1.399982950267263e+01
   3.811020045240737e-01   1.390614864121223e+01
   3.843650632863266e-01   1.381274489380149e+01
   3.876560609005392e-01   1.371962422270985e+01
   3.909752365838096e-01   1.362679246361487e+01
   3.943228316014530e-01   1.353425532533708e+01
   3.976990892845378e-01   1.344201838965622e+01
   4.011042550475741e-01   1.335008711120708e+01
   4.045385764063515e-01   1.325846681745310e+01
   4.080023029959309e-01   1.316716270873583e+01
   4.114956865887903e-01   1.307617985839848e+01
   4.150189811131255e-01   1.298552321298146e+01
   4.185724426713074e-01   1.289519759248788e+01
   4.221563295584989e-01   1.280520769071729e+01
   4.257709022814281e-01   1.271555807566565e+01
   4.294164235773256e-01   1.262625318998882e+01
   4.330931584330216e-01   1.253729735152867e+01
   4.368013741042076e-01   1.244869475389873e+01
   4.405413401348633e-01   1.236044946712800e+01
   4.443133283768482e-01   1.227256543836048e+01
   4.481176130096630e-01   1.218504649260860e+01
   4.519544705603785e-01   1.209789633355832e+01
   4.558241799237365e-01   1.201111854442396e+01
   4.597270223824225e-01   1.192471658885083e+01
   4.636632816275103e-01   1.183869381186327e+01
   4.676332437790844e-01   1.175305344085669e+01
   4.716371974070367e-01   1.166779858663081e+01
   4.756754335520427e-01   1.158293224446310e+01
   4.797482457467169e-01   1.149845729521950e+01
   4.838559300369484e-01   1.141437650650138e+01
   4.879987850034206e-01   1.133069253382597e+01
   4.921771117833145e-01   1.124740792183917e+01
   4.963912140921973e-01   1.116452510555851e+01
   5.006413982461003e-01   1.108204641164420e+01
   5.049279731837828e-01   1.099997405969720e+01
   5.092512504891895e-01   1.091831016358178e+01
   5.136115444140986e-01   1.083705673277139e+01
   5.180091719009640e-01   1.075621567371597e+01
   5.224444526059544e-01   1.067578879122882e+01
   5.269177089221871e-01   1.059577778989199e+01
   5.314292660031632e-01   1.051618427547808e+01
   5.359794517864021e-01   1.043700975638704e+01
   5.405685970172784e-01   1.035825564509677e+01
   5.451970352730643e-01   1.027992325962557e+01
   5.455506925921418e-01   1.027398257792508e+01
   5.498651029871759e-01   1.020201382500552e+01
   5.545731394736281e-01   1.012452847476498e+01
   5.593214869516986e-01   1.004746825241919e+01
   5.641104905708039e-01   9.970834112967466e+00
   5.689404984355866e-01   9.894626924395899e+00
   5.738118616312201e-01   9.818847469184085e+00
   5.787249342489269e-01   9.743496445815065e+00
   5.836800734117173e-01   9.668574470286940e+00
   5.886776393003487e-01   9.594082077625425e+00
   5.937179951795052e-01   9.520019723396016e+00
   5.988015074242048e-01   9.446387785214837e+00
   6.039285455464284e-01   9.373186564257223e+00
   6.090994822219804e-01   9.300416286763062e+00
   6.143146933175773e-01   9.228077105537986e+00
   6.195745579181683e-01   9.156169101449501e+00
   6.248794583544927e-01   9.084692284917299e+00
   6.302297802308675e-01   9.013646597396924e+00
   6.356259124532189e-01   8.943031912856007e+00
   6.410682472573499e-01   8.872848039242371e+00
   6.465571802374516e-01   8.803094719943322e+00
   6.520931103748594e-01   8.733771635235422e+00
   6.576764400670521e-01   8.664878403724201e+00
   6.633075751569031e-01   8.596414583773129e+00
   6.689869249621800e-01   8.528379674921378e+00
   6.703200460356412e-01   8.512555170815139e+00
   6.747149023052970e-01   8.460773119289737e+00
   6.804919235433230e-01   8.393594302974298e+00
   6.863184085982451e-01   8.326842557427375e+00
   6.921947809874921e-01   8.260517160825231e+00
   6.981214678547197e-01   8.194617339422219e+00
   7.040989000008587e-01   8.129142268890925e+00
   7.101275119154286e-01   8.064091075648017e+00
   7.162077418081215e-01   7.999462838165380e+00
   7.223400316406530e-01   7.935256588266292e+00
   7.285248271588884e-01   7.871471312406397e+00
   7.347625779252438e-01   7.808105952939119e+00
   7.410537373513624e-01   7.745159409365361e+00
   7.473987627310751e-01   7.682630539567250e+00
   7.537981152736370e-01   7.620518161025747e+00
   7.602522601372544e-01   7.558821052021966e+00
   7.667616664628953e-01   7.497537952821989e+00
   7.733268074083903e-01   7.436667566845161e+00
   7.799481601828274e-01   7.376208561815609e+00
   7.866262060812368e-01   7.316159570897087e+00
   7.933614305195774e-01   7.256519193810806e+00
   8.001543230700202e-01   7.197285997936494e+00
   8.070053774965341e-01   7.138458519396392e+00
   8.139150917907787e-01   7.080035264122236e+00
   8.208839682082996e-01   7.022014708905339e+00
   8.279125133050385e-01   6.964395302429565e+00
   8.350012379741530e-01   6.907175466287333e+00
   8.421506574831530e-01   6.850353595978691e+00
   8.493612915113553e-01   6.793928061893364e+00
   8.566336641876567e-01   6.737897210276036e+00
   8.639683041286328e-01   6.682259364174754e+00
   8.713657444769625e-01   6.627012824372535e+00
   8.788265229401804e-01   6.572155870302406e+00
   8.863511818297640e-01   6.517686760945752e+00
   8.939402681005504e-01   6.463603735714269e+00
   9.015943333904953e-01   6.409905015315522e+00
   9.093139340607710e-01   6.356588802602175e+00
   9.170996312362057e-01   6.303653283405193e+00
   9.249519908460724e-01   6.251096627350931e+00
   9.328715836652249e-01   6.198916988662409e+00
   9.408589853555859e-01   6.147112506944838e+00
   9.489147765079911e-01   6.095681307955541e+00
   9.570395426843916e-01   6.044621504358452e+00
   9.652338744604171e-01   5.993931196463341e+00
   9.734983674683052e-01   5.943608472949887e+00
   9.801986733067528e-01   5.903388240243221e+00
   9.818336224401947e-01   5.893651411576819e+00
   9.902402452517931e-01   5.844058079876284e+00
   9.987188469664167e-01   5.794826535833561e+00
   1.007270043879407e+00   5.745954828552351e+00
   1.015894457562931e+00   5.697440998905787e+00
   1.024592714911155e+00   5.649283080173399e+00
   1.033365448185824e+00   5.601479098664103e+00
   1.042213295062209e+00   5.554027074325544e+00
   1.051136898675461e+00   5.506925021339815e+00
   1.060136907667369e+00   5.460170948705910e+00
   1.069213976233490e+00   5.413762860808945e+00
   1.078368764170722e+00   5.367698757976397e+00
   1.087601936925249e+00   5.321976637021589e+00
   1.096914165640915e+00   5.276594491774566e+00
   1.106306127208013e+00   5.231550313600476e+00
   1.115778504312479e+00   5.186842091905832e+00
   1.125331985485523e+00   5.142467814632613e+00
   1.134967265153673e+00   5.098425468740606e+00
   1.144685043689251e+00   5.054713040677995e+00
   1.154486027461285e+00   5.011328516840492e+00
   1.164370928886851e+00   4.968269884019176e+00
   1.174340466482858e+00   4.925535129837158e+00
   1.184395364918280e+00   4.883122243175327e+00
   1.194536355066822e+00   4.841029214587363e+00
   1.204764174060055e+00   4.799254036704069e+00
   1.215079565340991e+00   4.757794704627380e+00
   1.225483278718126e+00   4.716649216314063e+00
   1.235976070419942e+00   4.675815572949375e+00
   1.246558703149872e+00   4.635291779310816e+00
   1.257231946141747e+00   4.595075844122131e+00
   1.267996575215701e+00   4.555165780397741e+00
   1.278853372834572e+00   4.515559605777778e+00
   1.289803128160777e+00   4.476255342853834e+00
   1.300846637113667e+00   4.437251019485655e+00
   1.311984702427393e+00   4.398544669108840e+00
   1.323218133709245e+00   4.360134331033803e+00
   1.334547747498509e+00   4.322018050736024e+00
   1.345974367325812e+00   4.284193880137880e+00
   1.357498823772990e+00   4.246659877882016e+00
   1.369121954533461e+00   4.209414109596598e+00
   1.380844604473106e+00   4.172454648152415e+00
   1.392667625691697e+00   4.135779573912037e+00
   1.404591877584820e+00   4.099386974971203e+00
   1.416618226906351e+00   4.063274947392416e+00
   1.428747547831458e+00   4.027441595431069e+00
   1.440980722020139e+00   3.991885031754076e+00
   1.453318638681316e+00   3.956603377651119e+00
   1.465762194637461e+00   3.921594763238782e+00
   1.478312294389792e+00   3.886857327657469e+00
   1.490969850184019e+00   3.852389219261394e+00
   1.503735782076645e+00   3.818188595801626e+00
   1.516611018001857e+00   3.784253624602370e+00
   1.529596493838962e+00   3.750582482730529e+00
   1.542693153480428e+00   3.717173357158662e+00
   1.555901948900485e+00   3.684024444921439e+00
   1.569223840224321e+00   3.651133953265696e+00
   1.582659795797882e+00   3.618500099794079e+00
   1.596210792258246e+00   3.586121112602531e+00
   1.609877814604626e+00   3.553995230411522e+00
   1.623661856269961e+00   3.522120702691234e+00
   1.637563919193123e+00   3.490495789780711e+00
   1.651585013891761e+00   3.459118763001017e+00
   1.665726159535733e+00   3.427987904762606e+00
   1.679988384021208e+00   3.397101508666761e+00
   1.694372724045369e+00   3.366457879601354e+00
   1.708880225181771e+00   3.336055333830912e+00
   1.723511941956350e+00   3.305892199081023e+00
   1.738268937924059e+00   3.275966814617176e+00
   1.753152285746195e+00   3.246277531318069e+00
   1.768163067268355e+00   3.216822711743480e+00
   1.783302373599075e+00   3.187600730196686e+00
   1.798571305189152e+00   3.158609972781516e+00
   1.813970971911616e+00   3.129848837454089e+00
   1.829502493142422e+00   3.101315734069266e+00
   1.845166997841806e+00   3.073009084421842e+00
   1.860965624636347e+00   3.044927322282605e+00
   1.876899521901739e+00   3.017068893429144e+00
   1.892969847846252e+00   2.989432255671644e+00
   1.909177770594936e+00   2.962015878873500e+00
   1.925524468274521e+00   2.934818244966975e+00
   1.942011129099046e+00   2.907837847963805e+00
   1.958638951456247e+00   2.881073193960826e+00
   1.975409143994647e+00   2.854522801140710e+00
   1.992322925711422e+00   2.828185199767745e+00
   2.009381526041008e+00   2.802058932178788e+00
   2.026586184944456e+00   2.776142552769373e+00
   2.043938152999576e+00   2.750434627974999e+00
   2.061438691491828e+00   2.724933736247702e+00
   2.079089072506012e+00   2.699638468027837e+00
   2.096890579018730e+00   2.674547425711207e+00
   2.114844504991639e+00   2.649659223611533e+00
   2.132952155465516e+00   2.624972487918273e+00
   2.151214846655107e+00   2.600485856649883e+00
   2.169633906044816e+00   2.576197979602525e+00
   2.188210672485187e+00   2.552107518294273e+00
   2.206946496290219e+00   2.528213145904847e+00
   2.225842739335534e+00   2.504513547210937e+00
   2.244900775157349e+00   2.481007418517153e+00
   2.264121989052337e+00   2.457693467582637e+00
   2.283507778178302e+00   2.434570413543416e+00
   2.303059551655752e+00   2.411636986830505e+00
   2.322778730670320e+00   2.388891929083851e+00
   2.342666748576060e+00   2.366333993062173e+00
   2.362725050999649e+00   2.343961942548711e+00
   2.382955095945454e+00   2.321774552253019e+00
   2.403358353901523e+00   2.299770607708790e+00
   2.423936307946467e+00   2.277948905167842e+00
   2.444690453857257e+00   2.256308251490323e+00
   2.465622300217964e+00   2.234847464031148e+00
   2.486733368529397e+00   2.213565370522856e+00
   2.508025193319716e+00   2.192460808954865e+00
   2.529499322255966e+00   2.171532627449275e+00
   2.551157316256567e+00   2.150779684133273e+00
   2.573000749604794e+00   2.130200847008245e+00
   2.595031210063184e+00   2.109794993815687e+00
   2.617250298988970e+00   2.089561011900029e+00
   2.639659631450474e+00   2.069497798068428e+00
   2.662260836344491e+00   2.049604258447721e+00
   2.685055556514713e+00   2.029879308338542e+00
   2.708045448871123e+00   2.010321872066826e+00
   2.731232184510451e+00   1.990930882832718e+00
   2.754617448837633e+00   1.971705282557099e+00
   2.778202941688316e+00   1.952644021725789e+00
   2.801990377452436e+00   1.933746059231580e+00
   2.825981485198803e+00   1.915010362214254e+00
   2.850178008800818e+00   1.896435905898675e+00
   2.874581707063211e+00   1.878021673431140e+00
   2.899194353849883e+00   1.859766655714124e+00
   2.924017738212867e+00   1.841669851239526e+00
   2.949053664522341e+00   1.823730265920635e+00
   2.974303952597814e+00   1.805946912922910e+00
   2.999770437840390e+00   1.788318812493755e+00
   3.025454971366173e+00   1.770844991791462e+00
   3.051359420140844e+00   1.753524484713444e+00
   3.077485667115344e+00   1.736356331723970e+00
   3.103835611362760e+00   1.719339579681524e+00
   3.130411168216360e+00   1.702473281665981e+00
   3.157214269408804e+00   1.685756496805789e+00
   3.184246863212582e+00   1.669188290105253e+00
   3.211510914581603e+00   1.652767732272199e+00
   3.239008405294050e+00   1.636493899546102e+00
   3.266741334096419e+00   1.620365873526899e+00
   3.294711716848796e+00   1.604382741004652e+00
   3.322921586671410e+00   1.588543593790232e+00
   3.351372994092390e+00   1.572847528547197e+00
   3.380068007196840e+00   1.557293646625050e+00
   3.409008711777149e+00   1.541881053894030e+00
   3.438197211484601e+00   1.526608860581645e+00
   3.467635627982303e+00   1.511476181111059e+00
   3.497326101099383e+00   1.496482133941577e+00
   3.527270788986551e+00   1.481625841411326e+00
   3.557471868272962e+00   1.466906429582351e+00
   3.587931534224424e+00   1.452323028088256e+00
   3.618652000902986e+00   1.437874769984550e+00
   3.649635501327854e+00   1.423560791601901e+00
   3.680884287637729e+00   1.409380232402365e+00
   3.712400631254483e+00   1.395332234838845e+00
   3.744186823048292e+00   1.381415944217821e+00
   3.776245173504144e+00   1.367630508565578e+00
   3.808578012889770e+00   1.353975078498021e+00
   3.841187691425059e+00   1.340448807094205e+00
   3.874076579452857e+00   1.327050849773751e+00
   3.907247067611292e+00   1.313780364178210e+00
   3.940701567007533e+00   1.300636510056532e+00
   3.974442509393037e+00   1.287618449154741e+00
   4.008472347340338e+00   1.274725345109899e+00
   4.042793554421290e+00   1.261956363348481e+00
   4.077408625386890e+00   1.249310670989237e+00
   4.112320076348609e+00   1.236787436750619e+00
   4.147530444961270e+00   1.224385830862875e+00
   4.183042290607538e+00   1.212105024984830e+00
   4.218858194583920e+00   1.199944192125484e+00
   4.254980760288422e+00   1.187902506570408e+00
   4.291412613409784e+00   1.175979143813041e+00
   4.328156402118310e+00   1.164173280490901e+00
   4.365214797258401e+00   1.152484094326741e+00
   4.402590492542652e+00   1.140910764074690e+00
   4.440286204747688e+00   1.129452469471372e+00
   4.478304673911626e+00   1.118108391192030e+00
   4.516648663533233e+00   1.106877710811661e+00
   4.555320960772828e+00   1.095759610771117e+00
   4.594324376654846e+00   1.084753274348213e+00
   4.633661746272192e+00   1.073857885633768e+00
   4.673335928992307e+00   1.063072629512582e+00
   4.713349808665001e+00   1.052396691649310e+00
   4.753706293832102e+00   1.041829258479158e+00
   4.794408317938839e+00   1.031369517203397e+00
   4.835458839547100e+00   1.021016655789589e+00
   4.876860842550476e+00   1.010769862976498e+00
   4.918617336391133e+00   1.000628328283589e+00
   4.960731356278601e+00   9.905912420250411e-01
   5.003205963410363e+00   9.806577953282065e-01
   5.046044245194393e+00   9.708271801563950e-01
   5.089249315473571e+00   9.610985893359141e-01
   5.132824314752001e+00   9.514712165872483e-01
   5.176772410423323e+00   9.419442565602696e-01
   5.221096797000914e+00   9.325169048733755e-01
   5.265800696350117e+00   9.231883581564236e-01
   5.310887357922421e+00   9.139578140973545e-01
   5.356360058991646e+00   9.048244714923704e-01
   5.402222104892197e+00   8.957875302995286e-01
   5.448476829259279e+00   8.868461916956427e-01
   5.495127594271255e+00   8.779996581363220e-01
   5.542177790894014e+00   8.692471334190377e-01
   5.589630839127447e+00   8.605878227490525e-01
   5.637490188254074e+00   8.520209328080794e-01
   5.685759317089722e+00   8.435456718255209e-01
   5.734441734236435e+00   8.351612496521321e-01
   5.783540978337492e+00   8.268668778359709e-01
   5.833060618334609e+00   8.186617697004752e-01
   5.883004253727394e+00   8.105451404245074e-01
   5.933375514834951e+00   8.025162071242368e-01
   5.984178063059791e+00   7.945741889366779e-01
   6.035415591153970e+00   7.867183071047557e-01
   6.087091823487477e+00   7.789477850637365e-01
   6.139210516319006e+00   7.712618485288618e-01
   6.191775458068933e+00   7.636597255840619e-01
   6.244790469594749e+00   7.561406467715658e-01
   6.298259404468735e+00   7.487038451822904e-01
   6.352186149258118e+00   7.413485565468412e-01
   6.406574623807561e+00   7.340740193269905e-01
   6.461428781524069e+00   7.268794748074928e-01
   6.516752609664403e+00   7.197641671880854e-01
   6.572550129624850e+00   7.127273436755598e-01
   6.628825397233585e+00   7.057682545757396e-01
   6.685582503045455e+00   6.988861533852661e-01
   6.742825572639301e+00   6.920802968830437e-01
   6.800558766917882e+00   6.853499452212211e-01
   6.858786282410270e+00   6.786943620156030e-01
   6.917512351576940e+00   6.721128144353564e-01
   6.976741243117397e+00   6.656045732919110e-01
   7.036477262280439e+00   6.591689131269475e-01
   7.096724751177151e+00   6.528051122993487e-01
   7.157488089096464e+00   6.465124530710437e-01
   7.218771692823535e+00   6.402902216916155e-01
   7.280580016960766e+00   6.341377084816076e-01
   7.342917554251586e+00   6.280542079144286e-01
   7.405788835907069e+00   6.220390186967668e-01
   7.469198431935245e+00   6.160914438474511e-01
   7.533150951473334e+00   6.102107907746706e-01
   7.597651043122753e+00   6.043963713514870e-01
   7.662703395286998e+00   5.986475019895846e-01
   7.728312736512487e+00   5.929635037111733e-01
   7.794483835832206e+00   5.873437022190208e-01
   7.861221503112417e+00   5.817874279645310e-01
   7.928530589402261e+00   5.762940162138440e-01
   7.996415987286341e+00   5.708628071119084e-01
   8.064882631240419e+00   5.654931457444770e-01
   8.133935497990025e+00   5.601843821980143e-01
   8.203579606872266e+00   5.549358716174616e-01
   8.273820020200645e+00   5.497469742618555e-01
   8.344661843633018e+00   5.446170555577644e-01
   8.416110226542758e+00   5.395454861505312e-01
   8.488170362393001e+00   5.345316419533129e-01
   8.560847489114202e+00   5.295749041938997e-01
   8.634146889484850e+00   5.246746594593138e-01
   8.708073891515433e+00   5.198302997381901e-01
   8.782633868835788e+00   5.150412224609260e-01
   8.857832241085628e+00   5.103068305376280e-01
   8.933674474308553e+00   5.056265323938403e-01
   9.010166081349334e+00   5.009997420040867e-01
   9.087312622254609e+00   4.964258789232353e-01
   9.165119704677100e+00   4.919043683156927e-01
   9.243592984283143e+00   4.874346409824736e-01
   9.322738165163862e+00   4.830161333861430e-01
   9.402561000249758e+00   4.786482876736808e-01
   9.483067291728847e+00   4.743305516972863e-01
   9.564262891468488e+00   4.700623790331527e-01
   9.646153701440658e+00   4.658432289982589e-01
   9.728745674151035e+00   4.616725666652001e-01
   9.812044813071637e+00   4.575498628751091e-01
   9.896057173077176e+00   4.534745942487025e-01
   9.980788860885255e+00   4.494462431954924e-01
   1.006624603550016e+01   4.454642979212203e-01
   1.015243490866064e+01   4.415282524335429e-01
   1.023936174529138e+01   4.376376065460333e-01
   1.032703286395834e+01   4.337918658805409e-01
   1.041545463732817e+01   4.299905418679555e-01
   1.050463349263129e+01   4.262331517474423e-01
   1.059457591212917e+01   4.225192185641851e-01
   1.068528843358545e+01   4.188482711657079e-01
   1.077677765074124e+01   4.152198441968183e-01
   1.086905021379432e+01   4.116334780932375e-01
   1.096211282988257e+01   4.080887190739746e-01
   1.105597226357153e+01   4.045851191324945e-01
   1.115063533734602e+01   4.011222360267566e-01
   1.124610893210617e+01   3.976996332681644e-01
   1.134239998766750e+01   3.943168801095013e-01
   1.143951550326536e+01   3.909735515319107e-01
   1.153746253806376e+01   3.876692282309755e-01
   1.163624821166841e+01   3.844034966019715e-01
   1.173587970464428e+01   3.811759487243444e-01
   1.183636425903756e+01   3.779861823454863e-01
   1.193770917890199e+01   3.748338008638661e-01
   1.203992183082990e+01   3.717184133115808e-01
   1.214300964448753e+01   3.686396343363965e-01
   1.224698011315522e+01   3.655970841833333e-01
   1.235184079427201e+01   3.625903886758721e-01
   1.245759930998497e+01   3.596191791968382e-01
   1.256426334770329e+01   3.566830926690311e-01
   1.267184066065700e+01   3.537817715356687e-01
   1.278033906846062e+01   3.509148637407061e-01
   1.288976645768148e+01   3.480820227091010e-01
   1.300013078241300e+01   3.452829073270907e-01
   1.311144006485291e+01   3.425171819225443e-01
   1.322370239588630e+01   3.397845162454641e-01
   1.333692593567378e+01   3.370845854486959e-01
   1.345111891424462e+01   3.344170700689248e-01
   1.356628963209492e+01   3.317816560080198e-01
   1.368244646079109e+01   3.291780345147948e-01
   1.379959784357821e+01   3.266059021672644e-01
   1.391775229599387e+01   3.240649608554537e-01
   1.403691840648711e+01   3.215549177648415e-01
   1.415710483704266e+01   3.190754853605073e-01
   1.427832032381066e+01   3.166263813720501e-01
   1.440057367774157e+01   3.142073287793610e-01
   1.452387378522671e+01   3.118180557993153e-01
   1.464822960874416e+01   3.094582958734678e-01
   1.477365018751019e+01   3.071277876568261e-01
   1.490014463813639e+01   3.048262750077759e-01
   1.502772215529225e+01   3.025535069792482e-01
   1.515639201237359e+01   3.003092378111992e-01
   1.528616356217659e+01   2.980932269244964e-01
   1.541704623757757e+01   2.959052389162908e-01
   1.554904955221879e+01   2.937450435569631e-01
   1.568218310119980e+01   2.916124157887385e-01
   1.581645656177507e+01   2.895071357260559e-01
   1.595187969405733e+01   2.874289886577941e-01
   1.608846234172694e+01   2.853777650514490e-01
   1.622621443274759e+01   2.833532605593619e-01
   1.636514598008775e+01   2.813552760271094e-01
   1.650526708244867e+01   2.793836175041567e-01
   1.664658792499834e+01   2.774380962568933e-01
   1.678911878011182e+01   2.755185287841623e-01
   1.693287000811800e+01   2.736247368354073e-01
   1.707785205805257e+01   2.717565474315639e-01
   1.722407546841768e+01   2.699137928888233e-01
   1.737155086794781e+01   2.680963108454116e-01
   1.752028897638249e+01   2.663039442915198e-01
   1.767030060524544e+01   2.645365416025400e-01
   1.782159665863039e+01   2.627939565757640e-01
   1.797418813399381e+01   2.610760484707025e-01
   1.812808612295414e+01   2.593826820532050e-01
   1.828330181209817e+01   2.577137276435522e-01
   1.843984648379411e+01   2.560690611687182e-01
   1.859773151701161e+01   2.544485642189953e-01
   1.875696838814904e+01   2.528521241091938e-01
   1.891756867186751e+01   2.512796339446384e-01
   1.907954404193239e+01   2.497309926921901e-01
   1.924290627206175e+01   2.482061052565437e-01
   1.940766723678213e+01   2.467048825620562e-01
   1.957383891229184e+01   2.452272416403812e-01
   1.974143337733130e+01   2.437731057241995e-01
   1.991046281406117e+01   2.423424043473500e-01
   2.008093950894780e+01   2.409350734516874e-01
   2.025287585365627e+01   2.395510555010088e-01
   2.042628434595121e+01   2.381902996024127e-01
   2.060117759060511e+01   2.368527616354796e-01
   2.077756830031469e+01   2.355384043896797e-01
   2.095546929662491e+01   2.342471977104490e-01
   2.113489351086084e+01   2.329791186543921e-01
   2.131585398506780e+01   2.317341516541056e-01
   2.149836387295920e+01   2.305122886931489e-01
   2.168243644087277e+01   2.293135294917152e-01
   2.186808506873486e+01   2.281378817036029e-01
   2.205532325103288e+01   2.269853611251179e-01
   2.224416459779641e+01   2.258559919165835e-01
   2.243462283558625e+01   2.247498068371814e-01
   2.262671180849238e+01   2.236668474938934e-01
   2.282044547914016e+01   2.226071646053673e-01
   2.301583792970522e+01   2.215708182815911e-01
   2.321290336293723e+01   2.205578783203130e-01
   2.341165610319203e+01   2.195684245212232e-01
   2.361211059747308e+01   2.186025470189714e-01
   2.381428141648147e+01   2.176603466361868e-01
   2.401818325567501e+01   2.167419352577373e-01
   2.422383093633653e+01   2.158474362275660e-01
   2.443123940665106e+01   2.149769847695384e-01
   2.464042374279256e+01   2.141307284338381e-01
   2.485139915001971e+01   2.133088275705701e-01
   2.506418096378104e+01   2.125114558323542e-01
   2.527878465082986e+01   2.117388007078254e-01
   2.549522581034829e+01   2.109910640881151e-01
   2.571352017508132e+01   2.102684628685394e-01
   2.593368361248033e+01   2.095712295879061e-01
   2.615573212585635e+01   2.088996131080380e-01
   2.637968185554356e+01   2.082538793363245e-01
   2.660554908007224e+01   2.076343119943423e-01
   2.683335021735225e+01   2.070412134358322e-01
   2.706310182586630e+01   2.064749055176010e-01
   2.729482060587354e+01   2.059357305272105e-01
   2.752852340062358e+01   2.054240521716474e-01
   2.776422719758068e+01   2.049402566315300e-01
   2.800194912965862e+01   2.044847536857987e-01
   2.824170647646608e+01   2.040579779122786e-01
   2.848351666556253e+01   2.036603899699753e-01
   2.872739727372520e+01   2.032924779694943e-01
   2.897336602822653e+01   2.029547589385557e-01
   2.922144080812288e+01   2.026477803902144e-01
   2.947163964555400e+01   2.023721220021061e-01
   2.972398072705389e+01   2.021283974158178e-01
   2.997848239487266e+01   2.019172561663532e-01
   3.023516314830976e+01   2.017393857526183e-01
   3.049404164505881e+01   2.015955138609205e-01
   3.075513670256361e+01   2.014864107546574e-01
   3.101846729938612e+01   2.014128918446873e-01
   3.128405257658592e+01   2.013758204563408e-01
   3.155191183911140e+01   2.013761108106671e-01
   3.182206455720330e+01   2.014147312393348e-01
   3.209453036780964e+01   2.014927076546516e-01
   3.236932907601336e+01   2.016111272984489e-01
   3.264648065647184e+01   2.017711427961481e-01
   3.292600525486866e+01   2.019739765452023e-01
   3.320792318937824e+01   2.022209254703467e-01
   3.349225495214248e+01   2.025133661817439e-01
   3.377902121076048e+01   2.028527605762262e-01
   3.406824280979078e+01   2.032406619264940e-01
   3.435994077226638e+01   2.036787215083963e-01
   3.465413630122314e+01   2.041686958224011e-01
   3.495085078124069e+01   2.047124544721461e-01
   3.525010577999709e+01   2.053119887706955e-01
   3.555192304983646e+01   2.059694211539334e-01
   3.585632452935000e+01   2.066870154905968e-01
   3.616333234497090e+01   2.074671883899752e-01
   3.647296881258245e+01   2.083125216215196e-01
   3.678525643914031e+01   2.092257757758070e-01
   3.710021792430847e+01   2.102099053138051e-01
   3.741787616210908e+01   2.112680751716000e-01
   3.773825424258690e+01   2.124036791111361e-01
   3.806137545348731e+01   2.136203600346473e-01
   3.838726328194937e+01   2.149220325120103e-01
   3.871594141621295e+01   2.163129078070246e-01
   3.904743374734041e+01   2.177975217316052e-01
   3.938176437095356e+01   2.193807657072566e-01
   3.971895758898476e+01   2.210679214723791e-01
   4.005903791144365e+01   2.228646999437443e-01
   4.040203005819870e+01   2.247772848229330e-01
   4.074795896077385e+01   2.268123816363199e-01
   4.109684976416107e+01   2.289772730135107e-01
   4.144872782864775e+01   2.312798811479297e-01
   4.180361873166045e+01   2.337288385495040e-01
   4.216154826962386e+01   2.363335683991198e-01
   4.252254245983585e+01   2.391043760554829e-01
   4.288662754235890e+01   2.420525535567185e-01
   4.325382998192708e+01   2.451904993136329e-01
   4.362417646987004e+01   2.485318556243737e-01
   4.399769392605307e+01   2.520916671707174e-01
   4.437440950083365e+01   2.558865643094244e-01
   4.475435057703535e+01   2.599349757800514e-01
   4.513754477193783e+01   2.642573764548270e-01
   4.552401993928464e+01   2.688765770106663e-01
   4.591380417130770e+01   2.738180639786086e-01
   4.630692580076919e+01   2.791104006148864e-01
   4.670341340302124e+01   2.847857015633874e-01
   4.710329579808278e+01   2.908801975054587e-01
   4.750660205273462e+01   2.974349101400484e-01
   4.791336148263222e+01   3.044964632027203e-01
   4.832360365443640e+01   3.121180622219958e-01
   4.873735838796285e+01   3.203606848830721e-01
   4.915465575834928e+01   3.292945359943578e-01
   4.957552609824192e+01   3.390008372106218e-01
   4.999999999999999e+01   3.495740433798548e-01
