0.010000	-90.296028
0.010155	-90.300615
0.010312	-90.305273
0.010472	-90.310003
0.010634	-90.314806
0.010799	-90.319684
0.010966	-90.324638
0.011136	-90.329668
0.011309	-90.334776
0.011484	-90.339964
0.011662	-90.345231
0.011843	-90.350581
0.012026	-90.356013
0.012213	-90.361529
0.012402	-90.367131
0.012594	-90.372820
0.012789	-90.378597
0.012987	-90.384463
0.013189	-90.390420
0.013393	-90.396470
0.013601	-90.402613
0.013811	-90.408852
0.014025	-90.415187
0.014243	-90.421620
0.014463	-90.428153
0.014687	-90.434787
0.014915	-90.441524
0.015146	-90.448366
0.015381	-90.455313
0.015619	-90.462368
0.015861	-90.469532
0.016107	-90.476808
0.016356	-90.484196
0.016610	-90.491698
0.016867	-90.499317
0.017129	-90.507054
0.017394	-90.514911
0.017664	-90.522889
0.017937	-90.530991
0.018215	-90.539219
0.018497	-90.547574
0.018784	-90.556059
0.019075	-90.564675
0.019371	-90.573424
0.019671	-90.582310
0.019976	-90.591332
0.020285	-90.600495
0.020599	-90.609800
0.020919	-90.619248
0.021243	-90.628843
0.021572	-90.638587
0.021906	-90.648482
0.022246	-90.658530
0.022590	-90.668734
0.022940	-90.679096
0.023296	-90.689618
0.023657	-90.700304
0.024023	-90.711155
0.024396	-90.722174
0.024774	-90.733364
0.025158	-90.744727
0.025547	-90.756267
0.025943	-90.767985
0.026345	-90.779885
0.026753	-90.791969
0.027168	-90.804240
0.027589	-90.816701
0.028016	-90.829356
0.028451	-90.842207
0.028891	-90.855256
0.029339	-90.868508
0.029794	-90.881965
0.030255	-90.895631
0.030724	-90.909509
0.031200	-90.923601
0.031684	-90.937912
0.032175	-90.952445
0.032673	-90.967202
0.033179	-90.982189
0.033693	-90.997407
0.034216	-91.012862
0.034746	-91.028556
0.035284	-91.044493
0.035831	-91.060676
0.036386	-91.077111
0.036950	-91.093800
0.037522	-91.110748
0.038104	-91.127959
0.038694	-91.145436
0.039294	-91.163183
0.039903	-91.181206
0.040521	-91.199508
0.041149	-91.218094
0.041786	-91.236967
0.042434	-91.256133
0.043091	-91.275596
0.043759	-91.295361
0.044437	-91.315431
0.045126	-91.335813
0.045825	-91.356510
0.046535	-91.377528
0.047256	-91.398872
0.047988	-91.420546
0.048732	-91.442556
0.049487	-91.464907
0.050254	-91.487604
0.051032	-91.510653
0.051823	-91.534059
0.052626	-91.557828
0.053442	-91.581964
0.054270	-91.606475
0.055111	-91.631366
0.055965	-91.656642
0.056832	-91.682309
0.057712	-91.708374
0.058607	-91.734843
0.059515	-91.761722
0.060437	-91.789017
0.061373	-91.816736
0.062324	-91.844883
0.063290	-91.873467
0.064271	-91.902493
0.065267	-91.931969
0.066278	-91.961901
0.067305	-91.992297
0.068348	-92.023164
0.069407	-92.054509
0.070482	-92.086340
0.071574	-92.118664
0.072683	-92.151488
0.073810	-92.184821
0.074953	-92.218669
0.076115	-92.253043
0.077294	-92.287948
0.078492	-92.323394
0.079708	-92.359389
0.080943	-92.395942
0.082197	-92.433061
0.083471	-92.470754
0.084764	-92.509031
0.086078	-92.547902
0.087412	-92.587373
0.088766	-92.627457
0.090142	-92.668161
0.091538	-92.709495
0.092957	-92.751469
0.094397	-92.794093
0.095860	-92.837378
0.097345	-92.881332
0.098853	-92.925967
0.100385	-92.971293
0.101941	-93.017321
0.103520	-93.064062
0.105124	-93.111526
0.106753	-93.159725
0.108407	-93.208670
0.110087	-93.258373
0.111793	-93.308845
0.113525	-93.360098
0.115284	-93.412145
0.117070	-93.464998
0.118884	-93.518668
0.120727	-93.573170
0.122597	-93.628514
0.124497	-93.684716
0.126426	-93.741787
0.128385	-93.799741
0.130374	-93.858592
0.132394	-93.918354
0.134446	-93.979041
0.136529	-94.040666
0.138645	-94.103246
0.140793	-94.166793
0.142975	-94.231323
0.145190	-94.296852
0.147440	-94.363394
0.149724	-94.430966
0.152044	-94.499583
0.154400	-94.569261
0.156793	-94.640017
0.159222	-94.711867
0.161689	-94.784828
0.164195	-94.858918
0.166739	-94.934152
0.169322	-95.010551
0.171946	-95.088130
0.174610	-95.166909
0.177316	-95.246905
0.180064	-95.328138
0.182854	-95.410626
0.185687	-95.494389
0.188564	-95.579447
0.191486	-95.665818
0.194453	-95.753525
0.197466	-95.842586
0.200526	-95.933023
0.203633	-96.024857
0.206788	-96.118109
0.209992	-96.212801
0.213246	-96.308956
0.216551	-96.406595
0.219906	-96.505741
0.223313	-96.606418
0.226774	-96.708649
0.230288	-96.812457
0.233856	-96.917868
0.237479	-97.024904
0.241159	-97.133592
0.244896	-97.243956
0.248691	-97.356022
0.252544	-97.469817
0.256457	-97.585365
0.260431	-97.702695
0.264466	-97.821833
0.268564	-97.942808
0.272726	-98.065646
0.276952	-98.190376
0.281243	-98.317027
0.285601	-98.445629
0.290026	-98.576211
0.294520	-98.708803
0.299084	-98.843435
0.303718	-98.980139
0.308424	-99.118945
0.313203	-99.259887
0.318056	-99.402996
0.322985	-99.548304
0.327989	-99.695846
0.333072	-99.845655
0.338233	-99.997764
0.343473	-100.152210
0.348796	-100.309027
0.354200	-100.468250
0.359688	-100.629917
0.365262	-100.794063
0.370922	-100.960726
0.376669	-101.129944
0.382506	-101.301755
0.388432	-101.476198
0.394451	-101.653312
0.400563	-101.833137
0.406770	-102.015714
0.413073	-102.201083
0.419473	-102.389286
0.425973	-102.580366
0.432574	-102.774365
0.439276	-102.971326
0.446083	-103.171293
0.452995	-103.374310
0.460014	-103.580423
0.467142	-103.789678
0.474381	-104.002120
0.481731	-104.217796
0.489196	-104.436754
0.496776	-104.659042
0.504473	-104.884709
0.512290	-105.113803
0.520228	-105.346375
0.528289	-105.582475
0.536475	-105.822155
0.544787	-106.065466
0.553229	-106.312461
0.561801	-106.563193
0.570506	-106.817715
0.579346	-107.076083
0.588323	-107.338350
0.597439	-107.604573
0.606697	-107.874808
0.616097	-108.149112
0.625644	-108.427542
0.635338	-108.710157
0.645183	-108.997016
0.655180	-109.288178
0.665332	-109.583704
0.675641	-109.883654
0.686110	-110.188090
0.696742	-110.497073
0.707538	-110.810668
0.718501	-111.128936
0.729634	-111.451943
0.740940	-111.779752
0.752421	-112.112429
0.764080	-112.450040
0.775919	-112.792651
0.787942	-113.140329
0.800151	-113.493143
0.812549	-113.851159
0.825140	-114.214447
0.837925	-114.583076
0.850909	-114.957116
0.864094	-115.336638
0.877483	-115.721711
0.891080	-116.112408
0.904887	-116.508801
0.918908	-116.910961
0.933147	-117.318961
0.947606	-117.732875
0.962289	-118.152776
0.977200	-118.578738
0.992341	-119.010836
1.007718	-119.449143
1.023332	-119.893735
1.039189	-120.344687
1.055291	-120.802074
1.071643	-121.265973
1.088248	-121.736458
1.105110	-122.213606
1.122234	-122.697494
1.139623	-123.188196
1.157282	-123.685790
1.175214	-124.190351
1.193424	-124.701955
1.211916	-125.220680
1.230694	-125.746600
1.249764	-126.279792
1.269129	-126.820331
1.288794	-127.368293
1.308764	-127.923751
1.329044	-128.486782
1.349637	-129.057458
1.370550	-129.635855
1.391787	-130.222044
1.413352	-130.816098
1.435252	-131.418090
1.457491	-132.028091
1.480075	-132.646170
1.503009	-133.272397
1.526298	-133.906841
1.549948	-134.549569
1.573965	-135.200648
1.598353	-135.860144
1.623120	-136.528120
1.648270	-137.204639
1.673810	-137.889763
1.699746	-138.583552
1.726083	-139.286065
1.752829	-139.997358
1.779989	-140.717487
1.807570	-141.446506
1.835578	-142.184467
1.864021	-142.931418
1.892904	-143.687410
1.922234	-144.452487
1.952019	-145.226693
1.982266	-146.010070
2.012981	-146.802658
2.044172	-147.604492
2.075847	-148.415609
2.108012	-149.236041
2.140676	-150.065816
2.173846	-150.904962
2.207529	-151.753503
2.241735	-152.611461
2.276471	-153.478854
2.311745	-154.355700
2.347565	-155.242010
2.383941	-156.137794
2.420880	-157.043061
2.458392	-157.957814
2.496485	-158.882054
2.535168	-159.815779
2.574450	-160.758984
2.614341	-161.711661
2.654850	-162.673798
2.695987	-163.645380
2.737762	-164.626391
2.780183	-165.616808
2.823262	-166.616609
2.867009	-167.625765
2.911433	-168.644248
2.956546	-169.672022
3.002358	-170.709053
3.048879	-171.755302
3.096122	-172.810725
3.144096	-173.875278
3.192814	-174.948913
3.242287	-176.031581
3.292526	-177.123228
3.343544	-178.223799
3.395352	-179.333237
3.447963	-180.451481
3.501389	-181.578469
3.555643	-182.714138
3.610738	-183.858421
3.666687	-185.011252
3.723502	-186.172562
3.781198	-187.342280
3.839787	-188.520336
3.899285	-189.706657
3.959704	-190.901170
4.021060	-192.103803
4.083367	-193.314482
4.146638	-194.533134
4.210891	-195.759686
4.276138	-196.994064
4.342397	-198.236199
4.409683	-199.486018
4.478011	-200.743454
4.547398	-202.008439
4.617860	-203.280907
4.689414	-204.560796
4.762076	-205.848046
4.835865	-207.142600
4.910796	-208.444405
4.986889	-209.753412
5.064161	-211.069576
5.142630	-212.392856
5.222315	-213.723219
5.303235	-215.060635
5.385409	-216.405081
5.468856	-217.756543
5.553596	-219.115012
5.639649	-220.480487
5.727036	-221.852977
5.815776	-223.232500
5.905892	-224.619083
5.997404	-226.012766
6.090333	-227.413599
6.184703	-228.821644
6.280535	-230.236978
6.377852	-231.659693
6.476677	-233.089893
6.577033	-234.527704
6.678945	-235.973265
6.782435	-237.426737
6.887529	-238.888302
6.994251	-240.358163
7.102627	-241.836550
7.212683	-243.323715
7.324443	-244.819943
7.437936	-246.325547
7.553187	-247.840873
7.670223	-249.366304
7.789074	-250.902261
7.909765	-252.449209
8.032327	-254.007657
8.156788	-255.578167
8.283178	-257.161353
8.411526	-258.757890
8.541863	-260.368519
8.674219	-261.994049
8.808626	-263.635371
8.945116	-265.293458
9.083721	-266.969378
9.224473	-268.664299
9.367406	-270.379503
9.512555	-272.116392
9.659952	-273.876502
9.809633	-275.661518
9.961633	-277.473280
10.115989	-279.313807
10.272736	-281.185305
10.431913	-283.090186
10.593555	-285.031088
10.757703	-287.010886
10.924393	-289.032718
11.093667	-291.099996
11.265564	-293.216423
11.440124	-295.386010
11.617389	-297.613085
11.797400	-299.902297
11.980201	-302.258613
12.165834	-304.687309
12.354344	-307.193940
12.545775	-309.784293
12.740172	-312.464326
12.937581	-315.240065
13.138049	-318.117475
13.341624	-321.102290
13.548352	-324.199796
13.758284	-327.414572
13.971469	-330.750182
14.187957	-334.208826
14.407800	-337.790982
14.631049	-341.495032
14.857757	-345.316942
15.087978	-349.250006
15.321767	-353.284733
15.559178	-357.408888
15.800268	-361.607755
16.045093	-365.864606
16.293712	-370.161376
16.546183	-374.479481
16.802567	-378.800726
17.062923	-383.108194
17.327313	-387.387040
17.595800	-391.625122
17.868447	-395.813423
18.145319	-399.946257
18.426481	-404.021272
18.712000	-408.039292
19.001942	-412.004044
19.296378	-415.921820
19.595375	-419.801115
19.899006	-423.652274
20.207342	-427.487182
20.520455	-431.318998
20.838419	-435.161959
21.161311	-439.031235
21.489206	-442.942861
21.822182	-446.913719
22.160317	-450.961587
22.503691	-455.105233
22.852386	-459.364578
23.206484	-463.760896
23.566069	-468.317083
23.931226	-473.057965
24.302040	-478.010668
24.678601	-483.205040
25.060996	-488.674115
25.449317	-494.454613
25.843654	-500.587448
26.244102	-507.118187
26.650755	-514.097391
27.063709	-521.580665
27.483061	-529.628192
27.908912	-538.303369
28.341361	-547.669975
28.780511	-557.787131
29.226465	-568.701208
29.679330	-580.434083
30.139212	-592.968180
30.606219	-606.230881
31.080463	-620.083843
31.562055	-454.324618
32.051110	-468.705639
32.547742	-482.967963
33.052070	-496.878673
33.564212	-510.258647
34.084290	-522.993567
34.612427	-535.029853
35.148747	-546.362140
35.693378	-557.018783
36.246447	-567.049267
36.808086	-576.514926
37.378428	-585.482913
37.957608	-594.022851
38.545761	-602.205503
39.143029	-610.102978
39.749550	-617.790152
40.365470	-625.347113
40.990934	-632.862532
41.626089	-640.437789
42.271086	-648.191427
42.926077	-656.262762
43.591217	-664.812057
44.266664	-674.012060
44.952577	-684.022655
45.649118	-694.940274
46.356451	-706.725518
47.074745	-719.143940
47.804169	-731.784450
48.544896	-744.186479
49.297100	-756.006038
50.060959	-767.107357
50.836654	-777.546554
51.624369	-787.500758
52.424290	-797.201565
53.236605	-806.895771
54.061507	-816.831181
54.899191	-827.258713
55.749855	-838.443775
56.613700	-850.682690
57.490930	-864.321056
58.381753	-879.768760
59.286379	-897.498057
60.205022	-917.991129
61.137900	-941.571235
62.085233	-968.055622
63.047244	-816.372344
64.024163	-844.670674
65.016218	-871.170346
66.023645	-894.926472
67.046683	-915.834525
68.085572	-934.243855
69.140559	-950.650308
70.211893	-965.559200
71.299828	-979.456717
72.404620	-992.835772
73.526531	-1006.249544
74.665825	-1020.371062
75.822773	-1035.999792
76.997649	-1053.851555
78.190728	-1073.927976
79.402295	-1094.891352
80.632635	-1114.784958
81.882039	-1132.653146
83.150802	-1148.859418
84.439225	-1164.351340
85.747613	-1180.145620
87.076273	-1197.231064
88.425521	-1216.667285
89.795676	-1239.731938
91.187062	-1267.979554
92.600007	-1302.808719
94.034845	-1343.700265
95.491917	-1206.122555
96.971566	-1244.298820
98.474142	-1276.053391
100.000000	-1302.245931
