0.010000	199.996389
0.010155	196.944616
0.010312	193.939407
0.010472	190.980052
0.010634	188.065851
0.010799	185.196114
0.010966	182.370163
0.011136	179.587331
0.011309	176.846959
0.011484	174.148399
0.011662	171.491014
0.011843	168.874174
0.012026	166.297262
0.012213	163.759668
0.012402	161.260791
0.012594	158.800042
0.012789	156.376839
0.012987	153.990607
0.013189	151.640785
0.013393	149.326814
0.013601	147.048150
0.013811	144.804252
0.014025	142.594591
0.014243	140.418644
0.014463	138.275896
0.014687	136.165841
0.014915	134.087980
0.015146	132.041821
0.015381	130.026882
0.015619	128.042685
0.015861	126.088762
0.016107	124.164649
0.016356	122.269894
0.016610	120.404047
0.016867	118.566667
0.017129	116.757320
0.017394	114.975579
0.017664	113.221021
0.017937	111.493232
0.018215	109.791804
0.018497	108.116335
0.018784	106.466427
0.019075	104.841691
0.019371	103.241744
0.019671	101.666206
0.019976	100.114705
0.020285	98.586875
0.020599	97.082353
0.020919	95.600785
0.021243	94.141820
0.021572	92.705114
0.021906	91.290325
0.022246	89.897121
0.022590	88.525171
0.022940	87.174152
0.023296	85.843743
0.023657	84.533630
0.024023	83.243504
0.024396	81.973059
0.024774	80.721996
0.025158	79.490017
0.025547	78.276833
0.025943	77.082155
0.026345	75.905703
0.026753	74.747197
0.027168	73.606363
0.027589	72.482933
0.028016	71.376640
0.028451	70.287222
0.028891	69.214423
0.029339	68.157988
0.029794	67.117668
0.030255	66.093217
0.030724	65.084392
0.031200	64.090955
0.031684	63.112671
0.032175	62.149310
0.032673	61.200642
0.033179	60.266444
0.033693	59.346495
0.034216	58.440578
0.034746	57.548477
0.035284	56.669983
0.035831	55.804888
0.036386	54.952987
0.036950	54.114078
0.037522	53.287964
0.038104	52.474448
0.038694	51.673340
0.039294	50.884448
0.039903	50.107588
0.040521	49.342574
0.041149	48.589226
0.041786	47.847367
0.042434	47.116820
0.043091	46.397413
0.043759	45.688976
0.044437	44.991341
0.045126	44.304344
0.045825	43.627822
0.046535	42.961615
0.047256	42.305565
0.047988	41.659517
0.048732	41.023320
0.049487	40.396821
0.050254	39.779874
0.051032	39.172332
0.051823	38.574051
0.052626	37.984891
0.053442	37.404712
0.054270	36.833376
0.055111	36.270749
0.055965	35.716697
0.056832	35.171090
0.057712	34.633799
0.058607	34.104696
0.059515	33.583657
0.060437	33.070557
0.061373	32.565277
0.062324	32.067697
0.063290	31.577698
0.064271	31.095165
0.065267	30.619985
0.066278	30.152043
0.067305	29.691231
0.068348	29.237439
0.069407	28.790559
0.070482	28.350487
0.071574	27.917117
0.072683	27.490348
0.073810	27.070079
0.074953	26.656210
0.076115	26.248643
0.077294	25.847283
0.078492	25.452034
0.079708	25.062802
0.080943	24.679496
0.082197	24.302025
0.083471	23.930300
0.084764	23.564234
0.086078	23.203738
0.087412	22.848729
0.088766	22.499122
0.090142	22.154834
0.091538	21.815785
0.092957	21.481894
0.094397	21.153081
0.095860	20.829271
0.097345	20.510385
0.098853	20.196348
0.100385	19.887087
0.101941	19.582528
0.103520	19.282599
0.105124	18.987229
0.106753	18.696348
0.108407	18.409888
0.110087	18.127781
0.111793	17.849960
0.113525	17.576359
0.115284	17.306915
0.117070	17.041562
0.118884	16.780239
0.120727	16.522883
0.122597	16.269434
0.124497	16.019832
0.126426	15.774018
0.128385	15.531934
0.130374	15.293522
0.132394	15.058726
0.134446	14.827491
0.136529	14.599762
0.138645	14.375485
0.140793	14.154608
0.142975	13.937077
0.145190	13.722842
0.147440	13.511851
0.149724	13.304056
0.152044	13.099407
0.154400	12.897855
0.156793	12.699354
0.159222	12.503855
0.161689	12.311313
0.164195	12.121683
0.166739	11.934919
0.169322	11.750977
0.171946	11.569814
0.174610	11.391388
0.177316	11.215655
0.180064	11.042575
0.182854	10.872107
0.185687	10.704210
0.188564	10.538844
0.191486	10.375971
0.194453	10.215552
0.197466	10.057550
0.200526	9.901926
0.203633	9.748645
0.206788	9.597669
0.209992	9.448964
0.213246	9.302494
0.216551	9.158225
0.219906	9.016122
0.223313	8.876153
0.226774	8.738283
0.230288	8.602481
0.233856	8.468714
0.237479	8.336952
0.241159	8.207162
0.244896	8.079314
0.248691	7.953379
0.252544	7.829326
0.256457	7.707126
0.260431	7.586750
0.264466	7.468170
0.268564	7.351359
0.272726	7.236288
0.276952	7.122930
0.281243	7.011260
0.285601	6.901249
0.290026	6.792874
0.294520	6.686107
0.299084	6.580925
0.303718	6.477301
0.308424	6.375213
0.313203	6.274636
0.318056	6.175546
0.322985	6.077920
0.327989	5.981735
0.333072	5.886969
0.338233	5.793600
0.343473	5.701605
0.348796	5.610963
0.354200	5.521653
0.359688	5.433654
0.365262	5.346945
0.370922	5.261506
0.376669	5.177318
0.382506	5.094360
0.388432	5.012613
0.394451	4.932059
0.400563	4.852678
0.406770	4.774452
0.413073	4.697364
0.419473	4.621394
0.425973	4.546525
0.432574	4.472741
0.439276	4.400024
0.446083	4.328357
0.452995	4.257724
0.460014	4.188108
0.467142	4.119494
0.474381	4.051866
0.481731	3.985208
0.489196	3.919505
0.496776	3.854743
0.504473	3.790905
0.512290	3.727979
0.520228	3.665949
0.528289	3.604802
0.536475	3.544524
0.544787	3.485101
0.553229	3.426520
0.561801	3.368768
0.570506	3.311832
0.579346	3.255699
0.588323	3.200357
0.597439	3.145793
0.606697	3.091996
0.616097	3.038954
0.625644	2.986656
0.635338	2.935089
0.645183	2.884243
0.655180	2.834107
0.665332	2.784669
0.675641	2.735921
0.686110	2.687850
0.696742	2.640448
0.707538	2.593703
0.718501	2.547607
0.729634	2.502149
0.740940	2.457321
0.752421	2.413113
0.764080	2.369517
0.775919	2.326522
0.787942	2.284122
0.800151	2.242307
0.812549	2.201069
0.825140	2.160400
0.837925	2.120293
0.850909	2.080739
0.864094	2.041731
0.877483	2.003261
0.891080	1.965324
0.904887	1.927911
0.918908	1.891015
0.933147	1.854631
0.947606	1.818751
0.962289	1.783370
0.977200	1.748480
0.992341	1.714077
1.007718	1.680155
1.023332	1.646706
1.039189	1.613727
1.055291	1.581212
1.071643	1.549156
1.088248	1.517553
1.105110	1.486398
1.122234	1.455687
1.139623	1.425416
1.157282	1.395579
1.175214	1.366172
1.193424	1.337192
1.211916	1.308633
1.230694	1.280493
1.249764	1.252766
1.269129	1.225450
1.288794	1.198540
1.308764	1.172034
1.329044	1.145927
1.349637	1.120216
1.370550	1.094899
1.391787	1.069971
1.413352	1.045430
1.435252	1.021273
1.457491	0.997497
1.480075	0.974099
1.503009	0.951076
1.526298	0.928426
1.549948	0.906145
1.573965	0.884231
1.598353	0.862682
1.623120	0.841495
1.648270	0.820668
1.673810	0.800197
1.699746	0.780081
1.726083	0.760317
1.752829	0.740902
1.779989	0.721835
1.807570	0.703112
1.835578	0.684732
1.864021	0.666691
1.892904	0.648987
1.922234	0.631619
1.952019	0.614582
1.982266	0.597876
2.012981	0.581496
2.044172	0.565442
2.075847	0.549709
2.108012	0.534296
2.140676	0.519199
2.173846	0.504416
2.207529	0.489944
2.241735	0.475781
2.276471	0.461923
2.311745	0.448367
2.347565	0.435110
2.383941	0.422150
2.420880	0.409483
2.458392	0.397106
2.496485	0.385015
2.535168	0.373209
2.574450	0.361682
2.614341	0.350431
2.654850	0.339454
2.695987	0.328747
2.737762	0.318305
2.780183	0.308127
2.823262	0.298206
2.867009	0.288541
2.911433	0.279127
2.956546	0.269961
3.002358	0.261038
3.048879	0.252355
3.096122	0.243908
3.144096	0.235692
3.192814	0.227704
3.242287	0.219940
3.292526	0.212396
3.343544	0.205067
3.395352	0.197950
3.447963	0.191040
3.501389	0.184334
3.555643	0.177827
3.610738	0.171515
3.666687	0.165395
3.723502	0.159461
3.781198	0.153710
3.839787	0.148138
3.899285	0.142741
3.959704	0.137514
4.021060	0.132455
4.083367	0.127558
4.146638	0.122819
4.210891	0.118236
4.276138	0.113803
4.342397	0.109518
4.409683	0.105376
4.478011	0.101373
4.547398	0.097506
4.617860	0.093772
4.689414	0.090165
4.762076	0.086684
4.835865	0.083324
4.910796	0.080082
4.986889	0.076954
5.064161	0.073938
5.142630	0.071029
5.222315	0.068226
5.303235	0.065523
5.385409	0.062919
5.468856	0.060410
5.553596	0.057994
5.639649	0.055666
5.727036	0.053426
5.815776	0.051269
5.905892	0.049193
5.997404	0.047196
6.090333	0.045274
6.184703	0.043425
6.280535	0.041648
6.377852	0.039938
6.476677	0.038295
6.577033	0.036715
6.678945	0.035197
6.782435	0.033738
6.887529	0.032336
6.994251	0.030990
7.102627	0.029697
7.212683	0.028455
7.324443	0.027262
7.437936	0.026118
7.553187	0.025019
7.670223	0.023964
7.789074	0.022952
7.909765	0.021981
8.032327	0.021049
8.156788	0.020156
8.283178	0.019298
8.411526	0.018476
8.541863	0.017688
8.674219	0.016932
8.808626	0.016207
8.945116	0.015513
9.083721	0.014847
9.224473	0.014209
9.367406	0.013597
9.512555	0.013011
9.659952	0.012449
9.809633	0.011911
9.961633	0.011396
10.115989	0.010902
10.272736	0.010430
10.431913	0.009977
10.593555	0.009543
10.757703	0.009128
10.924393	0.008731
11.093667	0.008350
11.265564	0.007986
11.440124	0.007637
11.617389	0.007303
11.797400	0.006983
11.980201	0.006677
12.165834	0.006385
12.354344	0.006105
12.545775	0.005837
12.740172	0.005580
12.937581	0.005335
13.138049	0.005100
13.341624	0.004875
13.548352	0.004661
13.758284	0.004455
13.971469	0.004259
14.187957	0.004071
14.407800	0.003891
14.631049	0.003719
14.857757	0.003554
15.087978	0.003397
15.321767	0.003247
15.559178	0.003103
15.800268	0.002965
16.045093	0.002834
16.293712	0.002708
16.546183	0.002588
16.802567	0.002473
17.062923	0.002363
17.327313	0.002258
17.595800	0.002157
17.868447	0.002061
18.145319	0.001970
18.426481	0.001882
18.712000	0.001798
19.001942	0.001718
19.296378	0.001642
19.595375	0.001568
19.899006	0.001498
20.207342	0.001432
20.520455	0.001368
20.838419	0.001307
21.161311	0.001248
21.489206	0.001192
21.822182	0.001139
22.160317	0.001088
22.503691	0.001040
22.852386	0.000993
23.206484	0.000949
23.566069	0.000906
23.931226	0.000866
24.302040	0.000827
24.678601	0.000790
25.060996	0.000755
25.449317	0.000721
25.843654	0.000689
26.244102	0.000658
26.650755	0.000628
27.063709	0.000600
27.483061	0.000573
27.908912	0.000547
28.341361	0.000523
28.780511	0.000499
29.226465	0.000477
29.679330	0.000456
30.139212	0.000435
30.606219	0.000416
31.080463	0.000397
31.562055	0.000379
32.051110	0.000362
32.547742	0.000346
33.052070	0.000330
33.564212	0.000316
34.084290	0.000301
34.612427	0.000288
35.148747	0.000275
35.693378	0.000263
36.246447	0.000251
36.808086	0.000239
37.378428	0.000229
37.957608	0.000218
38.545761	0.000209
39.143029	0.000199
39.749550	0.000190
40.365470	0.000182
40.990934	0.000174
41.626089	0.000166
42.271086	0.000158
42.926077	0.000151
43.591217	0.000144
44.266664	0.000138
44.952577	0.000132
45.649118	0.000126
46.356451	0.000120
47.074745	0.000115
47.804169	0.000110
48.544896	0.000105
49.297100	0.000100
50.060959	0.000095
50.836654	0.000091
51.624369	0.000087
52.424290	0.000083
53.236605	0.000079
54.061507	0.000076
54.899191	0.000072
55.749855	0.000069
56.613700	0.000066
57.490930	0.000063
58.381753	0.000060
59.286379	0.000057
60.205022	0.000055
61.137900	0.000052
62.085233	0.000050
63.047244	0.000048
64.024163	0.000046
65.016218	0.000044
66.023645	0.000042
67.046683	0.000040
68.085572	0.000038
69.140559	0.000036
70.211893	0.000035
71.299828	0.000033
72.404620	0.000032
73.526531	0.000030
74.665825	0.000029
75.822773	0.000027
76.997649	0.000026
78.190728	0.000025
79.402295	0.000024
80.632635	0.000023
81.882039	0.000022
83.150802	0.000021
84.439225	0.000020
85.747613	0.000019
87.076273	0.000018
88.425521	0.000017
89.795676	0.000017
91.187062	0.000016
92.600007	0.000015
94.034845	0.000014
95.491917	0.000014
96.971566	0.000013
98.474142	0.000013
100.000000	0.000012
