0.010000	-3.052687
0.010155	-3.099989
0.010312	-3.148023
0.010472	-3.196802
0.010634	-3.246336
0.010799	-3.296638
0.010966	-3.347719
0.011136	-3.399592
0.011309	-3.452269
0.011484	-3.505762
0.011662	-3.560084
0.011843	-3.615247
0.012026	-3.671265
0.012213	-3.728152
0.012402	-3.785919
0.012594	-3.844582
0.012789	-3.904154
0.012987	-3.964649
0.013189	-4.026081
0.013393	-4.088465
0.013601	-4.151815
0.013811	-4.216148
0.014025	-4.281477
0.014243	-4.347818
0.014463	-4.415188
0.014687	-4.483601
0.014915	-4.553074
0.015146	-4.623624
0.015381	-4.695266
0.015619	-4.768019
0.015861	-4.841900
0.016107	-4.916925
0.016356	-4.993112
0.016610	-5.070480
0.016867	-5.149047
0.017129	-5.228831
0.017394	-5.309851
0.017664	-5.392127
0.017937	-5.475677
0.018215	-5.560522
0.018497	-5.646682
0.018784	-5.734177
0.019075	-5.823027
0.019371	-5.913254
0.019671	-6.004879
0.019976	-6.097924
0.020285	-6.192410
0.020599	-6.288360
0.020919	-6.385797
0.021243	-6.484744
0.021572	-6.585223
0.021906	-6.687260
0.022246	-6.790877
0.022590	-6.896100
0.022940	-7.002953
0.023296	-7.111462
0.023657	-7.221652
0.024023	-7.333549
0.024396	-7.447180
0.024774	-7.562571
0.025158	-7.679750
0.025547	-7.798744
0.025943	-7.919582
0.026345	-8.042292
0.026753	-8.166903
0.027168	-8.293444
0.027589	-8.421946
0.028016	-8.552439
0.028451	-8.684953
0.028891	-8.819520
0.029339	-8.956171
0.029794	-9.094940
0.030255	-9.235858
0.030724	-9.378959
0.031200	-9.524276
0.031684	-9.671845
0.032175	-9.821699
0.032673	-9.973875
0.033179	-10.128407
0.033693	-10.285333
0.034216	-10.444689
0.034746	-10.606513
0.035284	-10.770844
0.035831	-10.937719
0.036386	-11.107179
0.036950	-11.279263
0.037522	-11.454011
0.038104	-11.631465
0.038694	-11.811667
0.039294	-11.994659
0.039903	-12.180484
0.040521	-12.369186
0.041149	-12.560809
0.041786	-12.755398
0.042434	-12.952999
0.043091	-13.153658
0.043759	-13.357423
0.044437	-13.564341
0.045126	-13.774461
0.045825	-13.987832
0.046535	-14.204504
0.047256	-14.424528
0.047988	-14.647955
0.048732	-14.874838
0.049487	-15.105229
0.050254	-15.339183
0.051032	-15.576754
0.051823	-15.817998
0.052626	-16.062970
0.053442	-16.311728
0.054270	-16.564329
0.055111	-16.820833
0.055965	-17.081299
0.056832	-17.345787
0.057712	-17.614358
0.058607	-17.887075
0.059515	-18.164001
0.060437	-18.445199
0.061373	-18.730734
0.062324	-19.020673
0.063290	-19.315080
0.064271	-19.614025
0.065267	-19.917575
0.066278	-20.225799
0.067305	-20.538768
0.068348	-20.856553
0.069407	-21.179226
0.070482	-21.506859
0.071574	-21.839527
0.072683	-22.177304
0.073810	-22.520266
0.074953	-22.868490
0.076115	-23.222052
0.077294	-23.581032
0.078492	-23.945509
0.079708	-24.315562
0.080943	-24.691273
0.082197	-25.072723
0.083471	-25.459996
0.084764	-25.853174
0.086078	-26.252342
0.087412	-26.657584
0.088766	-27.068988
0.090142	-27.486638
0.091538	-27.910622
0.092957	-28.341029
0.094397	-28.777945
0.095860	-29.221461
0.097345	-29.671665
0.098853	-30.128648
0.100385	-30.592499
0.101941	-31.063310
0.103520	-31.541171
0.105124	-32.026173
0.106753	-32.518407
0.108407	-33.017964
0.110087	-33.524936
0.111793	-34.039413
0.113525	-34.561486
0.115284	-35.091246
0.117070	-35.628781
0.118884	-36.174181
0.120727	-36.727534
0.122597	-37.288928
0.124497	-37.858449
0.126426	-38.436181
0.128385	-39.022209
0.130374	-39.616614
0.132394	-40.219477
0.134446	-40.830874
0.136529	-41.450884
0.138645	-42.079577
0.140793	-42.717026
0.142975	-43.363298
0.145190	-44.018457
0.147440	-44.682563
0.149724	-45.355675
0.152044	-46.037844
0.154400	-46.729120
0.156793	-47.429546
0.159222	-48.139160
0.161689	-48.857996
0.164195	-49.586081
0.166739	-50.323435
0.169322	-51.070075
0.171946	-51.826007
0.174610	-52.591232
0.177316	-53.365743
0.180064	-54.149524
0.182854	-54.942551
0.185687	-55.744792
0.188564	-56.556205
0.191486	-57.376738
0.194453	-58.206330
0.197466	-59.044909
0.200526	-59.892392
0.203633	-60.748685
0.206788	-61.613683
0.209992	-62.487269
0.213246	-63.369315
0.216551	-64.259679
0.219906	-65.158208
0.223313	-66.064735
0.226774	-66.979082
0.230288	-67.901057
0.233856	-68.830455
0.237479	-69.767058
0.241159	-70.710636
0.244896	-71.660945
0.248691	-72.617729
0.252544	-73.580719
0.256457	-74.549634
0.260431	-75.524180
0.264466	-76.504054
0.268564	-77.488938
0.272726	-78.478507
0.276952	-79.472423
0.281243	-80.470339
0.285601	-81.471901
0.290026	-82.476744
0.294520	-83.484497
0.299084	-84.494782
0.303718	-85.507214
0.308424	-86.521405
0.313203	-87.536961
0.318056	-88.553485
0.322985	-89.570579
0.327989	-90.587842
0.333072	-91.604873
0.338233	-92.621273
0.343473	-93.636642
0.348796	-94.650584
0.354200	-95.662708
0.359688	-96.672623
0.365262	-97.679948
0.370922	-98.684304
0.376669	-99.685322
0.382506	-100.682638
0.388432	-101.675900
0.394451	-102.664761
0.400563	-103.648886
0.406770	-104.627951
0.413073	-105.601640
0.419473	-106.569651
0.425973	-107.531692
0.432574	-108.487485
0.439276	-109.436763
0.446083	-110.379270
0.452995	-111.314766
0.460014	-112.243022
0.467142	-113.163822
0.474381	-114.076964
0.481731	-114.982257
0.489196	-115.879524
0.496776	-116.768603
0.504473	-117.649340
0.512290	-118.521597
0.520228	-119.385247
0.528289	-120.240174
0.536475	-121.086276
0.544787	-121.923460
0.553229	-122.751646
0.561801	-123.570763
0.570506	-124.380750
0.579346	-125.181559
0.588323	-125.973148
0.597439	-126.755487
0.606697	-127.528552
0.616097	-128.292330
0.625644	-129.046815
0.635338	-129.792008
0.645183	-130.527918
0.655180	-131.254561
0.665332	-131.971959
0.675641	-132.680139
0.686110	-133.379137
0.696742	-134.068992
0.707538	-134.749748
0.718501	-135.421453
0.729634	-136.084163
0.740940	-136.737933
0.752421	-137.382826
0.764080	-138.018907
0.775919	-138.646244
0.787942	-139.264907
0.800151	-139.874971
0.812549	-140.476511
0.825140	-141.069606
0.837925	-141.654336
0.850909	-142.230784
0.864094	-142.799034
0.877483	-143.359170
0.891080	-143.911279
0.904887	-144.455448
0.918908	-144.991766
0.933147	-145.520323
0.947606	-146.041207
0.962289	-146.554509
0.977200	-147.060321
0.992341	-147.558731
1.007718	-148.049833
1.023332	-148.533717
1.039189	-149.010474
1.055291	-149.480195
1.071643	-149.942970
1.088248	-150.398891
1.105110	-150.848048
1.122234	-151.290530
1.139623	-151.726427
1.157282	-152.155828
1.175214	-152.578820
1.193424	-152.995492
1.211916	-153.405930
1.230694	-153.810221
1.249764	-154.208450
1.269129	-154.600703
1.288794	-154.987063
1.308764	-155.367614
1.329044	-155.742439
1.349637	-156.111618
1.370550	-156.475234
1.391787	-156.833365
1.413352	-157.186091
1.435252	-157.533490
1.457491	-157.875639
1.480075	-158.212616
1.503009	-158.544495
1.526298	-158.871351
1.549948	-159.193257
1.573965	-159.510287
1.598353	-159.822513
1.623120	-160.130005
1.648270	-160.432833
1.673810	-160.731066
1.699746	-161.024774
1.726083	-161.314022
1.752829	-161.598878
1.779989	-161.879406
1.807570	-162.155672
1.835578	-162.427739
1.864021	-162.695671
1.892904	-162.959528
1.922234	-163.219373
1.952019	-163.475265
1.982266	-163.727264
2.012981	-163.975429
2.044172	-164.219816
2.075847	-164.460484
2.108012	-164.697488
2.140676	-164.930884
2.173846	-165.160725
2.207529	-165.387066
2.241735	-165.609960
2.276471	-165.829459
2.311745	-166.045613
2.347565	-166.258475
2.383941	-166.468093
2.420880	-166.674517
2.458392	-166.877795
2.496485	-167.077975
2.535168	-167.275104
2.574450	-167.469228
2.614341	-167.660393
2.654850	-167.848644
2.695987	-168.034025
2.737762	-168.216579
2.780183	-168.396350
2.823262	-168.573381
2.867009	-168.747711
2.911433	-168.919384
2.956546	-169.088438
3.002358	-169.254915
3.048879	-169.418852
3.096122	-169.580290
3.144096	-169.739265
3.192814	-169.895816
3.242287	-170.049979
3.292526	-170.201790
3.343544	-170.351286
3.395352	-170.498502
3.447963	-170.643472
3.501389	-170.786231
3.555643	-170.926812
3.610738	-171.065249
3.666687	-171.201573
3.723502	-171.335819
3.781198	-171.468016
3.839787	-171.598197
3.899285	-171.726391
3.959704	-171.852630
4.021060	-171.976943
4.083367	-172.099359
4.146638	-172.219908
4.210891	-172.338618
4.276138	-172.455517
4.342397	-172.570632
4.409683	-172.683991
4.478011	-172.795620
4.547398	-172.905547
4.617860	-173.013796
4.689414	-173.120393
4.762076	-173.225365
4.835865	-173.328734
4.910796	-173.430527
4.986889	-173.530766
5.064161	-173.629476
5.142630	-173.726680
5.222315	-173.822401
5.303235	-173.916661
5.385409	-174.009483
5.468856	-174.100889
5.553596	-174.190900
5.639649	-174.279538
5.727036	-174.366824
5.815776	-174.452777
5.905892	-174.537419
5.997404	-174.620770
6.090333	-174.702849
6.184703	-174.783675
6.280535	-174.863269
6.377852	-174.941647
6.476677	-175.018830
6.577033	-175.094836
6.678945	-175.169681
6.782435	-175.243385
6.887529	-175.315964
6.994251	-175.387435
7.102627	-175.457816
7.212683	-175.527123
7.324443	-175.595373
7.437936	-175.662581
7.553187	-175.728763
7.670223	-175.793936
7.789074	-175.858115
7.909765	-175.921314
8.032327	-175.983549
8.156788	-176.044834
8.283178	-176.105184
8.411526	-176.164613
8.541863	-176.223136
8.674219	-176.280765
8.808626	-176.337515
8.945116	-176.393400
9.083721	-176.448431
9.224473	-176.502623
9.367406	-176.555988
9.512555	-176.608539
9.659952	-176.660288
9.809633	-176.711247
9.961633	-176.761429
10.115989	-176.810844
10.272736	-176.859506
10.431913	-176.907426
10.593555	-176.954614
10.757703	-177.001082
10.924393	-177.046842
11.093667	-177.091903
11.265564	-177.136276
11.440124	-177.179972
11.617389	-177.223002
11.797400	-177.265375
11.980201	-177.307102
12.165834	-177.348191
12.354344	-177.388654
12.545775	-177.428500
12.740172	-177.467737
12.937581	-177.506376
13.138049	-177.544425
13.341624	-177.581893
13.548352	-177.618790
13.758284	-177.655124
13.971469	-177.690904
14.187957	-177.726137
14.407800	-177.760833
14.631049	-177.795000
14.857757	-177.828645
15.087978	-177.861777
15.321767	-177.894403
15.559178	-177.926531
15.800268	-177.958170
16.045093	-177.989325
16.293712	-178.020005
16.546183	-178.050217
16.802567	-178.079968
17.062923	-178.109265
17.327313	-178.138115
17.595800	-178.166524
17.868447	-178.194501
18.145319	-178.222050
18.426481	-178.249179
18.712000	-178.275894
19.001942	-178.302202
19.296378	-178.328108
19.595375	-178.353618
19.899006	-178.378740
20.207342	-178.403478
20.520455	-178.427839
20.838419	-178.451827
21.161311	-178.475450
21.489206	-178.498713
21.822182	-178.521620
22.160317	-178.544178
22.503691	-178.566392
22.852386	-178.588267
23.206484	-178.609808
23.566069	-178.631020
23.931226	-178.651909
24.302040	-178.672479
24.678601	-178.692735
25.060996	-178.712682
25.449317	-178.732325
25.843654	-178.751668
26.244102	-178.770715
26.650755	-178.789473
27.063709	-178.807944
27.483061	-178.826133
27.908912	-178.844044
28.341361	-178.861682
28.780511	-178.879052
29.226465	-178.896156
29.679330	-178.912999
30.139212	-178.929585
30.606219	-178.945918
31.080463	-178.962002
31.562055	-178.977840
32.051110	-178.993437
32.547742	-179.008795
33.052070	-179.023920
33.564212	-179.038813
34.084290	-179.053480
34.612427	-179.067922
35.148747	-179.082145
35.693378	-179.096150
36.246447	-179.109941
36.808086	-179.123522
37.378428	-179.136896
37.957608	-179.150066
38.545761	-179.163035
39.143029	-179.175805
39.749550	-179.188382
40.365470	-179.200766
40.990934	-179.212961
41.626089	-179.224970
42.271086	-179.236796
42.926077	-179.248441
43.591217	-179.259909
44.266664	-179.271202
44.952577	-179.282322
45.649118	-179.293273
46.356451	-179.304057
47.074745	-179.314676
47.804169	-179.325133
48.544896	-179.335430
49.297100	-179.345571
50.060959	-179.355556
50.836654	-179.365390
51.624369	-179.375073
52.424290	-179.384608
53.236605	-179.393998
54.061507	-179.403245
54.899191	-179.412351
55.749855	-179.421317
56.613700	-179.430147
57.490930	-179.438842
58.381753	-179.447405
59.286379	-179.455837
60.205022	-179.464140
61.137900	-179.472316
62.085233	-179.480368
63.047244	-179.488297
64.024163	-179.496105
65.016218	-179.503794
66.023645	-179.511365
67.046683	-179.518821
68.085572	-179.526163
69.140559	-179.533393
70.211893	-179.540513
71.299828	-179.547524
72.404620	-179.554428
73.526531	-179.561227
74.665825	-179.567922
75.822773	-179.574515
76.997649	-179.581007
78.190728	-179.587400
79.402295	-179.593696
80.632635	-179.599896
81.882039	-179.606001
83.150802	-179.612013
84.439225	-179.617933
85.747613	-179.623762
87.076273	-179.629503
88.425521	-179.635157
89.795676	-179.640724
91.187062	-179.646206
92.600007	-179.651604
94.034845	-179.656920
95.491917	-179.662155
96.971566	-179.667310
98.474142	-179.672386
100.000000	-179.677385
