-0.372006	-11.167576
-0.372125	-11.104429
-0.372246	-11.041645
-0.372367	-10.979223
-0.372491	-10.917161
-0.372615	-10.855457
-0.372741	-10.794109
-0.372869	-10.733114
-0.372997	-10.672471
-0.373128	-10.612178
-0.373259	-10.552233
-0.373393	-10.492633
-0.373527	-10.433378
-0.373664	-10.374464
-0.373801	-10.315891
-0.373941	-10.257655
-0.374082	-10.199755
-0.374224	-10.142190
-0.374368	-10.084957
-0.374514	-10.028054
-0.374661	-9.971480
-0.374810	-9.915233
-0.374961	-9.859310
-0.375113	-9.803711
-0.375267	-9.748433
-0.375423	-9.693474
-0.375580	-9.638832
-0.375740	-9.584506
-0.375901	-9.530495
-0.376063	-9.476795
-0.376228	-9.423406
-0.376395	-9.370325
-0.376563	-9.317552
-0.376733	-9.265083
-0.376905	-9.212918
-0.377079	-9.161055
-0.377255	-9.109491
-0.377433	-9.058226
-0.377613	-9.007258
-0.377795	-8.956584
-0.377979	-8.906204
-0.378165	-8.856115
-0.378353	-8.806316
-0.378543	-8.756805
-0.378736	-8.707581
-0.378930	-8.658642
-0.379127	-8.609987
-0.379325	-8.561613
-0.379526	-8.513520
-0.379729	-8.465705
-0.379935	-8.418167
-0.380143	-8.370904
-0.380353	-8.323916
-0.380565	-8.277199
-0.380780	-8.230754
-0.380997	-8.184578
-0.381216	-8.138670
-0.381438	-8.093027
-0.381662	-8.047650
-0.381889	-8.002536
-0.382118	-7.957683
-0.382350	-7.913091
-0.382585	-7.868757
-0.382822	-7.824681
-0.383061	-7.780860
-0.383303	-7.737294
-0.383548	-7.693981
-0.383796	-7.650919
-0.384046	-7.608107
-0.384299	-7.565544
-0.384555	-7.523229
-0.384814	-7.481159
-0.385075	-7.439333
-0.385339	-7.397750
-0.385607	-7.356410
-0.385877	-7.315309
-0.386150	-7.274447
-0.386426	-7.233823
-0.386705	-7.193435
-0.386987	-7.153282
-0.387272	-7.113363
-0.387560	-7.073675
-0.387852	-7.034219
-0.388147	-6.994992
-0.388444	-6.955993
-0.388745	-6.917222
-0.389050	-6.878676
-0.389357	-6.840354
-0.389668	-6.802255
-0.389983	-6.764379
-0.390300	-6.726723
-0.390621	-6.689286
-0.390946	-6.652067
-0.391274	-6.615065
-0.391606	-6.578279
-0.391941	-6.541707
-0.392280	-6.505348
-0.392623	-6.469201
-0.392969	-6.433264
-0.393319	-6.397538
-0.393672	-6.362019
-0.394030	-6.326708
-0.394391	-6.291602
-0.394756	-6.256701
-0.395126	-6.222004
-0.395499	-6.187509
-0.395876	-6.153216
-0.396257	-6.119122
-0.396642	-6.085228
-0.397031	-6.051531
-0.397425	-6.018031
-0.397822	-5.984726
-0.398224	-5.951616
-0.398630	-5.918699
-0.399040	-5.885974
-0.399455	-5.853441
-0.399874	-5.821097
-0.400298	-5.788942
-0.400726	-5.756975
-0.401158	-5.725195
-0.401595	-5.693600
-0.402037	-5.662190
-0.402483	-5.630964
-0.402935	-5.599919
-0.403390	-5.569057
-0.403851	-5.538374
-0.404316	-5.507871
-0.404787	-5.477546
-0.405262	-5.447398
-0.405742	-5.417427
-0.406227	-5.387630
-0.406717	-5.358008
-0.407212	-5.328559
-0.407713	-5.299282
-0.408219	-5.270176
-0.408729	-5.241240
-0.409246	-5.212473
-0.409767	-5.183875
-0.410294	-5.155443
-0.410826	-5.127178
-0.411364	-5.099078
-0.411907	-5.071142
-0.412456	-5.043370
-0.413011	-5.015759
-0.413571	-4.988310
-0.414137	-4.961022
-0.414709	-4.933893
-0.415286	-4.906922
-0.415869	-4.880109
-0.416459	-4.853452
-0.417054	-4.826952
-0.417655	-4.800606
-0.418263	-4.774413
-0.418876	-4.748374
-0.419496	-4.722487
-0.420122	-4.696751
-0.420754	-4.671165
-0.421393	-4.645729
-0.422038	-4.620441
-0.422689	-4.595300
-0.423347	-4.570306
-0.424012	-4.545458
-0.424683	-4.520755
-0.425361	-4.496195
-0.426045	-4.471779
-0.426737	-4.447505
-0.427435	-4.423373
-0.428140	-4.399381
-0.428852	-4.375529
-0.429571	-4.351815
-0.430296	-4.328240
-0.431029	-4.304801
-0.431770	-4.281499
-0.432517	-4.258332
-0.433272	-4.235300
-0.434034	-4.212402
-0.434803	-4.189637
-0.435580	-4.167003
-0.436364	-4.144502
-0.437156	-4.122130
-0.437955	-4.099888
-0.438762	-4.077775
-0.439577	-4.055790
-0.440399	-4.033933
-0.441230	-4.012201
-0.442068	-3.990596
-0.442914	-3.969115
-0.443768	-3.947758
-0.444630	-3.926525
-0.445500	-3.905413
-0.446378	-3.884424
-0.447265	-3.863555
-0.448159	-3.842807
-0.449062	-3.822178
-0.449974	-3.801667
-0.450894	-3.781274
-0.451822	-3.760998
-0.452759	-3.740839
-0.453704	-3.720794
-0.454658	-3.700865
-0.455620	-3.681049
-0.456592	-3.661347
-0.457572	-3.641757
-0.458561	-3.622279
-0.459559	-3.602911
-0.460565	-3.583654
-0.461581	-3.564506
-0.462606	-3.545467
-0.463640	-3.526536
-0.464683	-3.507712
-0.465735	-3.488994
-0.466796	-3.470382
-0.467867	-3.451875
-0.468947	-3.433473
-0.470036	-3.415174
-0.471135	-3.396977
-0.472243	-3.378883
-0.473360	-3.360890
-0.474488	-3.342998
-0.475624	-3.325206
-0.476771	-3.307513
-0.477927	-3.289918
-0.479093	-3.272421
-0.480268	-3.255021
-0.481454	-3.237717
-0.482649	-3.220509
-0.483854	-3.203396
-0.485069	-3.186377
-0.486293	-3.169452
-0.487528	-3.152619
-0.488773	-3.135879
-0.490028	-3.119230
-0.491293	-3.102671
-0.492568	-3.086203
-0.493853	-3.069824
-0.495148	-3.053533
-0.496453	-3.037331
-0.497769	-3.021215
-0.499095	-3.005187
-0.500431	-2.989244
-0.501777	-2.973386
-0.503134	-2.957612
-0.504501	-2.941923
-0.505878	-2.926316
-0.507266	-2.910792
-0.508664	-2.895349
-0.510072	-2.879988
-0.511491	-2.864707
-0.512920	-2.849506
-0.514359	-2.834383
-0.515809	-2.819339
-0.517269	-2.804373
-0.518740	-2.789484
-0.520221	-2.774671
-0.521712	-2.759933
-0.523214	-2.745271
-0.524726	-2.730683
-0.526248	-2.716168
-0.527781	-2.701727
-0.529324	-2.687358
-0.530878	-2.673060
-0.532442	-2.658834
-0.534016	-2.644677
-0.535600	-2.630591
-0.537194	-2.616573
-0.538799	-2.602624
-0.540414	-2.588742
-0.542039	-2.574927
-0.543674	-2.561179
-0.545320	-2.547497
-0.546975	-2.533879
-0.548640	-2.520326
-0.550315	-2.506836
-0.552001	-2.493410
-0.553695	-2.480046
-0.555400	-2.466744
-0.557115	-2.453503
-0.558839	-2.440323
-0.560572	-2.427202
-0.562316	-2.414141
-0.564068	-2.401138
-0.565830	-2.388193
-0.567602	-2.375305
-0.569382	-2.362474
-0.571172	-2.349699
-0.572971	-2.336979
-0.574778	-2.324314
-0.576595	-2.311704
-0.578420	-2.299146
-0.580254	-2.286642
-0.582096	-2.274189
-0.583947	-2.261788
-0.585806	-2.249439
-0.587674	-2.237139
-0.589549	-2.224889
-0.591433	-2.212688
-0.593324	-2.200536
-0.595223	-2.188432
-0.597129	-2.176374
-0.599043	-2.164364
-0.600964	-2.152399
-0.602893	-2.140480
-0.604828	-2.128605
-0.606770	-2.116775
-0.608718	-2.104988
-0.610673	-2.093244
-0.612634	-2.081543
-0.614602	-2.069883
-0.616575	-2.058265
-0.618554	-2.046687
-0.620538	-2.035149
-0.622528	-2.023650
-0.624523	-2.012190
-0.626523	-2.000769
-0.628527	-1.989385
-0.630536	-1.978038
-0.632549	-1.966728
-0.634566	-1.955453
-0.636587	-1.944214
-0.638612	-1.933010
-0.640640	-1.921840
-0.642670	-1.910703
-0.644704	-1.899600
-0.646740	-1.888529
-0.648778	-1.877491
-0.650819	-1.866483
-0.652861	-1.855507
-0.654904	-1.844561
-0.656949	-1.833645
-0.658995	-1.822759
-0.661041	-1.811901
-0.663087	-1.801071
-0.665133	-1.790269
-0.667179	-1.779495
-0.669224	-1.768747
-0.671268	-1.758025
-0.673311	-1.747330
-0.675352	-1.736659
-0.677391	-1.726014
-0.679428	-1.715392
-0.681462	-1.704795
-0.683493	-1.694221
-0.685520	-1.683669
-0.687544	-1.673140
-0.689563	-1.662634
-0.691578	-1.652148
-0.693588	-1.641684
-0.695593	-1.631241
-0.697591	-1.620817
-0.699584	-1.610414
-0.701570	-1.600030
-0.703549	-1.589665
-0.705521	-1.579318
-0.707485	-1.568990
-0.709440	-1.558679
-0.711387	-1.548386
-0.713325	-1.538110
-0.715253	-1.527851
-0.717172	-1.517608
-0.719080	-1.507381
-0.720977	-1.497169
-0.722862	-1.486973
-0.724736	-1.476792
-0.726597	-1.466626
-0.728446	-1.456474
-0.730281	-1.446336
-0.732103	-1.436211
-0.733911	-1.426101
-0.735703	-1.416003
-0.737481	-1.405918
-0.739243	-1.395846
-0.740988	-1.385787
-0.742717	-1.375740
-0.744428	-1.365704
-0.746122	-1.355680
-0.747798	-1.345668
-0.749455	-1.335668
-0.751092	-1.325678
-0.752710	-1.315699
-0.754307	-1.305732
-0.755883	-1.295774
-0.757438	-1.285828
-0.758971	-1.275892
-0.760481	-1.265965
-0.761969	-1.256050
-0.763432	-1.246144
-0.764872	-1.236248
-0.766287	-1.226362
-0.767676	-1.216486
-0.769040	-1.206619
-0.770378	-1.196762
-0.771688	-1.186915
-0.772971	-1.177077
-0.774226	-1.167249
-0.775453	-1.157431
-0.776651	-1.147623
-0.777818	-1.137824
-0.778956	-1.128034
-0.780063	-1.118255
-0.781139	-1.108485
-0.782182	-1.098725
-0.783194	-1.088975
-0.784172	-1.079235
-0.785117	-1.069506
-0.786028	-1.059787
-0.786904	-1.050078
-0.787745	-1.040380
-0.788550	-1.030692
-0.789320	-1.021016
-0.790052	-1.011350
-0.790747	-1.001696
-0.791405	-0.992054
-0.792024	-0.982423
-0.792605	-0.972804
-0.793146	-0.963198
-0.793647	-0.953604
-0.794108	-0.944023
-0.794528	-0.934455
-0.794907	-0.924900
-0.795243	-0.915359
-0.795538	-0.905832
-0.795790	-0.896320
-0.795999	-0.886822
-0.796164	-0.877340
-0.796284	-0.867873
-0.796360	-0.858422
-0.796392	-0.848987
-0.796377	-0.839569
-0.796317	-0.830168
-0.796210	-0.820784
-0.796057	-0.811419
-0.795857	-0.802072
-0.795609	-0.792744
-0.795313	-0.783436
-0.794969	-0.774148
-0.794576	-0.764880
-0.794135	-0.755633
-0.793644	-0.746408
-0.793103	-0.737205
-0.792513	-0.728025
-0.791872	-0.718868
-0.791180	-0.709735
-0.790438	-0.700626
-0.789645	-0.691542
-0.788800	-0.682484
-0.787904	-0.673452
-0.786955	-0.664448
-0.785955	-0.655470
-0.784902	-0.646521
-0.783797	-0.637601
-0.782640	-0.628710
-0.781429	-0.619850
-0.780165	-0.611021
-0.778849	-0.602223
-0.777479	-0.593457
-0.776056	-0.584725
-0.774579	-0.576026
-0.773049	-0.567362
-0.771465	-0.558733
-0.769828	-0.550140
-0.768137	-0.541584
-0.766392	-0.533065
-0.764594	-0.524585
-0.762742	-0.516144
-0.760836	-0.507742
-0.758877	-0.499382
-0.756865	-0.491062
-0.754799	-0.482785
-0.752680	-0.474551
-0.750507	-0.466360
-0.748282	-0.458214
-0.746004	-0.450114
-0.743674	-0.442060
-0.741290	-0.434052
-0.738855	-0.426093
-0.736368	-0.418183
-0.733829	-0.410321
-0.731239	-0.402511
-0.728597	-0.394751
-0.725905	-0.387043
-0.723162	-0.379389
-0.720369	-0.371787
-0.717527	-0.364241
-0.714635	-0.356749
-0.711694	-0.349314
-0.708705	-0.341936
-0.705668	-0.334615
-0.702583	-0.327353
-0.699451	-0.320150
-0.696273	-0.313008
-0.693048	-0.305927
-0.689779	-0.298907
-0.686464	-0.291950
-0.683105	-0.285057
-0.679703	-0.278228
-0.676258	-0.271464
-0.672770	-0.264766
-0.669241	-0.258134
-0.665671	-0.251570
-0.662061	-0.245073
-0.658412	-0.238646
-0.654724	-0.232288
-0.650998	-0.226001
-0.647235	-0.219785
-0.643436	-0.213641
-0.639602	-0.207569
-0.635733	-0.201571
-0.631831	-0.195646
-0.627897	-0.189796
-0.623930	-0.184021
-0.619933	-0.178323
-0.615907	-0.172701
-0.611852	-0.167156
-0.607769	-0.161689
-0.603659	-0.156301
-0.599525	-0.150992
-0.595365	-0.145762
-0.591183	-0.140613
-0.586978	-0.135544
-0.582753	-0.130557
-0.578507	-0.125651
-0.574243	-0.120828
-0.569962	-0.116088
-0.565664	-0.111431
-0.561352	-0.106858
-0.557026	-0.102369
-0.552688	-0.097965
-0.548339	-0.093645
-0.543980	-0.089411
-0.539613	-0.085263
-0.535239	-0.081201
-0.530860	-0.077225
-0.526476	-0.073336
-0.522090	-0.069534
-0.517703	-0.065819
-0.513316	-0.062191
-0.508932	-0.058651
-0.504550	-0.055199
-0.500174	-0.051835
-0.495804	-0.048558
-0.491442	-0.045370
-0.487089	-0.042271
-0.482748	-0.039259
-0.478420	-0.036336
-0.474107	-0.033501
-0.469810	-0.030754
-0.465531	-0.028096
-0.461271	-0.025525
-0.457033	-0.023043
-0.452818	-0.020648
-0.448628	-0.018341
-0.444465	-0.016121
-0.440330	-0.013989
-0.436225	-0.011943
-0.432153	-0.009984
-0.428115	-0.008111
-0.424113	-0.006323
-0.420148	-0.004621
-0.416223	-0.003004
-0.412340	-0.001471
-0.408501	-0.000022
-0.404707	0.001344
-0.400960	0.002628
-0.397263	0.003830
-0.393618	0.004950
-0.390026	0.005990
-0.386489	0.006951
-0.383011	0.007832
-0.379592	0.008636
-0.376235	0.009363
-0.372942	0.010015
-0.369715	0.010591
-0.366556	0.011094
-0.363468	0.011524
-0.360452	0.011882
-0.357511	0.012171
-0.354646	0.012391
-0.351861	0.012543
-0.349157	0.012629
-0.346537	0.012651
-0.344003	0.012610
-0.341557	0.012508
-0.339201	0.012346
-0.336938	0.012127
-0.334770	0.011851
-0.332700	0.011521
-0.330729	0.011139
-0.328860	0.010708
-0.327095	0.010228
-0.325437	0.009702
-0.323888	0.009134
-0.322451	0.008524
-0.321128	0.007876
-0.319921	0.007192
-0.318832	0.006474
-0.317865	0.005726
-0.317021	0.004950
-0.316303	0.004150
-0.315713	0.003328
-0.315255	0.002488
