   1.000000000000000e-02  -2.938863136543876e+00
   1.008562166358395e-02  -2.963984885009753e+00
   1.017197643409539e-02  -2.989320662648904e+00
   1.025907058851778e-02  -3.014872274456839e+00
   1.034691045757918e-02  -3.040641540173642e+00
   1.043550242621239e-02  -3.066630294392336e+00
   1.052485293401906e-02  -3.092840386667530e+00
   1.061496847573777e-02  -3.119273681624015e+00
   1.070585560171615e-02  -3.145932059066357e+00
   1.079752091838699e-02  -3.172817414088887e+00
   1.088997108874847e-02  -3.199931657185557e+00
   1.098321283284845e-02  -3.227276714361024e+00
   1.107725292827295e-02  -3.254854527241602e+00
   1.117209821063884e-02  -3.282667053186421e+00
   1.126775557409065e-02  -3.310716265400054e+00
   1.136423197180175e-02  -3.339004153044062e+00
   1.146153441647971e-02  -3.367532721349900e+00
   1.155966998087607e-02  -3.396303991732059e+00
   1.165864579830047e-02  -3.425320001900899e+00
   1.175846906313912e-02  -3.454582805976952e+00
   1.185914703137776e-02  -3.484094474604325e+00
   1.196068702112908e-02  -3.513857095065259e+00
   1.206309641316468e-02  -3.543872771394686e+00
   1.216638265145156e-02  -3.574143624494836e+00
   1.227055324369317e-02  -3.604671792250695e+00
   1.237561576187521e-02  -3.635459429645076e+00
   1.248157784281596e-02  -3.666508708874192e+00
   1.258844718872141e-02  -3.697821819463402e+00
   1.269623156774511e-02  -3.729400968383412e+00
   1.280493881455284e-02  -3.761248380166147e+00
   1.291457683089211e-02  -3.793366297021221e+00
   1.302515358616648e-02  -3.825756978952302e+00
   1.313667711801488e-02  -3.858422703873446e+00
   1.324915553289584e-02  -3.891365767726219e+00
   1.336259700667674e-02  -3.924588484595866e+00
   1.347700978522809e-02  -3.958093186828438e+00
   1.359240218502293e-02  -3.991882225147446e+00
   1.370878259374131e-02  -4.025957968770612e+00
   1.382615947087999e-02  -4.060322805526781e+00
   1.394454134836736e-02  -4.094979141972489e+00
   1.406393683118359e-02  -4.129929403508745e+00
   1.418435459798614e-02  -4.165176034497282e+00
   1.430580340174057e-02  -4.200721498377773e+00
   1.442829207035676e-02  -4.236568277782829e+00
   1.455182950733066e-02  -4.272718874655344e+00
   1.467642469239142e-02  -4.309175810363579e+00
   1.480208668215413e-02  -4.345941625817090e+00
   1.492882461077812e-02  -4.383018881581923e+00
   1.505664769063090e-02  -4.420410157995809e+00
   1.518556521295782e-02  -4.458118055282700e+00
   1.531558654855742e-02  -4.496145193667126e+00
   1.544672114846256e-02  -4.534494213487995e+00
   1.557897854462743e-02  -4.573167775312287e+00
   1.571236835062040e-02  -4.612168560047506e+00
   1.584690026232279e-02  -4.651499269054398e+00
   1.598258405863368e-02  -4.691162624258814e+00
   1.611942960218073e-02  -4.731161368262583e+00
   1.625744684003704e-02  -4.771498264454223e+00
   1.639664580444420e-02  -4.812176097119163e+00
   1.653703661354152e-02  -4.853197671547792e+00
   1.667862947210152e-02  -4.894565814144781e+00
   1.682143467227169e-02  -4.936283372535876e+00
   1.696546259432255e-02  -4.978353215674809e+00
   1.711072370740226e-02  -5.020778233948309e+00
   1.725722857029758e-02  -5.063561339281220e+00
   1.740498783220130e-02  -5.106705465239883e+00
   1.755401223348645e-02  -5.150213567134195e+00
   1.770431260648685e-02  -5.194088622119447e+00
   1.785589987628462e-02  -5.238333629295578e+00
   1.800878506150421e-02  -5.282951609806415e+00
   1.816297927511338e-02  -5.327945606936900e+00
   1.831849372523098e-02  -5.373318686208976e+00
   1.847533971594162e-02  -5.419073935475957e+00
   1.863352864811738e-02  -5.465214465015594e+00
   1.879307202024647e-02  -5.511743407621442e+00
   1.895398142926911e-02  -5.558663918691899e+00
   1.911626857142044e-02  -5.605979176319328e+00
   1.927994524308070e-02  -5.653692381374301e+00
   1.944502334163270e-02  -5.701806757591150e+00
   1.961151486632663e-02  -5.750325551649540e+00
   1.977943191915224e-02  -5.799252033254440e+00
   1.994878670571857e-02  -5.848589495213961e+00
   2.011959153614107e-02  -5.898341253515630e+00
   2.029185882593646e-02  -5.948510647398695e+00
   2.046560109692519e-02  -5.999101039426130e+00
   2.064083097814160e-02  -6.050115815552351e+00
   2.081756120675196e-02  -6.101558385188894e+00
   2.099580462898024e-02  -6.153432181268864e+00
   2.117557420104193e-02  -6.205740660305252e+00
   2.135688299008579e-02  -6.258487302450346e+00
   2.153974417514366e-02  -6.311675611549065e+00
   2.172417104808852e-02  -6.365309115190678e+00
   2.191017701460047e-02  -6.419391364757054e+00
   2.209777559514136e-02  -6.473925935467222e+00
   2.228698042593744e-02  -6.528916426419364e+00
   2.247780525997061e-02  -6.584366460628338e+00
   2.267026396797808e-02  -6.640279685059920e+00
   2.286437053946062e-02  -6.696659770661685e+00
   2.306013908369947e-02  -6.753510412388945e+00
   2.325758383078183e-02  -6.810835329227855e+00
   2.345671913263530e-02  -6.868638264213663e+00
   2.365755946407106e-02  -6.926922984444738e+00
   2.386011942383605e-02  -6.985693281092098e+00
   2.406441373567410e-02  -7.044952969405305e+00
   2.427045724939619e-02  -7.104705888711457e+00
   2.447826494195983e-02  -7.164955902412602e+00
   2.468785191855775e-02  -7.225706897974804e+00
   2.489923341371585e-02  -7.286962786914172e+00
   2.511242479240059e-02  -7.348727504777315e+00
   2.532744155113580e-02  -7.411005011115660e+00
   2.554429931912915e-02  -7.473799289454129e+00
   2.576301385940817e-02  -7.537114347255716e+00
   2.598360106996604e-02  -7.600954215877477e+00
   2.620607698491726e-02  -7.665322950523093e+00
   2.643045777566302e-02  -7.730224630186189e+00
   2.665675975206678e-02  -7.795663357590853e+00
   2.688499936363974e-02  -7.861643259121303e+00
   2.711519320073656e-02  -7.928168484748965e+00
   2.734735799576128e-02  -7.995243207949265e+00
   2.758151062438357e-02  -8.062871625612784e+00
   2.781766810676537e-02  -8.131057957948070e+00
   2.805584760879812e-02  -8.199806448378853e+00
   2.829606644335041e-02  -8.269121363430280e+00
   2.853834207152657e-02  -8.339006992610196e+00
   2.878269210393576e-02  -8.409467648280105e+00
   2.902913430197212e-02  -8.480507665518896e+00
   2.927768657910579e-02  -8.552131401977420e+00
   2.952836700218502e-02  -8.624343237723890e+00
   2.978119379274947e-02  -8.697147575080708e+00
   3.003618532835459e-02  -8.770548838451910e+00
   3.029336014390754e-02  -8.844551474140889e+00
   3.055273693301445e-02  -8.919159950157917e+00
   3.081433454933918e-02  -8.994378756018332e+00
   3.107817200797386e-02  -9.070212402530206e+00
   3.134426848682094e-02  -9.146665421570757e+00
   3.161264332798729e-02  -9.223742365853001e+00
   3.188331603919013e-02  -9.301447808680738e+00
   3.215630629517494e-02  -9.379786343692341e+00
   3.243163393914574e-02  -9.458762584592769e+00
   3.270931898420725e-02  -9.538381164874140e+00
   3.298938161481984e-02  -9.618646737523575e+00
   3.327184218826650e-02  -9.699563974718915e+00
   3.355672123613269e-02  -9.781137567512333e+00
   3.384403946579875e-02  -9.863372225499623e+00
   3.413381776194498e-02  -9.946272676477008e+00
   3.442607718806989e-02  -1.002984366608484e+01
   3.472083898802109e-02  -1.011408995743624e+01
   3.501812458753956e-02  -1.019901633073273e+01
   3.531795559581708e-02  -1.028462758286475e+01
   3.562035380706686e-02  -1.037092852699649e+01
   3.592534120210784e-02  -1.045792399213805e+01
   3.623293994996239e-02  -1.054561882269932e+01
   3.654317240946769e-02  -1.063401787803100e+01
   3.685606113090107e-02  -1.072312603194619e+01
   3.717162885761900e-02  -1.081294817222901e+01
   3.748989852771045e-02  -1.090348920012429e+01
   3.781089327566405e-02  -1.099475402980980e+01
   3.813463643404978e-02  -1.108674758785416e+01
   3.846115153521504e-02  -1.117947481265305e+01
   3.879046231299497e-02  -1.127294065384980e+01
   3.912259270443787e-02  -1.136715007173768e+01
   3.945756685154500e-02  -1.146210803664114e+01
   3.979540910302540e-02  -1.155781952828119e+01
   4.013614401606590e-02  -1.165428953511788e+01
   4.047979635811593e-02  -1.175152305367659e+01
   4.082639110868807e-02  -1.184952508785016e+01
   4.117595346117355e-02  -1.194830064818408e+01
   4.152850882467363e-02  -1.204785475113846e+01
   4.188408282584657e-02  -1.214819241832980e+01
   4.224270131077024e-02  -1.224931867575135e+01
   4.260439034682104e-02  -1.235123855296952e+01
   4.296917622456851e-02  -1.245395708230174e+01
   4.333708545968644e-02  -1.255747929796726e+01
   4.370814479488027e-02  -1.266181023521869e+01
   4.408238120183083e-02  -1.276695492944721e+01
   4.445982188315508e-02  -1.287291841526654e+01
   4.484049427438326e-02  -1.297970572557050e+01
   4.522442604595318e-02  -1.308732189056812e+01
   4.561164510522156e-02  -1.319577193679243e+01
   4.600217959849251e-02  -1.330506088608560e+01
   4.639605791306357e-02  -1.341519375455599e+01
   4.679330867928894e-02  -1.352617555151317e+01
   4.719396077266073e-02  -1.363801127837346e+01
   4.759804331590782e-02  -1.375070592754051e+01
   4.800558568111268e-02  -1.386426448125924e+01
   4.841661749184655e-02  -1.397869191044076e+01
   4.883116862532251e-02  -1.409399317346363e+01
   4.924926921456736e-02  -1.421017321494274e+01
   4.967094965061186e-02  -1.432723696447376e+01
   5.009624058469983e-02  -1.444518933534736e+01
   5.052517293051623e-02  -1.456403522323509e+01
   5.095777786643396e-02  -1.468377950484714e+01
   5.139408683778050e-02  -1.480442703656102e+01
   5.183413155912336e-02  -1.492598265301779e+01
   5.227794401657548e-02  -1.504845116569414e+01
   5.272555647012028e-02  -1.517183736143906e+01
   5.317700145595636e-02  -1.529614600098418e+01
   5.363231178886287e-02  -1.542138181742120e+01
   5.409152056458442e-02  -1.554754951465247e+01
   5.455466116223690e-02  -1.567465376580520e+01
   5.502176724673387e-02  -1.580269921162069e+01
   5.549287277123326e-02  -1.593169045880924e+01
   5.596801197960580e-02  -1.606163207837440e+01
   5.644721940892383e-02  -1.619252860390755e+01
   5.693052989197182e-02  -1.632438452984749e+01
   5.741797855977848e-02  -1.645720430971519e+01
   5.790960084417003e-02  -1.659099235430928e+01
   5.840543248034606e-02  -1.672575302987626e+01
   5.890550950947678e-02  -1.686149065624705e+01
   5.940986828132291e-02  -1.699820950494147e+01
   5.991854545687795e-02  -1.713591379724146e+01
   6.043157801103276e-02  -1.727460770223602e+01
   6.094900323526354e-02  -1.741429533482994e+01
   6.147085874034221e-02  -1.755498075372633e+01
   6.199718245907038e-02  -1.769666795937543e+01
   6.252801264903673e-02  -1.783936089189362e+01
   6.306338789539757e-02  -1.798306342895062e+01
   6.360334711368196e-02  -1.812777938363130e+01
   6.414792955262004e-02  -1.827351250226041e+01
   6.469717479699613e-02  -1.842026646220324e+01
   6.525112277052621e-02  -1.856804486963543e+01
   6.580981373875947e-02  -1.871685125728387e+01
   6.637328831200570e-02  -1.886668908213853e+01
   6.694158744828681e-02  -1.901756172313894e+01
   6.751475245631404e-02  -1.916947247882899e+01
   6.809282499849088e-02  -1.932242456498975e+01
   6.867584709394101e-02  -1.947642111224413e+01
   6.926386112156302e-02  -1.963146516363324e+01
   6.985690982311060e-02  -1.978755967217297e+01
   7.045503630629943e-02  -1.994470749838383e+01
   7.105828404794075e-02  -2.010291140779619e+01
   7.166669689710126e-02  -2.026217406843648e+01
   7.228031907829091e-02  -2.042249804828726e+01
   7.289919519467709e-02  -2.058388581273289e+01
   7.352337023132702e-02  -2.074633972197881e+01
   7.415288955847750e-02  -2.090986202845604e+01
   7.478779893483284e-02  -2.107445487420949e+01
   7.542814451089107e-02  -2.124012028826569e+01
   7.607397283229836e-02  -2.140686018398816e+01
   7.672533084323252e-02  -2.157467635641878e+01
   7.738226588981516e-02  -2.174357047960482e+01
   7.804482572355326e-02  -2.191354410391809e+01
   7.871305850481027e-02  -2.208459865336119e+01
   7.938701280630651e-02  -2.225673542286543e+01
   8.006673761665015e-02  -2.242995557558512e+01
   8.075228234389785e-02  -2.260426014018247e+01
   8.144369681914634e-02  -2.277965000811399e+01
   8.214103130015454e-02  -2.295612593090931e+01
   8.284433647499659e-02  -2.313368851745560e+01
   8.355366346574636e-02  -2.331233823127945e+01
   8.426906383219342e-02  -2.349207538783618e+01
   8.499058957559082e-02  -2.367290015180079e+01
   8.571829314243513e-02  -2.385481253437192e+01
   8.645222742827828e-02  -2.403781239057927e+01
   8.719244578157298e-02  -2.422189941661030e+01
   8.793900200755014e-02  -2.440707314714334e+01
   8.869195037212996e-02  -2.459333295270380e+01
   8.945134560586669e-02  -2.478067803703452e+01
   9.021724290792635e-02  -2.496910743449027e+01
   9.098969795009974e-02  -2.515862000745392e+01
   9.176876688084859e-02  -2.534921444377782e+01
   9.255450632938714e-02  -2.554088925425792e+01
   9.334697340979850e-02  -2.573364277013373e+01
   9.414622572518581e-02  -2.592747314062428e+01
   9.495232137185985e-02  -2.612237833050176e+01
   9.576531894356149e-02  -2.631835611770127e+01
   9.658527753572096e-02  -2.651540409097512e+01
   9.741225674975360e-02  -2.671351964759235e+01
   9.824631669739162e-02  -2.691269999107861e+01
   9.908751800505423e-02  -2.711294212901811e+01
   9.993592181825396e-02  -2.731424287089759e+01
   1.007915898060414e-01  -2.751659882601392e+01
   1.016545841654878e-01  -2.772000640143813e+01
   1.025249676262061e-01  -2.792446180003919e+01
   1.034028034549107e-01  -2.812996101857788e+01
   1.042881554600161e-01  -2.833649984586490e+01
   1.051810879962749e-01  -2.854407386099115e+01
   1.060816659694559e-01  -2.875267843163270e+01
   1.069899548410621e-01  -2.896230871243161e+01
   1.079060206330884e-01  -2.917295964345923e+01
   1.088299299328213e-01  -2.938462594876146e+01
   1.097617498976786e-01  -2.959730213498868e+01
   1.107015482600910e-01  -2.981098249011744e+01
   1.116493933324258e-01  -3.002566108226397e+01
   1.126053540119519e-01  -3.024133175859244e+01
   1.135694997858482e-01  -3.045798814432064e+01
   1.145419007362543e-01  -3.067562364182861e+01
   1.155226275453649e-01  -3.089423142987098e+01
   1.165117515005671e-01  -3.111380446289425e+01
   1.175093444996229e-01  -3.133433547046445e+01
   1.185154790558946e-01  -3.155581695680995e+01
   1.195302283036161e-01  -3.177824120047368e+01
   1.205536660032085e-01  -3.200160025409088e+01
   1.215858665466423e-01  -3.222588594427649e+01
   1.226269049628443e-01  -3.245108987164651e+01
   1.236768569231512e-01  -3.267720341095449e+01
   1.247357987468107e-01  -3.290421771136136e+01
   1.258038074065281e-01  -3.313212369683458e+01
   1.268809605340622e-01  -3.336091206667212e+01
   1.279673364258678e-01  -3.359057329617139e+01
   1.290630140487868e-01  -3.382109763741999e+01
   1.301680730457883e-01  -3.405247512023595e+01
   1.312825937417581e-01  -3.428469555324099e+01
   1.324066571493365e-01  -3.451774852507005e+01
   1.335403449748081e-01  -3.475162340573074e+01
   1.346837396240398e-01  -3.498630934810182e+01
   1.358369242084716e-01  -3.522179528957295e+01
   1.369999825511572e-01  -3.545806995383270e+01
   1.381729991928574e-01  -3.569512185280425e+01
   1.393560593981850e-01  -3.593293928872023e+01
   1.405492491618026e-01  -3.617151035635232e+01
   1.417526552146735e-01  -3.641082294538116e+01
   1.429663650303657e-01  -3.665086474292101e+01
   1.441904668314106e-01  -3.689162323618351e+01
   1.454250495957158e-01  -3.713308571529274e+01
   1.466702030630321e-01  -3.737523927624896e+01
   1.479260177414773e-01  -3.761807082403389e+01
   1.491925849141147e-01  -3.786156707586311e+01
   1.504699966455884e-01  -3.810571456458532e+01
   1.517583457888149e-01  -3.835049964222009e+01
   1.530577259917336e-01  -3.859590848364132e+01
   1.543682317041124e-01  -3.884192709040086e+01
   1.556899581844143e-01  -3.908854129468777e+01
   1.570230015067208e-01  -3.933573676342987e+01
   1.583674585677157e-01  -3.958349900252416e+01
   1.597234270937287e-01  -3.983181336120377e+01
   1.610910056478382e-01  -4.008066503653613e+01
   1.624702936370361e-01  -4.033003907804147e+01
   1.638613913194537e-01  -4.057992039244739e+01
   1.652643998116488e-01  -4.083029374855566e+01
   1.666794210959564e-01  -4.108114378222891e+01
   1.681065580279010e-01  -4.133245500149914e+01
   1.695459143436730e-01  -4.158421179177956e+01
   1.709975946676697e-01  -4.183639842119123e+01
   1.724617045200996e-01  -4.208899904598746e+01
   1.739383503246530e-01  -4.234199771608304e+01
   1.754276394162375e-01  -4.259537838068047e+01
   1.769296800487798e-01  -4.284912489398213e+01
   1.784445814030951e-01  -4.310322102099347e+01
   1.799724535948224e-01  -4.335765044341171e+01
   1.815134076824298e-01  -4.361239676558451e+01
   1.830675556752859e-01  -4.386744352054860e+01
   1.846350105418024e-01  -4.412277417613406e+01
   1.862158862176453e-01  -4.437837214113195e+01
   1.878102976140167e-01  -4.463422077151715e+01
   1.894183606260075e-01  -4.489030337672857e+01
   1.910401921410218e-01  -4.514660322599225e+01
   1.926759100472730e-01  -4.540310355468889e+01
   1.943256332423529e-01  -4.565978757075551e+01
   1.959894816418743e-01  -4.591663846112099e+01
   1.976675761881875e-01  -4.617363939816069e+01
   1.993600388591715e-01  -4.643077354617765e+01
   2.010669926770998e-01  -4.668802406789286e+01
   2.027885617175833e-01  -4.694537413094540e+01
   2.045248711185889e-01  -4.720280691439319e+01
   2.062760470895354e-01  -4.746030561521191e+01
   2.080422169204681e-01  -4.771785345478589e+01
   2.098235089913104e-01  -4.797543368537731e+01
   2.116200527811962e-01  -4.823302959658724e+01
   2.134319788778811e-01  -4.849062452177854e+01
   2.152594189872348e-01  -4.874820184447228e+01
   2.171025059428150e-01  -4.900574500470526e+01
   2.189613737155218e-01  -4.926323750535062e+01
   2.208361574233367e-01  -4.952066291837731e+01
   2.227269933411440e-01  -4.977800489107176e+01
   2.246340189106359e-01  -5.003524715218673e+01
   2.265573727503036e-01  -5.029237351803611e+01
   2.284971946655126e-01  -5.054936789851346e+01
   2.304536256586652e-01  -5.080621430304361e+01
   2.324268079394500e-01  -5.106289684644818e+01
   2.344168849351781e-01  -5.131939975473183e+01
   2.364240013012099e-01  -5.157570737078054e+01
   2.384483029314682e-01  -5.183180415996681e+01
   2.404899369690444e-01  -5.208767471565422e+01
   2.425490518168932e-01  -5.234330376460724e+01
   2.446257971486203e-01  -5.259867617229254e+01
   2.467203239193617e-01  -5.285377694807105e+01
   2.488327843767564e-01  -5.310859125027958e+01
   2.509633320720128e-01  -5.336310439119534e+01
   2.531121218710705e-01  -5.361730184188085e+01
   2.552793099658568e-01  -5.387116923690829e+01
   2.574650538856407e-01  -5.412469237895312e+01
   2.596695125084826e-01  -5.437785724327058e+01
   2.618928460727836e-01  -5.463064998202692e+01
   2.641352161889322e-01  -5.488305692851171e+01
   2.663967858510525e-01  -5.513506460120303e+01
   2.686777194488507e-01  -5.538665970770304e+01
   2.709781827795660e-01  -5.563782914853129e+01
   2.732983430600202e-01  -5.588856002077708e+01
   2.756383689387737e-01  -5.613883962160947e+01
   2.779984305083841e-01  -5.638865545164715e+01
   2.803786993177694e-01  -5.663799521817508e+01
   2.827793483846786e-01  -5.688684683822606e+01
   2.852005522082667e-01  -5.713519844150787e+01
   2.876424867817799e-01  -5.738303837318855e+01
   2.901053296053480e-01  -5.763035519653101e+01
   2.925892596988858e-01  -5.787713769538059e+01
   2.950944576151073e-01  -5.812337487651018e+01
   2.976211054526481e-01  -5.836905597180868e+01
   3.001693868693031e-01  -5.861417044033274e+01
   3.027394870953755e-01  -5.885870797020387e+01
   3.053315929471410e-01  -5.910265848036461e+01
   3.079458928404282e-01  -5.934601212218814e+01
   3.105825768043124e-01  -5.958875928094253e+01
   3.132418364949299e-01  -5.983089057711597e+01
   3.159238652094086e-01  -6.007239686759405e+01
   3.186288578999185e-01  -6.031326924670232e+01
   3.213570111878430e-01  -6.055349904710767e+01
   3.241085233780698e-01  -6.079307784058562e+01
   3.268835944734066e-01  -6.103199743864232e+01
   3.296824261891180e-01  -6.127024989301649e+01
   3.325052219675885e-01  -6.150782749604113e+01
   3.353521869931098e-01  -6.174472278087690e+01
   3.382235282067964e-01  -6.198092852161960e+01
   3.411194543216262e-01  -6.221643773328115e+01
   3.440401758376129e-01  -6.245124367165109e+01
   3.469859050571060e-01  -6.268533983303328e+01
   3.499568561002229e-01  -6.291871995386596e+01
   3.529532449204139e-01  -6.315137801022983e+01
   3.559752893201578e-01  -6.338330821723929e+01
   3.590232089667947e-01  -6.361450502832604e+01
   3.620972254084932e-01  -6.384496313441539e+01
   3.651975620903538e-01  -6.407467746299692e+01
   3.683244443706516e-01  -6.430364317709727e+01
   3.714780995372165e-01  -6.453185567414754e+01
   3.746587568239546e-01  -6.475931058476229e+01
   3.778666474275106e-01  -6.498600377142120e+01
   3.811020045240737e-01  -6.521193132706134e+01
   3.843650632863266e-01  -6.543708957358457e+01
   3.876560609005392e-01  -6.566147506027929e+01
   3.909752365838096e-01  -6.588508456216088e+01
   3.943228316014530e-01  -6.610791507823627e+01
   3.976990892845378e-01  -6.632996382969056e+01
   4.011042550475741e-01  -6.655122825800450e+01
   4.045385764063515e-01  -6.677170602300099e+01
   4.080023029959309e-01  -6.699139500082573e+01
   4.114956865887903e-01  -6.721029328186576e+01
   4.150189811131255e-01  -6.742839916860723e+01
   4.185724426713074e-01  -6.764571117343398e+01
   4.221563295584989e-01  -6.786222801637359e+01
   4.257709022814281e-01  -6.807794862279431e+01
   4.294164235773256e-01  -6.829287212104417e+01
   4.330931584330216e-01  -6.850699784005508e+01
   4.368013741042076e-01  -6.872032530689445e+01
   4.405413401348633e-01  -6.893285424428153e+01
   4.443133283768482e-01  -6.914458456806281e+01
   4.481176130096630e-01  -6.935551638465310e+01
   4.519544705603785e-01  -6.956564998844237e+01
   4.558241799237365e-01  -6.977498585917274e+01
   4.597270223824225e-01  -6.998352465928831e+01
   4.636632816275103e-01  -7.019126723125578e+01
   4.676332437790844e-01  -7.039821459486691e+01
   4.716371974070367e-01  -7.060436794451255e+01
   4.756754335520427e-01  -7.080972864644578e+01
   4.797482457467169e-01  -7.101429823602099e+01
   4.838559300369484e-01  -7.121807841492424e+01
   4.879987850034206e-01  -7.142107104838446e+01
   4.921771117833145e-01  -7.162327816237850e+01
   4.963912140921973e-01  -7.182470194082887e+01
   5.006413982461003e-01  -7.202534472278587e+01
   5.049279731837828e-01  -7.222520899961472e+01
   5.092512504891895e-01  -7.242429741217272e+01
   5.136115444140986e-01  -7.262261274798503e+01
   5.180091719009640e-01  -7.282015793842479e+01
   5.224444526059544e-01  -7.301693605588667e+01
   5.269177089221871e-01  -7.321295031097020e+01
   5.314292660031632e-01  -7.340820404966473e+01
   5.359794517864021e-01  -7.360270075053691e+01
   5.405685970172784e-01  -7.379644402193082e+01
   5.451970352730643e-01  -7.398943759916965e+01
   5.455506925921418e-01  -7.400408615391686e+01
   5.498651029871759e-01  -7.418168534177357e+01
   5.545731394736281e-01  -7.437319123067975e+01
   5.593214869516986e-01  -7.456395936548140e+01
   5.641104905708039e-01  -7.475399396167369e+01
   5.689404984355866e-01  -7.494329934791661e+01
   5.738118616312201e-01  -7.513187996330971e+01
   5.787249342489269e-01  -7.531974035468257e+01
   5.836800734117173e-01  -7.550688517390051e+01
   5.886776393003487e-01  -7.569331917518905e+01
   5.937179951795052e-01  -7.587904721247293e+01
   5.988015074242048e-01  -7.606407423673443e+01
   6.039285455464284e-01  -7.624840529338884e+01
   6.090994822219804e-01  -7.643204551968104e+01
   6.143146933175773e-01  -7.661500014209960e+01
   6.195745579181683e-01  -7.679727447381211e+01
   6.248794583544927e-01  -7.697887391211987e+01
   6.302297802308675e-01  -7.715980393593283e+01
   6.356259124532189e-01  -7.734007010326775e+01
   6.410682472573499e-01  -7.751967804876486e+01
   6.465571802374516e-01  -7.769863348122726e+01
   6.520931103748594e-01  -7.787694218118304e+01
   6.576764400670521e-01  -7.805460999846680e+01
   6.633075751569031e-01  -7.823164284982511e+01
   6.689869249621800e-01  -7.840804671654327e+01
   6.703200460356412e-01  -7.844914724696882e+01
   6.747149023052970e-01  -7.858382764209405e+01
   6.804919235433230e-01  -7.875899172980782e+01
   6.863184085982451e-01  -7.893354514056759e+01
   6.921947809874921e-01  -7.910749409052158e+01
   6.981214678547197e-01  -7.928084484882177e+01
   7.040989000008587e-01  -7.945360373538280e+01
   7.101275119154286e-01  -7.962577711866082e+01
   7.162077418081215e-01  -7.979737141345763e+01
   7.223400316406530e-01  -7.996839307874292e+01
   7.285248271588884e-01  -8.013884861549899e+01
   7.347625779252438e-01  -8.030874456458695e+01
   7.410537373513624e-01  -8.047808750463217e+01
   7.473987627310751e-01  -8.064688404993134e+01
   7.537981152736370e-01  -8.081514084837990e+01
   7.602522601372544e-01  -8.098286457941782e+01
   7.667616664628953e-01  -8.115006195199655e+01
   7.733268074083903e-01  -8.131673970256368e+01
   7.799481601828274e-01  -8.148290459306858e+01
   7.866262060812368e-01  -8.164856340898272e+01
   7.933614305195774e-01  -8.181372295734349e+01
   8.001543230700202e-01  -8.197839006481020e+01
   8.070053774965341e-01  -8.214257157574131e+01
   8.139150917907787e-01  -8.230627435028660e+01
   8.208839682082996e-01  -8.246950526249563e+01
   8.279125133050385e-01  -8.263227119844531e+01
   8.350012379741530e-01  -8.279457905437691e+01
   8.421506574831530e-01  -8.295643573485593e+01
   8.493612915113553e-01  -8.311784815094012e+01
   8.566336641876567e-01  -8.327882321836606e+01
   8.639683041286328e-01  -8.343936785574608e+01
   8.713657444769625e-01  -8.359948898278236e+01
   8.788265229401804e-01  -8.375919351849038e+01
   8.863511818297640e-01  -8.391848837943800e+01
   8.939402681005504e-01  -8.407738047799319e+01
   9.015943333904953e-01  -8.423587672058612e+01
   9.093139340607710e-01  -8.439398400598060e+01
   9.170996312362057e-01  -8.455170922355754e+01
   9.249519908460724e-01  -8.470905925160740e+01
   9.328715836652249e-01  -8.486604095563297e+01
   9.408589853555859e-01  -8.502266118666086e+01
   9.489147765079911e-01  -8.517892677956316e+01
   9.570395426843916e-01  -8.533484455138617e+01
   9.652338744604171e-01  -8.549042129968792e+01
   9.734983674683052e-01  -8.564566380088307e+01
   9.801986733067528e-01  -8.577032181520704e+01
   9.818336224401947e-01  -8.580057880859613e+01
   9.902402452517931e-01  -8.595517305201886e+01
   9.987188469664167e-01  -8.610945323427731e+01
   1.007270043879407e+00  -8.626342603080313e+01
   1.015894457562931e+00  -8.641709808771148e+01
   1.024592714911155e+00  -8.657047602018415e+01
   1.033365448185824e+00  -8.672356641085736e+01
   1.042213295062209e+00  -8.687637580821462e+01
   1.051136898675461e+00  -8.702891072498642e+01
   1.060136907667369e+00  -8.718117763654969e+01
   1.069213976233490e+00  -8.733318297933512e+01
   1.078368764170722e+00  -8.748493314923854e+01
   1.087601936925249e+00  -8.763643450003218e+01
   1.096914165640915e+00  -8.778769334178280e+01
   1.106306127208013e+00  -8.793871593927302e+01
   1.115778504312479e+00  -8.808950851042398e+01
   1.125331985485523e+00  -8.824007722472265e+01
   1.134967265153673e+00  -8.839042820165074e+01
   1.144685043689251e+00  -8.854056750911894e+01
   1.154486027461285e+00  -8.869050116190125e+01
   1.164370928886851e+00  -8.884023512007388e+01
   1.174340466482858e+00  -8.898977528745702e+01
   1.184395364918280e+00  -8.913912751005920e+01
   1.194536355066822e+00  -8.928829757452476e+01
   1.204764174060055e+00  -8.943729120658404e+01
   1.215079565340991e+00  -8.958611406950925e+01
   1.225483278718126e+00  -8.973477176257011e+01
   1.235976070419942e+00  -8.988326981949670e+01
   1.246558703149872e+00  -9.003161370694433e+01
   1.257231946141747e+00  -9.017980882296359e+01
   1.267996575215701e+00  -9.032786049547460e+01
   1.278853372834572e+00  -9.047577398074668e+01
   1.289803128160777e+00  -9.062355446188299e+01
   1.300846637113667e+00  -9.077120704731186e+01
   1.311984702427393e+00  -9.091873676928317e+01
   1.323218133709245e+00  -9.106614858237300e+01
   1.334547747498509e+00  -9.121344736199508e+01
   1.345974367325812e+00  -9.136063790291972e+01
   1.357498823772990e+00  -9.150772491780371e+01
   1.369121954533461e+00  -9.165471303572603e+01
   1.380844604473106e+00  -9.180160680073780e+01
   1.392667625691697e+00  -9.194841067042051e+01
   1.404591877584820e+00  -9.209512901445635e+01
   1.416618226906351e+00  -9.224176611321313e+01
   1.428747547831458e+00  -9.238832615634041e+01
   1.440980722020139e+00  -9.253481324138193e+01
   1.453318638681316e+00  -9.268123137240377e+01
   1.465762194637461e+00  -9.282758445863807e+01
   1.478312294389792e+00  -9.297387631314578e+01
   1.490969850184019e+00  -9.312011065149822e+01
   1.503735782076645e+00  -9.326629109047916e+01
   1.516611018001857e+00  -9.341242114680779e+01
   1.529596493838962e+00  -9.355850423588591e+01
   1.542693153480428e+00  -9.370454367056844e+01
   1.555901948900485e+00  -9.385054265996018e+01
   1.569223840224321e+00  -9.399650430823978e+01
   1.582659795797882e+00  -9.414243161351295e+01
   1.596210792258246e+00  -9.428832746669488e+01
   1.609877814604626e+00  -9.443419465042689e+01
   1.623661856269961e+00  -9.458003583802409e+01
   1.637563919193123e+00  -9.472585359246118e+01
   1.651585013891761e+00  -9.487165036539398e+01
   1.665726159535733e+00  -9.501742849621988e+01
   1.679988384021208e+00  -9.516319021118082e+01
   1.694372724045369e+00  -9.530893762250788e+01
   1.708880225181771e+00  -9.545467272761093e+01
   1.723511941956350e+00  -9.560039740831536e+01
   1.738268937924059e+00  -9.574611343014818e+01
   1.753152285746195e+00  -9.589182244167473e+01
   1.768163067268355e+00  -9.603752597388849e+01
   1.783302373599075e+00  -9.618322543965640e+01
   1.798571305189152e+00  -9.632892213322197e+01
   1.813970971911616e+00  -9.647461722976763e+01
   1.829502493142422e+00  -9.662031178503979e+01
   1.845166997841806e+00  -9.676600673503792e+01
   1.860965624636347e+00  -9.691170289577005e+01
   1.876899521901739e+00  -9.705740096307791e+01
   1.892969847846252e+00  -9.720310151253251e+01
   1.909177770594936e+00  -9.734880499940482e+01
   1.925524468274521e+00  -9.749451175871101e+01
   1.942011129099046e+00  -9.764022200533759e+01
   1.958638951456247e+00  -9.778593583424657e+01
   1.975409143994647e+00  -9.793165322076426e+01
   1.992322925711422e+00  -9.807737402095626e+01
   2.009381526041008e+00  -9.822309797208953e+01
   2.026586184944456e+00  -9.836882469318641e+01
   2.043938152999576e+00  -9.851455368567021e+01
   2.061438691491828e+00  -9.866028433410703e+01
   2.079089072506012e+00  -9.880601590704462e+01
   2.096890579018730e+00  -9.895174755795159e+01
   2.114844504991639e+00  -9.909747832625848e+01
   2.132952155465516e+00  -9.924320713850328e+01
   2.151214846655107e+00  -9.938893280958419e+01
   2.169633906044816e+00  -9.953465404411988e+01
   2.188210672485187e+00  -9.968036943792187e+01
   2.206946496290219e+00  -9.982607747957937e+01
   2.225842739335534e+00  -9.997177655215853e+01
   2.244900775157349e+00  -1.001174649350192e+02
   2.264121989052337e+00  -1.002631408057495e+02
   2.283507778178302e+00  -1.004088022422213e+02
   2.303059551655752e+00  -1.005544472247675e+02
   2.322778730670320e+00  -1.007000736384825e+02
   2.342666748576060e+00  -1.008456792756477e+02
   2.362725050999649e+00  -1.009912618382838e+02
   2.382955095945454e+00  -1.011368189408299e+02
   2.403358353901523e+00  -1.012823481129515e+02
   2.423936307946467e+00  -1.014278468024785e+02
   2.444690453857257e+00  -1.015733123784727e+02
   2.465622300217964e+00  -1.017187421344276e+02
   2.486733368529397e+00  -1.018641332915987e+02
   2.508025193319716e+00  -1.020094830024675e+02
   2.529499322255966e+00  -1.021547883543361e+02
   2.551157316256567e+00  -1.023000463730555e+02
   2.573000749604794e+00  -1.024452540268862e+02
   2.595031210063184e+00  -1.025904082304910e+02
   2.617250298988970e+00  -1.027355058490587e+02
   2.639659631450474e+00  -1.028805437025604e+02
   2.662260836344491e+00  -1.030255185701351e+02
   2.685055556514713e+00  -1.031704271946055e+02
   2.708045448871123e+00  -1.033152662871213e+02
   2.731232184510451e+00  -1.034600325319300e+02
   2.754617448837633e+00  -1.036047225912724e+02
   2.778202941688316e+00  -1.037493331104025e+02
   2.801990377452436e+00  -1.038938607227279e+02
   2.825981485198803e+00  -1.040383020550703e+02
   2.850178008800818e+00  -1.041826537330426e+02
   2.874581707063211e+00  -1.043269123865402e+02
   2.899194353849883e+00  -1.044710746553439e+02
   2.924017738212867e+00  -1.046151371948310e+02
   2.949053664522341e+00  -1.047590966817916e+02
   2.974303952597814e+00  -1.049029498203460e+02
   2.999770437840390e+00  -1.050466933479611e+02
   3.025454971366173e+00  -1.051903240415590e+02
   3.051359420140844e+00  -1.053338387237168e+02
   3.077485667115344e+00  -1.054772342689507e+02
   3.103835611362760e+00  -1.056205076100816e+02
   3.130411168216360e+00  -1.057636557446763e+02
   3.157214269408804e+00  -1.059066757415594e+02
   3.184246863212582e+00  -1.060495647473918e+02
   3.211510914581603e+00  -1.061923199933087e+02
   3.239008405294050e+00  -1.063349388016128e+02
   3.266741334096419e+00  -1.064774185925164e+02
   3.294711716848796e+00  -1.066197568909268e+02
   3.322921586671410e+00  -1.067619513332681e+02
   3.351372994092390e+00  -1.069039996743343e+02
   3.380068007196840e+00  -1.070458997941662e+02
   3.409008711777149e+00  -1.071876497049460e+02
   3.438197211484601e+00  -1.073292475579029e+02
   3.467635627982303e+00  -1.074706916502228e+02
   3.497326101099383e+00  -1.076119804319547e+02
   3.527270788986551e+00  -1.077531125129078e+02
   3.557471868272962e+00  -1.078940866695304e+02
   3.587931534224424e+00  -1.080349018517657e+02
   3.618652000902986e+00  -1.081755571898746e+02
   3.649635501327854e+00  -1.083160520012197e+02
   3.680884287637729e+00  -1.084563857970036e+02
   3.712400631254483e+00  -1.085965582889516e+02
   3.744186823048292e+00  -1.087365693959336e+02
   3.776245173504144e+00  -1.088764192505177e+02
   3.808578012889770e+00  -1.090161082054454e+02
   3.841187691425059e+00  -1.091556368400242e+02
   3.874076579452857e+00  -1.092950059664283e+02
   3.907247067611292e+00  -1.094342166359001e+02
   3.940701567007533e+00  -1.095732701448458e+02
   3.974442509393037e+00  -1.097121680408171e+02
   4.008472347340338e+00  -1.098509121283729e+02
   4.042793554421290e+00  -1.099895044748124e+02
   4.077408625386890e+00  -1.101279474157744e+02
   4.112320076348609e+00  -1.102662435606944e+02
   4.147530444961270e+00  -1.104043957981138e+02
   4.183042290607538e+00  -1.105424073008350e+02
   4.218858194583920e+00  -1.106802815309148e+02
   4.254980760288422e+00  -1.108180222444912e+02
   4.291412613409784e+00  -1.109556334964372e+02
   4.328156402118310e+00  -1.110931196448359e+02
   4.365214797258401e+00  -1.112304853552712e+02
   4.402590492542652e+00  -1.113677356049300e+02
   4.440286204747688e+00  -1.115048756865088e+02
   4.478304673911626e+00  -1.116419112119225e+02
   4.516648663533233e+00  -1.117788481158091e+02
   4.555320960772828e+00  -1.119156926588266e+02
   4.594324376654846e+00  -1.120524514307390e+02
   4.633661746272192e+00  -1.121891313532869e+02
   4.673335928992307e+00  -1.123257396828401e+02
   4.713349808665001e+00  -1.124622840128288e+02
   4.753706293832102e+00  -1.125987722759512e+02
   4.794408317938839e+00  -1.127352127461547e+02
   4.835458839547100e+00  -1.128716140403899e+02
   4.876860842550476e+00  -1.130079851201346e+02
   4.918617336391133e+00  -1.131443352926869e+02
   4.960731356278601e+00  -1.132806742122268e+02
   5.003205963410363e+00  -1.134170118806458e+02
   5.046044245194393e+00  -1.135533586481440e+02
   5.089249315473571e+00  -1.136897252135949e+02
   5.132824314752001e+00  -1.138261226246787e+02
   5.176772410423323e+00  -1.139625622777844e+02
   5.221096797000914e+00  -1.140990559176828e+02
   5.265800696350117e+00  -1.142356156369715e+02
   5.310887357922421e+00  -1.143722538752929e+02
   5.356360058991646e+00  -1.145089834183291e+02
   5.402222104892197e+00  -1.146458173965759e+02
   5.448476829259279e+00  -1.147827692838970e+02
   5.495127594271255e+00  -1.149198528958644e+02
   5.542177790894014e+00  -1.150570823878862e+02
   5.589630839127447e+00  -1.151944722531274e+02
   5.637490188254074e+00  -1.153320373202264e+02
   5.685759317089722e+00  -1.154697927508124e+02
   5.734441734236435e+00  -1.156077540368287e+02
   5.783540978337492e+00  -1.157459369976659e+02
   5.833060618334609e+00  -1.158843577771111e+02
   5.883004253727394e+00  -1.160230328401180e+02
   5.933375514834951e+00  -1.161619789694042e+02
   5.984178063059791e+00  -1.163012132618808e+02
   6.035415591153970e+00  -1.164407531249215e+02
   6.087091823487477e+00  -1.165806162724760e+02
   6.139210516319006e+00  -1.167208207210361e+02
   6.191775458068933e+00  -1.168613847854598e+02
   6.244790469594749e+00  -1.170023270746603e+02
   6.298259404468735e+00  -1.171436664871674e+02
   6.352186149258118e+00  -1.172854222065683e+02
   6.406574623807561e+00  -1.174276136968350e+02
   6.461428781524069e+00  -1.175702606975444e+02
   6.516752609664403e+00  -1.177133832190009e+02
   6.572550129624850e+00  -1.178570015372665e+02
   6.628825397233585e+00  -1.180011361891074e+02
   6.685582503045455e+00  -1.181458079668635e+02
   6.742825572639301e+00  -1.182910379132501e+02
   6.800558766917882e+00  -1.184368473160969e+02
   6.858786282410270e+00  -1.185832577030339e+02
   6.917512351576940e+00  -1.187302908361311e+02
   6.976741243117397e+00  -1.188779687064987e+02
   7.036477262280439e+00  -1.190263135288561e+02
   7.096724751177151e+00  -1.191753477360776e+02
   7.157488089096464e+00  -1.193250939737200e+02
   7.218771692823535e+00  -1.194755750945424e+02
   7.280580016960766e+00  -1.196268141530220e+02
   7.342917554251586e+00  -1.197788343998754e+02
   7.405788835907069e+00  -1.199316592765917e+02
   7.469198431935245e+00  -1.200853124099833e+02
   7.533150951473334e+00  -1.202398176067622e+02
   7.597651043122753e+00  -1.203951988481471e+02
   7.662703395286998e+00  -1.205514802845095e+02
   7.728312736512487e+00  -1.207086862300624e+02
   7.794483835832206e+00  -1.208668411575999e+02
   7.861221503112417e+00  -1.210259696932924e+02
   7.928530589402261e+00  -1.211860966115432e+02
   7.996415987286341e+00  -1.213472468299118e+02
   8.064882631240419e+00  -1.215094454041096e+02
   8.133935497990025e+00  -1.216727175230729e+02
   8.203579606872266e+00  -1.218370885041174e+02
   8.273820020200645e+00  -1.220025837881799e+02
   8.344661843633018e+00  -1.221692289351508e+02
   8.416110226542758e+00  -1.223370496193018e+02
   8.488170362393001e+00  -1.225060716248127e+02
   8.560847489114202e+00  -1.226763208414021e+02
   8.634146889484850e+00  -1.228478232600632e+02
   8.708073891515433e+00  -1.230206049689104e+02
   8.782633868835788e+00  -1.231946921491391e+02
   8.857832241085628e+00  -1.233701110711000e+02
   8.933674474308553e+00  -1.235468880904932e+02
   9.010166081349334e+00  -1.237250496446825e+02
   9.087312622254609e+00  -1.239046222491329e+02
   9.165119704677100e+00  -1.240856324939731e+02
   9.243592984283143e+00  -1.242681070406851e+02
   9.322738165163862e+00  -1.244520726189219e+02
   9.402561000249758e+00  -1.246375560234548e+02
   9.483067291728847e+00  -1.248245841112524e+02
   9.564262891468488e+00  -1.250131837986906e+02
   9.646153701440658e+00  -1.252033820588955e+02
   9.728745674151035e+00  -1.253952059192194e+02
   9.812044813071637e+00  -1.255886824588507e+02
   9.896057173077176e+00  -1.257838388065567e+02
   9.980788860885255e+00  -1.259807021385608e+02
   1.006624603550016e+01  -1.261792996765528e+02
   1.015243490866064e+01  -1.263796586858328e+02
   1.023936174529138e+01  -1.265818064735870e+02
   1.032703286395834e+01  -1.267857703872962e+02
   1.041545463732817e+01  -1.269915778132751e+02
   1.050463349263129e+01  -1.271992561753420e+02
   1.059457591212917e+01  -1.274088329336171e+02
   1.068528843358545e+01  -1.276203355834495e+02
   1.077677765074124e+01  -1.278337916544696e+02
   1.086905021379432e+01  -1.280492287097671e+02
   1.096211282988257e+01  -1.282666743451924e+02
   1.105597226357153e+01  -1.284861561887788e+02
   1.115063533734602e+01  -1.287077019002857e+02
   1.124610893210617e+01  -1.289313391708580e+02
   1.134239998766750e+01  -1.291570957228028e+02
   1.143951550326536e+01  -1.293849993094784e+02
   1.153746253806376e+01  -1.296150777152958e+02
   1.163624821166841e+01  -1.298473587558282e+02
   1.173587970464428e+01  -1.300818702780285e+02
   1.183636425903756e+01  -1.303186401605493e+02
   1.193770917890199e+01  -1.305576963141665e+02
   1.203992183082990e+01  -1.307990666823008e+02
   1.214300964448753e+01  -1.310427792416366e+02
   1.224698011315522e+01  -1.312888620028337e+02
   1.235184079427201e+01  -1.315373430113312e+02
   1.245759930998497e+01  -1.317882503482396e+02
   1.256426334770329e+01  -1.320416121313175e+02
   1.267184066065700e+01  -1.322974565160324e+02
   1.278033906846062e+01  -1.325558116967002e+02
   1.288976645768148e+01  -1.328167059077024e+02
   1.300013078241300e+01  -1.330801674247767e+02
   1.311144006485291e+01  -1.333462245663791e+02
   1.322370239588630e+01  -1.336149056951138e+02
   1.333692593567378e+01  -1.338862392192282e+02
   1.345111891424462e+01  -1.341602535941701e+02
   1.356628963209492e+01  -1.344369773242034e+02
   1.368244646079109e+01  -1.347164389640808e+02
   1.379959784357821e+01  -1.349986671207685e+02
   1.391775229599387e+01  -1.352836904552210e+02
   1.403691840648711e+01  -1.355715376842031e+02
   1.415710483704266e+01  -1.358622375821550e+02
   1.427832032381066e+01  -1.361558189830990e+02
   1.440057367774157e+01  -1.364523107825825e+02
   1.452387378522671e+01  -1.367517419396567e+02
   1.464822960874416e+01  -1.370541414788859e+02
   1.477365018751019e+01  -1.373595384923852e+02
   1.490014463813639e+01  -1.376679621418838e+02
   1.502772215529225e+01  -1.379794416608096e+02
   1.515639201237359e+01  -1.382940063563930e+02
   1.528616356217659e+01  -1.386116856117869e+02
   1.541704623757757e+01  -1.389325088881982e+02
   1.554904955221879e+01  -1.392565057270295e+02
   1.568218310119980e+01  -1.395837057520270e+02
   1.581645656177507e+01  -1.399141386714306e+02
   1.595187969405733e+01  -1.402478342801249e+02
   1.608846234172694e+01  -1.405848224617850e+02
   1.622621443274759e+01  -1.409251331910172e+02
   1.636514598008775e+01  -1.412687965354881e+02
   1.650526708244867e+01  -1.416158426580410e+02
   1.664658792499834e+01  -1.419663018187949e+02
   1.678911878011182e+01  -1.423202043772227e+02
   1.693287000811800e+01  -1.426775807942063e+02
   1.707785205805257e+01  -1.430384616340630e+02
   1.722407546841768e+01  -1.434028775665417e+02
   1.737155086794781e+01  -1.437708593687831e+02
   1.752028897638249e+01  -1.441424379272421e+02
   1.767030060524544e+01  -1.445176442395668e+02
   1.782159665863039e+01  -1.448965094164310e+02
   1.797418813399381e+01  -1.452790646833163e+02
   1.812808612295414e+01  -1.456653413822386e+02
   1.828330181209817e+01  -1.460553709734159e+02
   1.843984648379411e+01  -1.464491850368719e+02
   1.859773151701161e+01  -1.468468152739713e+02
   1.875696838814904e+01  -1.472482935088824e+02
   1.891756867186751e+01  -1.476536516899609e+02
   1.907954404193239e+01  -1.480629218910508e+02
   1.924290627206175e+01  -1.484761363126972e+02
   1.940766723678213e+01  -1.488933272832640e+02
   1.957383891229184e+01  -1.493145272599533e+02
   1.974143337733130e+01  -1.497397688297175e+02
   1.991046281406117e+01  -1.501690847100602e+02
   2.008093950894780e+01  -1.506025077497183e+02
   2.025287585365627e+01  -1.510400709292182e+02
   2.042628434595121e+01  -1.514818073613008e+02
   2.060117759060511e+01  -1.519277502912036e+02
   2.077756830031469e+01  -1.523779330967979e+02
   2.095546929662491e+01  -1.528323892885674e+02
   2.113489351086084e+01  -1.532911525094221e+02
   2.131585398506780e+01  -1.537542565343389e+02
   2.149836387295920e+01  -1.542217352698167e+02
   2.168243644087277e+01  -1.546936227531385e+02
   2.186808506873486e+01  -1.551699531514278e+02
   2.205532325103288e+01  -1.556507607604889e+02
   2.224416459779641e+01  -1.561360800034184e+02
   2.243462283558625e+01  -1.566259454289759e+02
   2.262671180849238e+01  -1.571203917096998e+02
   2.282044547914016e+01  -1.576194536397543e+02
   2.301583792970522e+01  -1.581231661324916e+02
   2.321290336293723e+01  -1.586315642177149e+02
   2.341165610319203e+01  -1.591446830386234e+02
   2.361211059747308e+01  -1.596625578484221e+02
   2.381428141648147e+01  -1.601852240065771e+02
   2.401818325567501e+01  -1.607127169746956e+02
   2.422383093633653e+01  -1.612450723120093e+02
   2.443123940665106e+01  -1.617823256704373e+02
   2.464042374279256e+01  -1.623245127892050e+02
   2.485139915001971e+01  -1.628716694889912e+02
   2.506418096378104e+01  -1.634238316655766e+02
   2.527878465082986e+01  -1.639810352829637e+02
   2.549522581034829e+01  -1.645433163659346e+02
   2.571352017508132e+01  -1.651107109920159e+02
   2.593368361248033e+01  -1.656832552828108e+02
   2.615573212585635e+01  -1.662609853946610e+02
   2.637968185554356e+01  -1.668439375085985e+02
   2.660554908007224e+01  -1.674321478195394e+02
   2.683335021735225e+01  -1.680256525246756e+02
   2.706310182586630e+01  -1.686244878110109e+02
   2.729482060587354e+01  -1.692286898419880e+02
   2.752852340062358e+01  -1.698382947431492e+02
   2.776422719758068e+01  -1.704533385867652e+02
   2.800194912965862e+01  -1.710738573753676e+02
   2.824170647646608e+01  -1.716998870241118e+02
   2.848351666556253e+01  -1.723314633418930e+02
   2.872739727372520e+01  -1.729686220111324e+02
   2.897336602822653e+01  -1.736113985661441e+02
   2.922144080812288e+01  -1.742598283699874e+02
   2.947163964555400e+01  -1.749139465897004e+02
   2.972398072705389e+01  -1.755737881698053e+02
   2.997848239487266e+01  -1.762393878039650e+02
   3.023516314830976e+01  -1.769107799046625e+02
   3.049404164505881e+01  -1.775879985707671e+02
   3.075513670256361e+01  -1.782710775528344e+02
   3.101846729938612e+01  -1.789600502159849e+02
   3.128405257658592e+01  -1.796549495001834e+02
   3.155191183911140e+01  -1.803558078777370e+02
   3.182206455720330e+01  -1.810626573078094e+02
   3.209453036780964e+01  -1.817755291877340e+02
   3.236932907601336e+01  -1.824944543008958e+02
   3.264648065647184e+01  -1.832194627609275e+02
   3.292600525486866e+01  -1.839505839519510e+02
   3.320792318937824e+01  -1.846878464645707e+02
   3.349225495214248e+01  -1.854312780273054e+02
   3.377902121076048e+01  -1.861809054331188e+02
   3.406824280979078e+01  -1.869367544606831e+02
   3.435994077226638e+01  -1.876988497899835e+02
   3.465413630122314e+01  -1.884672149118421e+02
   3.495085078124069e+01  -1.892418720309043e+02
   3.525010577999709e+01  -1.900228419616045e+02
   3.555192304983646e+01  -1.908101440165866e+02
   3.585632452935000e+01  -1.916037958870217e+02
   3.616333234497090e+01  -1.924038135142298e+02
   3.647296881258245e+01  -1.932102109519689e+02
   3.678525643914031e+01  -1.940230002187222e+02
   3.710021792430847e+01  -1.948421911392722e+02
   3.741787616210908e+01  -1.956677911748175e+02
   3.773825424258690e+01  -1.964998052408549e+02
   3.806137545348731e+01  -1.973382355120195e+02
   3.838726328194937e+01  -1.981830812130621e+02
   3.871594141621295e+01  -1.990343383951291e+02
   3.904743374734041e+01  -1.998919996965217e+02
   3.938176437095356e+01  -2.007560540871437e+02
   3.971895758898476e+01  -2.016264865959011e+02
   4.005903791144365e+01  -2.025032780204233e+02
   4.040203005819870e+01  -2.033864046186254e+02
   4.074795896077385e+01  -2.042758377818530e+02
   4.109684976416107e+01  -2.051715436896711e+02
   4.144872782864775e+01  -2.060734829467874e+02
   4.180361873166045e+01  -2.069816102032007e+02
   4.216154826962386e+01  -2.078958737594605e+02
   4.252254245983585e+01  -2.088162151599950e+02
   4.288662754235890e+01  -2.097425687788872e+02
   4.325382998192708e+01  -2.106748614043534e+02
   4.362417646987004e+01  -2.116130118306657e+02
   4.399769392605307e+01  -2.125569304695153e+02
   4.437440950083365e+01  -2.135065189971106e+02
   4.475435057703535e+01  -2.144616700589409e+02
   4.513754477193783e+01  -2.154222670615426e+02
   4.552401993928464e+01  -2.163881840903576e+02
   4.591380417130770e+01  -2.173592860055870e+02
   4.630692580076919e+01  -2.183354287848618e+02
   4.670341340302124e+01  -2.193164602038688e+02
   4.710329579808278e+01  -2.203022209756131e+02
   4.750660205273462e+01  -2.212925465081774e+02
   4.791336148263222e+01  -2.222872694929262e+02
   4.832360365443640e+01  -2.232862236045605e+02
   4.873735838796285e+01  -2.242892486872933e+02
   4.915465575834928e+01  -2.252961979259594e+02
   4.957552609824192e+01  -2.263069476684267e+02
   4.999999999999999e+01  -2.273214107917470e+02
