-0.258064	-4.990991
-0.258060	-4.952629
-0.258055	-4.914559
-0.258051	-4.876780
-0.258047	-4.839289
-0.258042	-4.802084
-0.258038	-4.765162
-0.258033	-4.728523
-0.258029	-4.692163
-0.258024	-4.656080
-0.258019	-4.620273
-0.258014	-4.584739
-0.258009	-4.549475
-0.258004	-4.514481
-0.257999	-4.479753
-0.257994	-4.445290
-0.257989	-4.411090
-0.257983	-4.377151
-0.257978	-4.343470
-0.257973	-4.310047
-0.257967	-4.276877
-0.257961	-4.243961
-0.257956	-4.211296
-0.257950	-4.178879
-0.257944	-4.146710
-0.257938	-4.114785
-0.257932	-4.083104
-0.257925	-4.051664
-0.257919	-4.020464
-0.257913	-3.989501
-0.257906	-3.958774
-0.257900	-3.928281
-0.257893	-3.898021
-0.257886	-3.867991
-0.257879	-3.838189
-0.257872	-3.808614
-0.257865	-3.779264
-0.257858	-3.750138
-0.257850	-3.721234
-0.257843	-3.692549
-0.257835	-3.664083
-0.257828	-3.635833
-0.257820	-3.607798
-0.257812	-3.579976
-0.257804	-3.552366
-0.257795	-3.524966
-0.257787	-3.497775
-0.257779	-3.470790
-0.257770	-3.444010
-0.257761	-3.417434
-0.257753	-3.391060
-0.257744	-3.364886
-0.257734	-3.338911
-0.257725	-3.313134
-0.257716	-3.287552
-0.257706	-3.262165
-0.257697	-3.236970
-0.257687	-3.211967
-0.257677	-3.187154
-0.257667	-3.162529
-0.257656	-3.138091
-0.257646	-3.113839
-0.257635	-3.089770
-0.257624	-3.065885
-0.257613	-3.042180
-0.257602	-3.018655
-0.257591	-2.995309
-0.257579	-2.972140
-0.257568	-2.949147
-0.257556	-2.926327
-0.257544	-2.903681
-0.257532	-2.881207
-0.257519	-2.858903
-0.257507	-2.836767
-0.257494	-2.814800
-0.257481	-2.792999
-0.257468	-2.771363
-0.257454	-2.749891
-0.257441	-2.728581
-0.257427	-2.707433
-0.257413	-2.686445
-0.257399	-2.665615
-0.257384	-2.644943
-0.257370	-2.624428
-0.257355	-2.604067
-0.257340	-2.583861
-0.257324	-2.563807
-0.257309	-2.543905
-0.257293	-2.524154
-0.257277	-2.504551
-0.257261	-2.485097
-0.257244	-2.465789
-0.257227	-2.446627
-0.257210	-2.427610
-0.257193	-2.408737
-0.257175	-2.390006
-0.257157	-2.371416
-0.257139	-2.352966
-0.257121	-2.334655
-0.257102	-2.316483
-0.257083	-2.298447
-0.257064	-2.280548
-0.257044	-2.262783
-0.257024	-2.245152
-0.257004	-2.227653
-0.256983	-2.210287
-0.256962	-2.193051
-0.256941	-2.175945
-0.256920	-2.158967
-0.256898	-2.142117
-0.256876	-2.125394
-0.256853	-2.108796
-0.256831	-2.092323
-0.256807	-2.075974
-0.256784	-2.059747
-0.256760	-2.043643
-0.256736	-2.027659
-0.256711	-2.011795
-0.256686	-1.996050
-0.256661	-1.980423
-0.256635	-1.964913
-0.256609	-1.949520
-0.256582	-1.934241
-0.256555	-1.919077
-0.256528	-1.904027
-0.256500	-1.889089
-0.256471	-1.874263
-0.256443	-1.859547
-0.256414	-1.844942
-0.256384	-1.830446
-0.256354	-1.816058
-0.256323	-1.801777
-0.256292	-1.787604
-0.256261	-1.773535
-0.256229	-1.759572
-0.256197	-1.745713
-0.256164	-1.731957
-0.256130	-1.718303
-0.256096	-1.704751
-0.256062	-1.691300
-0.256027	-1.677949
-0.255991	-1.664698
-0.255955	-1.651544
-0.255919	-1.638489
-0.255882	-1.625530
-0.255844	-1.612668
-0.255806	-1.599901
-0.255767	-1.587228
-0.255727	-1.574650
-0.255687	-1.562165
-0.255646	-1.549772
-0.255605	-1.537471
-0.255563	-1.525261
-0.255521	-1.513141
-0.255477	-1.501111
-0.255433	-1.489169
-0.255389	-1.477316
-0.255344	-1.465550
-0.255298	-1.453871
-0.255251	-1.442278
-0.255204	-1.430771
-0.255156	-1.419348
-0.255107	-1.408009
-0.255057	-1.396753
-0.255007	-1.385581
-0.254956	-1.374490
-0.254904	-1.363480
-0.254852	-1.352552
-0.254798	-1.341703
-0.254744	-1.330934
-0.254689	-1.320244
-0.254633	-1.309632
-0.254576	-1.299098
-0.254519	-1.288640
-0.254460	-1.278259
-0.254401	-1.267954
-0.254340	-1.257724
-0.254279	-1.247568
-0.254217	-1.237486
-0.254154	-1.227478
-0.254090	-1.217542
-0.254025	-1.207679
-0.253959	-1.197887
-0.253892	-1.188166
-0.253824	-1.178516
-0.253755	-1.168936
-0.253685	-1.159425
-0.253614	-1.149982
-0.253542	-1.140608
-0.253469	-1.131302
-0.253394	-1.122063
-0.253319	-1.112890
-0.253242	-1.103783
-0.253165	-1.094742
-0.253086	-1.085766
-0.253005	-1.076855
-0.252924	-1.068007
-0.252842	-1.059223
-0.252758	-1.050501
-0.252673	-1.041843
-0.252586	-1.033246
-0.252499	-1.024710
-0.252410	-1.016236
-0.252320	-1.007821
-0.252228	-0.999467
-0.252135	-0.991172
-0.252041	-0.982936
-0.251945	-0.974759
-0.251848	-0.966640
-0.251749	-0.958578
-0.251649	-0.950573
-0.251547	-0.942625
-0.251444	-0.934733
-0.251339	-0.926897
-0.251233	-0.919116
-0.251125	-0.911390
-0.251016	-0.903718
-0.250905	-0.896100
-0.250792	-0.888535
-0.250678	-0.881024
-0.250562	-0.873565
-0.250444	-0.866158
-0.250324	-0.858803
-0.250203	-0.851499
-0.250080	-0.844247
-0.249955	-0.837044
-0.249828	-0.829892
-0.249699	-0.822790
-0.249569	-0.815736
-0.249436	-0.808732
-0.249302	-0.801776
-0.249166	-0.794868
-0.249027	-0.788007
-0.248887	-0.781194
-0.248744	-0.774428
-0.248600	-0.767709
-0.248453	-0.761035
-0.248304	-0.754407
-0.248153	-0.747825
-0.248000	-0.741288
-0.247844	-0.734795
-0.247686	-0.728346
-0.247526	-0.721942
-0.247364	-0.715580
-0.247199	-0.709263
-0.247032	-0.702987
-0.246863	-0.696755
-0.246691	-0.690564
-0.246516	-0.684416
-0.246339	-0.678308
-0.246159	-0.672242
-0.245977	-0.666217
-0.245792	-0.660232
-0.245605	-0.654287
-0.245415	-0.648381
-0.245222	-0.642516
-0.245026	-0.636689
-0.244828	-0.630901
-0.244626	-0.625152
-0.244422	-0.619441
-0.244215	-0.613768
-0.244005	-0.608132
-0.243792	-0.602534
-0.243576	-0.596972
-0.243356	-0.591447
-0.243134	-0.585959
-0.242909	-0.580506
-0.242680	-0.575089
-0.242448	-0.569708
-0.242213	-0.564362
-0.241974	-0.559051
-0.241733	-0.553774
-0.241487	-0.548532
-0.241239	-0.543324
-0.240987	-0.538149
-0.240731	-0.533009
-0.240472	-0.527901
-0.240209	-0.522826
-0.239942	-0.517784
-0.239672	-0.512775
-0.239398	-0.507798
-0.239120	-0.502853
-0.238839	-0.497939
-0.238553	-0.493057
-0.238264	-0.488206
-0.237970	-0.483386
-0.237673	-0.478597
-0.237371	-0.473838
-0.237066	-0.469110
-0.236756	-0.464411
-0.236442	-0.459742
-0.236124	-0.455103
-0.235801	-0.450494
-0.235474	-0.445913
-0.235143	-0.441361
-0.234807	-0.436838
-0.234467	-0.432343
-0.234122	-0.427877
-0.233772	-0.423439
-0.233418	-0.419028
-0.233059	-0.414645
-0.232695	-0.410290
-0.232327	-0.405961
-0.231954	-0.401660
-0.231575	-0.397386
-0.231192	-0.393138
-0.230804	-0.388917
-0.230410	-0.384722
-0.230012	-0.380553
-0.229608	-0.376410
-0.229199	-0.372293
-0.228785	-0.368201
-0.228365	-0.364135
-0.227940	-0.360094
-0.227510	-0.356078
-0.227074	-0.352086
-0.226633	-0.348120
-0.226186	-0.344178
-0.225733	-0.340261
-0.225274	-0.336368
-0.224810	-0.332499
-0.224340	-0.328653
-0.223864	-0.324832
-0.223382	-0.321035
-0.222894	-0.317260
-0.222401	-0.313510
-0.221901	-0.309782
-0.221394	-0.306078
-0.220882	-0.302397
-0.220364	-0.298739
-0.219839	-0.295103
-0.219308	-0.291490
-0.218770	-0.287900
-0.218226	-0.284331
-0.217676	-0.280786
-0.217119	-0.277262
-0.216555	-0.273761
-0.215985	-0.270281
-0.215408	-0.266823
-0.214824	-0.263388
-0.214233	-0.259973
-0.213636	-0.256581
-0.213032	-0.253210
-0.212421	-0.249860
-0.211802	-0.246532
-0.211177	-0.243224
-0.210545	-0.239938
-0.209906	-0.236673
-0.209259	-0.233430
-0.208606	-0.230207
-0.207945	-0.227005
-0.207277	-0.223823
-0.206601	-0.220663
-0.205919	-0.217523
-0.205229	-0.214404
-0.204531	-0.211305
-0.203826	-0.208227
-0.203114	-0.205169
-0.202394	-0.202132
-0.201666	-0.199115
-0.200931	-0.196118
-0.200189	-0.193142
-0.199438	-0.190186
-0.198680	-0.187250
-0.197915	-0.184335
-0.197142	-0.181439
-0.196361	-0.178564
-0.195572	-0.175709
-0.194776	-0.172874
-0.193972	-0.170058
-0.193160	-0.167263
-0.192340	-0.164488
-0.191513	-0.161733
-0.190677	-0.158999
-0.189834	-0.156284
-0.188983	-0.153589
-0.188125	-0.150914
-0.187258	-0.148259
-0.186384	-0.145624
-0.185502	-0.143009
-0.184612	-0.140414
-0.183714	-0.137839
-0.182809	-0.135284
-0.181896	-0.132749
-0.180975	-0.130234
-0.180046	-0.127739
-0.179110	-0.125264
-0.178166	-0.122809
-0.177214	-0.120374
-0.176255	-0.117960
-0.175288	-0.115565
-0.174314	-0.113191
-0.173332	-0.110837
-0.172342	-0.108503
-0.171346	-0.106189
-0.170341	-0.103896
-0.169330	-0.101623
-0.168311	-0.099370
-0.167285	-0.097138
-0.166252	-0.094926
-0.165211	-0.092734
-0.164164	-0.090563
-0.163110	-0.088412
-0.162048	-0.086282
-0.160980	-0.084172
-0.159905	-0.082083
-0.158824	-0.080015
-0.157735	-0.077967
-0.156641	-0.075940
-0.155540	-0.073934
-0.154432	-0.071949
-0.153318	-0.069984
-0.152199	-0.068040
-0.151073	-0.066118
-0.149941	-0.064216
-0.148803	-0.062335
-0.147660	-0.060475
-0.146511	-0.058636
-0.145357	-0.056818
-0.144197	-0.055021
-0.143032	-0.053246
-0.141862	-0.051491
-0.140686	-0.049758
-0.139506	-0.048046
-0.138322	-0.046355
-0.137132	-0.044686
-0.135939	-0.043038
-0.134741	-0.041411
-0.133539	-0.039806
-0.132333	-0.038222
-0.131123	-0.036659
-0.129909	-0.035118
-0.128692	-0.033598
-0.127472	-0.032099
-0.126248	-0.030623
-0.125022	-0.029167
-0.123793	-0.027733
-0.122561	-0.026321
-0.121326	-0.024930
-0.120089	-0.023560
-0.118851	-0.022212
-0.117610	-0.020885
-0.116367	-0.019580
-0.115123	-0.018296
-0.113878	-0.017034
-0.112631	-0.015793
-0.111384	-0.014573
-0.110135	-0.013375
-0.108886	-0.012198
-0.107637	-0.011042
-0.106388	-0.009907
-0.105138	-0.008794
-0.103889	-0.007702
-0.102640	-0.006631
-0.101392	-0.005581
-0.100145	-0.004552
-0.098899	-0.003544
-0.097654	-0.002557
-0.096411	-0.001590
-0.095169	-0.000645
-0.093929	0.000280
-0.092692	0.001185
-0.091456	0.002069
-0.090224	0.002932
-0.088994	0.003776
-0.087767	0.004599
-0.086543	0.005402
-0.085322	0.006185
-0.084106	0.006948
-0.082893	0.007691
-0.081684	0.008414
-0.080479	0.009118
-0.079278	0.009803
-0.078083	0.010468
-0.076892	0.011115
-0.075706	0.011742
-0.074526	0.012350
-0.073351	0.012940
-0.072181	0.013511
-0.071018	0.014063
-0.069860	0.014598
-0.068709	0.015114
-0.067564	0.015612
-0.066426	0.016093
-0.065294	0.016556
-0.064170	0.017001
-0.063052	0.017429
-0.061942	0.017841
-0.060840	0.018235
-0.059745	0.018613
-0.058658	0.018974
-0.057579	0.019319
-0.056508	0.019648
-0.055446	0.019961
-0.054392	0.020259
-0.053346	0.020541
-0.052310	0.020808
-0.051282	0.021059
-0.050263	0.021296
-0.049254	0.021519
-0.048254	0.021727
-0.047263	0.021921
-0.046282	0.022101
-0.045310	0.022267
-0.044348	0.022420
-0.043396	0.022559
-0.042454	0.022686
-0.041523	0.022800
-0.040601	0.022901
-0.039690	0.022990
-0.038789	0.023068
-0.037898	0.023133
-0.037018	0.023187
-0.036149	0.023229
-0.035290	0.023261
-0.034442	0.023281
-0.033605	0.023291
-0.032778	0.023291
-0.031963	0.023280
-0.031158	0.023260
-0.030364	0.023230
-0.029582	0.023191
-0.028810	0.023143
-0.028049	0.023086
-0.027300	0.023020
-0.026561	0.022945
-0.025834	0.022863
-0.025117	0.022773
-0.024412	0.022675
-0.023718	0.022569
-0.023035	0.022457
-0.022363	0.022337
-0.021702	0.022211
-0.021052	0.022078
-0.020413	0.021939
-0.019785	0.021793
-0.019168	0.021642
-0.018562	0.021485
-0.017967	0.021323
-0.017383	0.021156
-0.016809	0.020984
-0.016246	0.020807
-0.015694	0.020625
-0.015153	0.020440
-0.014622	0.020250
-0.014101	0.020056
-0.013591	0.019858
-0.013092	0.019657
-0.012602	0.019452
-0.012123	0.019245
-0.011654	0.019034
-0.011195	0.018821
-0.010746	0.018605
-0.010307	0.018387
-0.009877	0.018166
-0.009458	0.017943
-0.009047	0.017719
-0.008647	0.017493
-0.008255	0.017265
-0.007873	0.017036
-0.007500	0.016805
-0.007137	0.016574
-0.006782	0.016341
-0.006436	0.016108
-0.006098	0.015874
-0.005770	0.015639
-0.005450	0.015404
-0.005138	0.015169
-0.004834	0.014933
-0.004539	0.014698
-0.004252	0.014463
-0.003973	0.014228
-0.003701	0.013993
-0.003437	0.013759
-0.003181	0.013525
-0.002932	0.013292
-0.002691	0.013059
-0.002457	0.012828
-0.002229	0.012597
-0.002009	0.012368
-0.001796	0.012139
-0.001589	0.011912
-0.001389	0.011686
-0.001195	0.011461
-0.001007	0.011238
-0.000826	0.011016
-0.000651	0.010796
-0.000482	0.010578
-0.000319	0.010361
-0.000161	0.010146
-0.000009	0.009932
0.000138	0.009721
0.000279	0.009511
0.000415	0.009303
0.000546	0.009097
0.000672	0.008894
0.000793	0.008692
0.000909	0.008492
0.001021	0.008295
0.001128	0.008099
