0.010000	5.601731
0.010096	5.655238
0.010193	5.709250
0.010291	5.763769
0.010390	5.818802
0.010490	5.874352
0.010591	5.930425
0.010693	5.987025
0.010796	6.044157
0.010900	6.101825
0.011004	6.160034
0.011110	6.218790
0.011217	6.278096
0.011325	6.337959
0.011434	6.398382
0.011544	6.459371
0.011655	6.520930
0.011767	6.583066
0.011880	6.645782
0.011994	6.709085
0.012110	6.772978
0.012226	6.837468
0.012344	6.902559
0.012463	6.968257
0.012582	7.034567
0.012703	7.101495
0.012826	7.169045
0.012949	7.237223
0.013074	7.306035
0.013199	7.375486
0.013326	7.445582
0.013454	7.516327
0.013584	7.587728
0.013714	7.659791
0.013846	7.732520
0.013980	7.805922
0.014114	7.880002
0.014250	7.954766
0.014387	8.030219
0.014525	8.106368
0.014665	8.183219
0.014806	8.260777
0.014948	8.339048
0.015092	8.418038
0.015237	8.497753
0.015384	8.578199
0.015532	8.659382
0.015681	8.741308
0.015832	8.823983
0.015984	8.907414
0.016138	8.991606
0.016293	9.076566
0.016450	9.162300
0.016608	9.248813
0.016768	9.336113
0.016929	9.424206
0.017092	9.513097
0.017256	9.602793
0.017422	9.693302
0.017590	9.784628
0.017759	9.876778
0.017930	9.969759
0.018102	10.063577
0.018276	10.158239
0.018452	10.253751
0.018629	10.350120
0.018809	10.447351
0.018990	10.545453
0.019172	10.644431
0.019357	10.744291
0.019543	10.845041
0.019731	10.946686
0.019920	11.049234
0.020112	11.152692
0.020305	11.257065
0.020501	11.362360
0.020698	11.468585
0.020897	11.575745
0.021098	11.683847
0.021301	11.792898
0.021506	11.902905
0.021713	12.013873
0.021921	12.125811
0.022132	12.238724
0.022345	12.352619
0.022560	12.467502
0.022777	12.583381
0.022996	12.700262
0.023217	12.818151
0.023440	12.937055
0.023666	13.056980
0.023894	13.177934
0.024123	13.299922
0.024355	13.422951
0.024590	13.547027
0.024826	13.672158
0.025065	13.798348
0.025306	13.925605
0.025549	14.053935
0.025795	14.183345
0.026043	14.313839
0.026294	14.445425
0.026546	14.578109
0.026802	14.711897
0.027060	14.846795
0.027320	14.982809
0.027583	15.119945
0.027848	15.258208
0.028116	15.397605
0.028386	15.538141
0.028659	15.679823
0.028935	15.822655
0.029213	15.966643
0.029494	16.111792
0.029778	16.258109
0.030064	16.405597
0.030353	16.554263
0.030645	16.704112
0.030940	16.855148
0.031237	17.007376
0.031538	17.160802
0.031841	17.315429
0.032147	17.471263
0.032457	17.628307
0.032769	17.786567
0.033084	17.946046
0.033402	18.106749
0.033723	18.268679
0.034048	18.431840
0.034375	18.596237
0.034706	18.761871
0.035039	18.928747
0.035376	19.096869
0.035717	19.266238
0.036060	19.436858
0.036407	19.608732
0.036757	19.781862
0.037111	19.956250
0.037468	20.131899
0.037828	20.308811
0.038192	20.486987
0.038559	20.666429
0.038930	20.847139
0.039304	21.029117
0.039682	21.212365
0.040064	21.396883
0.040449	21.582673
0.040838	21.769733
0.041231	21.958065
0.041628	22.147668
0.042028	22.338542
0.042432	22.530685
0.042840	22.724098
0.043252	22.918779
0.043668	23.114727
0.044088	23.311940
0.044512	23.510415
0.044940	23.710152
0.045373	23.911146
0.045809	24.113396
0.046250	24.316899
0.046694	24.521650
0.047144	24.727647
0.047597	24.934885
0.048055	25.143360
0.048517	25.353067
0.048984	25.564002
0.049455	25.776160
0.049930	25.989534
0.050410	26.204118
0.050895	26.419908
0.051385	26.636895
0.051879	26.855074
0.052378	27.074436
0.052882	27.294975
0.053390	27.516682
0.053904	27.739550
0.054422	27.963568
0.054946	28.188730
0.055474	28.415024
0.056008	28.642442
0.056546	28.870973
0.057090	29.100606
0.057639	29.331332
0.058194	29.563139
0.058753	29.796015
0.059318	30.029949
0.059889	30.264927
0.060465	30.500938
0.061046	30.737969
0.061633	30.976005
0.062226	31.215034
0.062825	31.455041
0.063429	31.696011
0.064039	31.937930
0.064655	32.180782
0.065277	32.424552
0.065904	32.669224
0.066538	32.914782
0.067178	33.161208
0.067824	33.408485
0.068477	33.656597
0.069135	33.905526
0.069800	34.155252
0.070471	34.405759
0.071149	34.657026
0.071834	34.909036
0.072524	35.161768
0.073222	35.415202
0.073926	35.669319
0.074637	35.924098
0.075355	36.179518
0.076080	36.435559
0.076811	36.692199
0.077550	36.949415
0.078296	37.207188
0.079049	37.465493
0.079809	37.724309
0.080577	37.983613
0.081352	38.243382
0.082134	38.503593
0.082924	38.764222
0.083722	39.025246
0.084527	39.286641
0.085340	39.548382
0.086161	39.810446
0.086989	40.072807
0.087826	40.335442
0.088671	40.598325
0.089523	40.861432
0.090384	41.124737
0.091254	41.388215
0.092131	41.651840
0.093017	41.915588
0.093912	42.179431
0.094815	42.443346
0.095727	42.707305
0.096648	42.971283
0.097577	43.235255
0.098516	43.499193
0.099463	43.763072
0.100420	44.026866
0.101386	44.290549
0.102361	44.554095
0.103345	44.817478
0.104339	45.080671
0.105343	45.343649
0.106356	45.606386
0.107379	45.868855
0.108411	46.131031
0.109454	46.392889
0.110507	46.654401
0.111570	46.915544
0.112643	47.176290
0.113726	47.436616
0.114820	47.696495
0.115924	47.955903
0.117039	48.214814
0.118165	48.473204
0.119301	48.731048
0.120448	48.988322
0.121607	49.245001
0.122776	49.501062
0.123957	49.756480
0.125149	50.011231
0.126353	50.265294
0.127568	50.518643
0.128795	50.771257
0.130034	51.023112
0.131285	51.274186
0.132547	51.524457
0.133822	51.773903
0.135109	52.022503
0.136408	52.270234
0.137720	52.517076
0.139045	52.763009
0.140382	53.008011
0.141732	53.252063
0.143096	53.495144
0.144472	53.737236
0.145861	53.978318
0.147264	54.218372
0.148680	54.457380
0.150110	54.695323
0.151554	54.932184
0.153012	55.167944
0.154483	55.402586
0.155969	55.636094
0.157469	55.868452
0.158984	56.099642
0.160513	56.329649
0.162056	56.558458
0.163615	56.786053
0.165189	57.012420
0.166777	57.237544
0.168381	57.461411
0.170001	57.684008
0.171636	57.905320
0.173286	58.125336
0.174953	58.344042
0.176636	58.561425
0.178335	58.777475
0.180050	58.992179
0.181781	59.205526
0.183530	59.417505
0.185295	59.628105
0.187077	59.837316
0.188876	60.045129
0.190693	60.251533
0.192527	60.456520
0.194378	60.660080
0.196248	60.862204
0.198135	61.062885
0.200041	61.262114
0.201965	61.459884
0.203907	61.656188
0.205868	61.851017
0.207848	62.044367
0.209847	62.236229
0.211865	62.426598
0.213903	62.615468
0.215960	62.802833
0.218037	62.988689
0.220134	63.173029
0.222252	63.355850
0.224389	63.537147
0.226547	63.716915
0.228726	63.895150
0.230926	64.071850
0.233147	64.247009
0.235389	64.420626
0.237653	64.592696
0.239939	64.763218
0.242246	64.932189
0.244576	65.099606
0.246928	65.265467
0.249303	65.429771
0.251701	65.592515
0.254122	65.753698
0.256566	65.913320
0.259033	66.071378
0.261525	66.227872
0.264040	66.382801
0.266579	66.536164
0.269143	66.687962
0.271732	66.838193
0.274345	66.986859
0.276984	67.133958
0.279648	67.279492
0.282337	67.423460
0.285053	67.565864
0.287794	67.706703
0.290562	67.845979
0.293356	67.983692
0.296178	68.119844
0.299026	68.254435
0.301902	68.387468
0.304806	68.518943
0.307737	68.648862
0.310697	68.777226
0.313685	68.904038
0.316702	69.029298
0.319748	69.153009
0.322823	69.275173
0.325928	69.395792
0.329063	69.514868
0.332228	69.632402
0.335423	69.748398
0.338649	69.862858
0.341906	69.975783
0.345194	70.087177
0.348514	70.197041
0.351866	70.305379
0.355250	70.412193
0.358667	70.517485
0.362116	70.621258
0.365599	70.723515
0.369115	70.824258
0.372665	70.923490
0.376249	71.021214
0.379868	71.117433
0.383521	71.212148
0.387210	71.305364
0.390934	71.397083
0.394694	71.487308
0.398490	71.576041
0.402322	71.663286
0.406192	71.749044
0.410098	71.833320
0.414043	71.916115
0.418025	71.997432
0.422045	72.077275
0.426104	72.155646
0.430202	72.232547
0.434340	72.307982
0.438517	72.381954
0.442735	72.454463
0.446993	72.525515
0.451292	72.595110
0.455632	72.663252
0.460014	72.729943
0.464438	72.795186
0.468905	72.858983
0.473415	72.921337
0.477968	72.982249
0.482565	73.041723
0.487206	73.099761
0.491892	73.156365
0.496623	73.211536
0.501399	73.265278
0.506221	73.317592
0.511090	73.368481
0.516006	73.417946
0.520968	73.465990
0.525979	73.512614
0.531038	73.557819
0.536145	73.601609
0.541301	73.643984
0.546507	73.684947
0.551763	73.724498
0.557070	73.762639
0.562428	73.799372
0.567837	73.834698
0.573298	73.868619
0.578812	73.901135
0.584379	73.932247
0.589999	73.961958
0.595674	73.990267
0.601403	74.017175
0.607187	74.042685
0.613026	74.066795
0.618922	74.089507
0.624875	74.110822
0.630885	74.130740
0.636952	74.149262
0.643078	74.166387
0.649263	74.182117
0.655507	74.196450
0.661812	74.209388
0.668177	74.220931
0.674603	74.231078
0.681091	74.239828
0.687642	74.247183
0.694255	74.253141
0.700932	74.257703
0.707674	74.260866
0.714480	74.262632
0.721351	74.262999
0.728289	74.261966
0.735294	74.259533
0.742365	74.255698
0.749505	74.250460
0.756714	74.243818
0.763991	74.235772
0.771339	74.226318
0.778758	74.215457
0.786247	74.203186
0.793809	74.189503
0.801444	74.174407
0.809152	74.157897
0.816934	74.139969
0.824791	74.120621
0.832724	74.099853
0.840732	74.077660
0.848818	74.054042
0.856982	74.028995
0.865224	74.002516
0.873545	73.974604
0.881947	73.945254
0.890429	73.914465
0.898993	73.882233
0.907639	73.848555
0.916368	73.813428
0.925182	73.776847
0.934080	73.738811
0.943063	73.699315
0.952133	73.658356
0.961291	73.615929
0.970536	73.572031
0.979870	73.526658
0.989294	73.479805
0.998809	73.431469
1.008415	73.381645
1.018114	73.330328
1.027906	73.277514
1.037792	73.223199
1.047773	73.167376
1.057850	73.110043
1.068024	73.051192
1.078296	72.990820
1.088666	72.928921
1.099137	72.865490
1.109708	72.800521
1.120381	72.734008
1.131156	72.665946
1.142035	72.596329
1.153019	72.525151
1.164108	72.452406
1.175304	72.378087
1.186608	72.302189
1.198020	72.224705
1.209542	72.145628
1.221175	72.064952
1.232920	71.982670
1.244778	71.898775
1.256750	71.813260
1.268837	71.726118
1.281040	71.637342
1.293360	71.546924
1.305799	71.454857
1.318358	71.361133
1.331038	71.265745
1.343839	71.168685
1.356764	71.069944
1.369812	70.969515
1.382987	70.867390
1.396288	70.763560
1.409717	70.658017
1.423275	70.550752
1.436964	70.441757
1.450784	70.331023
1.464737	70.218541
1.478824	70.104302
1.493047	69.988297
1.507407	69.870516
1.521904	69.750952
1.536541	69.629593
1.551319	69.506430
1.566239	69.381454
1.581303	69.254655
1.596511	69.126023
1.611866	68.995548
1.627368	68.863220
1.643020	68.729029
1.658822	68.592964
1.674775	68.455014
1.690883	68.315170
1.707145	68.173420
1.723564	68.029755
1.740140	67.884162
1.756877	67.736631
1.773774	67.587150
1.790833	67.435709
1.808057	67.282297
1.825446	67.126901
1.843002	66.969511
1.860728	66.810114
1.878623	66.648699
1.896691	66.485255
1.914933	66.319768
1.933350	66.152228
1.951944	65.982622
1.970718	65.810938
1.989671	65.637163
2.008807	65.461286
2.028127	65.283294
2.047633	65.103174
2.067326	64.920913
2.087209	64.736499
2.107283	64.549920
2.127550	64.361162
2.148012	64.170212
2.168671	63.977057
2.189528	63.781685
2.210586	63.584081
2.231847	63.384234
2.253312	63.182129
2.274984	62.977753
2.296864	62.771093
2.318954	62.562135
2.341257	62.350867
2.363774	62.137273
2.386508	61.921341
2.409461	61.703057
2.432634	61.482407
2.456030	61.259378
2.479652	61.033956
2.503500	60.806127
2.527578	60.575877
2.551887	60.343193
2.576430	60.108060
2.601209	59.870465
2.626227	59.630394
2.651485	59.387832
2.676986	59.142768
2.702732	58.895185
2.728726	58.645071
2.754970	58.392412
2.781466	58.137194
2.808217	57.879403
2.835226	57.619025
2.862494	57.356047
2.890024	57.090456
2.917820	56.822237
2.945882	56.551377
2.974215	56.277863
3.002819	56.001681
3.031699	55.722818
3.060857	55.441261
3.090295	55.156997
