-1.660665	-19.894769
-1.660572	-19.740790
-1.660478	-19.587977
-1.660383	-19.436323
-1.660286	-19.285817
-1.660187	-19.136452
-1.660087	-18.988217
-1.659985	-18.841106
-1.659882	-18.695108
-1.659777	-18.550215
-1.659671	-18.406419
-1.659563	-18.263711
-1.659453	-18.122083
-1.659342	-17.981526
-1.659229	-17.842033
-1.659114	-17.703594
-1.658997	-17.566201
-1.658879	-17.429847
-1.658759	-17.294524
-1.658637	-17.160223
-1.658513	-17.026937
-1.658387	-16.894657
-1.658259	-16.763376
-1.658129	-16.633086
-1.657998	-16.503780
-1.657864	-16.375449
-1.657728	-16.248087
-1.657590	-16.121685
-1.657450	-15.996236
-1.657308	-15.871733
-1.657163	-15.748169
-1.657017	-15.625536
-1.656868	-15.503826
-1.656717	-15.383034
-1.656564	-15.263150
-1.656408	-15.144170
-1.656250	-15.026085
-1.656089	-14.908888
-1.655926	-14.792573
-1.655760	-14.677132
-1.655592	-14.562560
-1.655421	-14.448849
-1.655248	-14.335992
-1.655072	-14.223983
-1.654894	-14.112815
-1.654712	-14.002481
-1.654528	-13.892976
-1.654341	-13.784292
-1.654151	-13.676423
-1.653958	-13.569364
-1.653763	-13.463106
-1.653564	-13.357645
-1.653362	-13.252975
-1.653157	-13.149087
-1.652949	-13.045978
-1.652738	-12.943640
-1.652524	-12.842068
-1.652306	-12.741256
-1.652085	-12.641197
-1.651861	-12.541886
-1.651633	-12.443316
-1.651402	-12.345483
-1.651167	-12.248381
-1.650929	-12.152002
-1.650687	-12.056343
-1.650441	-11.961397
-1.650191	-11.867159
-1.649938	-11.773622
-1.649681	-11.680783
-1.649420	-11.588634
-1.649155	-11.497172
-1.648886	-11.406389
-1.648613	-11.316282
-1.648335	-11.226844
-1.648054	-11.138071
-1.647768	-11.049956
-1.647478	-10.962496
-1.647183	-10.875685
-1.646884	-10.789517
-1.646581	-10.703988
-1.646272	-10.619092
-1.645959	-10.534826
-1.645642	-10.451182
-1.645319	-10.368158
-1.644992	-10.285747
-1.644660	-10.203946
-1.644322	-10.122748
-1.643980	-10.042150
-1.643632	-9.962147
-1.643279	-9.882733
-1.642921	-9.803905
-1.642557	-9.725658
-1.642188	-9.647987
-1.641813	-9.570887
-1.641432	-9.494354
-1.641046	-9.418384
-1.640654	-9.342971
-1.640256	-9.268113
-1.639852	-9.193803
-1.639442	-9.120038
-1.639025	-9.046814
-1.638603	-8.974126
-1.638174	-8.901970
-1.637738	-8.830342
-1.637296	-8.759237
-1.636848	-8.688652
-1.636392	-8.618582
-1.635930	-8.549023
-1.635461	-8.479971
-1.634984	-8.411422
-1.634501	-8.343372
-1.634010	-8.275817
-1.633512	-8.208753
-1.633007	-8.142176
-1.632494	-8.076082
-1.631973	-8.010468
-1.631444	-7.945330
-1.630908	-7.880663
-1.630363	-7.816464
-1.629810	-7.752730
-1.629249	-7.689456
-1.628680	-7.626638
-1.628102	-7.564274
-1.627516	-7.502360
-1.626920	-7.440891
-1.626316	-7.379865
-1.625703	-7.319277
-1.625081	-7.259125
-1.624449	-7.199405
-1.623809	-7.140113
-1.623158	-7.081246
-1.622498	-7.022800
-1.621828	-6.964772
-1.621148	-6.907160
-1.620459	-6.849958
-1.619759	-6.793165
-1.619048	-6.736776
-1.618327	-6.680789
-1.617596	-6.625200
-1.616853	-6.570006
-1.616100	-6.515204
-1.615335	-6.460791
-1.614560	-6.406763
-1.613772	-6.353118
-1.612974	-6.299852
-1.612163	-6.246963
-1.611341	-6.194446
-1.610506	-6.142301
-1.609660	-6.090522
-1.608801	-6.039108
-1.607929	-5.988055
-1.607044	-5.937360
-1.606147	-5.887021
-1.605237	-5.837035
-1.604313	-5.787399
-1.603376	-5.738109
-1.602425	-5.689164
-1.601460	-5.640560
-1.600482	-5.592295
-1.599489	-5.544366
-1.598482	-5.496770
-1.597460	-5.449505
-1.596423	-5.402567
-1.595372	-5.355955
-1.594305	-5.309665
-1.593223	-5.263695
-1.592125	-5.218042
-1.591011	-5.172704
-1.589882	-5.127679
-1.588736	-5.082963
-1.587574	-5.038555
-1.586395	-4.994451
-1.585199	-4.950650
-1.583986	-4.907148
-1.582756	-4.863944
-1.581509	-4.821036
-1.580243	-4.778419
-1.578960	-4.736094
-1.577659	-4.694056
-1.576339	-4.652304
-1.575000	-4.610835
-1.573642	-4.569647
-1.572266	-4.528739
-1.570870	-4.488107
-1.569454	-4.447749
-1.568018	-4.407664
-1.566562	-4.367849
-1.565086	-4.328301
-1.563589	-4.289020
-1.562072	-4.250002
-1.560533	-4.211246
-1.558972	-4.172750
-1.557390	-4.134511
-1.555787	-4.096527
-1.554160	-4.058797
-1.552512	-4.021318
-1.550841	-3.984089
-1.549146	-3.947107
-1.547429	-3.910371
-1.545688	-3.873878
-1.543923	-3.837628
-1.542134	-3.801617
-1.540320	-3.765844
-1.538482	-3.730308
-1.536619	-3.695005
-1.534730	-3.659936
-1.532816	-3.625097
-1.530877	-3.590487
-1.528911	-3.556105
-1.526919	-3.521948
-1.524900	-3.488015
-1.522854	-3.454304
-1.520780	-3.420813
-1.518680	-3.387542
-1.516551	-3.354487
-1.514394	-3.321649
-1.512208	-3.289024
-1.509994	-3.256612
-1.507751	-3.224410
-1.505478	-3.192418
-1.503175	-3.160634
-1.500843	-3.129056
-1.498480	-3.097683
-1.496086	-3.066513
-1.493662	-3.035545
-1.491206	-3.004778
-1.488718	-2.974210
-1.486199	-2.943840
-1.483648	-2.913666
-1.481064	-2.883687
-1.478447	-2.853901
-1.475797	-2.824309
-1.473113	-2.794907
-1.470396	-2.765695
-1.467645	-2.736671
-1.464859	-2.707835
-1.462039	-2.679185
-1.459184	-2.650719
-1.456293	-2.622438
-1.453367	-2.594339
-1.450404	-2.566421
-1.447406	-2.538683
-1.444371	-2.511125
-1.441299	-2.483745
-1.438190	-2.456542
-1.435044	-2.429515
-1.431859	-2.402662
-1.428637	-2.375984
-1.425377	-2.349478
-1.422077	-2.323144
-1.418739	-2.296982
-1.415362	-2.270989
-1.411945	-2.245165
-1.408489	-2.219510
-1.404992	-2.194022
-1.401455	-2.168700
-1.397878	-2.143544
-1.394259	-2.118553
-1.390600	-2.093725
-1.386899	-2.069061
-1.383157	-2.044559
-1.379373	-2.020218
-1.375546	-1.996039
-1.371678	-1.972019
-1.367766	-1.948159
-1.363812	-1.924458
-1.359815	-1.900915
-1.355775	-1.877529
-1.351691	-1.854300
-1.347564	-1.831227
-1.343392	-1.808309
-1.339177	-1.785547
-1.334917	-1.762939
-1.330613	-1.740484
-1.326265	-1.718183
-1.321872	-1.696035
-1.317434	-1.674039
-1.312951	-1.652195
-1.308422	-1.630502
-1.303849	-1.608960
-1.299230	-1.587569
-1.294565	-1.566327
-1.289855	-1.545236
-1.285099	-1.524293
-1.280298	-1.503499
-1.275450	-1.482854
-1.270557	-1.462357
-1.265618	-1.442007
-1.260633	-1.421805
-1.255601	-1.401751
-1.250524	-1.381843
-1.245401	-1.362082
-1.240232	-1.342467
-1.235016	-1.322999
-1.229755	-1.303676
-1.224448	-1.284499
-1.219095	-1.265467
-1.213696	-1.246581
-1.208252	-1.227840
-1.202762	-1.209244
-1.197227	-1.190792
-1.191646	-1.172486
-1.186020	-1.154323
-1.180349	-1.136305
-1.174633	-1.118432
-1.168873	-1.100702
-1.163068	-1.083116
-1.157219	-1.065675
-1.151326	-1.048377
-1.145389	-1.031223
-1.139408	-1.014213
-1.133385	-0.997346
-1.127318	-0.980623
-1.121210	-0.964044
-1.115058	-0.947608
-1.108865	-0.931316
-1.102631	-0.915167
-1.096355	-0.899162
-1.090039	-0.883300
-1.083682	-0.867581
-1.077285	-0.852006
-1.070849	-0.836575
-1.064374	-0.821286
-1.057861	-0.806142
-1.051310	-0.791140
-1.044721	-0.776282
-1.038095	-0.761568
-1.031434	-0.746997
-1.024736	-0.732569
-1.018003	-0.718285
-1.011236	-0.704144
-1.004435	-0.690146
-0.997601	-0.676292
-0.990734	-0.662582
-0.983835	-0.649015
-0.976905	-0.635591
-0.969945	-0.622310
-0.962955	-0.609173
-0.955936	-0.596179
-0.948889	-0.583329
-0.941814	-0.570621
-0.934713	-0.558057
-0.927586	-0.545636
-0.920434	-0.533358
-0.913258	-0.521223
-0.906059	-0.509231
-0.898838	-0.497382
-0.891595	-0.485675
-0.884331	-0.474111
-0.877048	-0.462689
-0.869747	-0.451410
-0.862427	-0.440272
-0.855091	-0.429277
-0.847740	-0.418424
-0.840373	-0.407712
-0.832993	-0.397141
-0.825600	-0.386712
-0.818196	-0.376423
-0.810780	-0.366276
-0.803356	-0.356268
-0.795922	-0.346401
-0.788481	-0.336674
-0.781034	-0.327086
-0.773582	-0.317637
-0.766125	-0.308328
-0.758665	-0.299156
-0.751204	-0.290123
-0.743741	-0.281227
-0.736279	-0.272469
-0.728818	-0.263847
-0.721360	-0.255362
-0.713905	-0.247013
-0.706455	-0.238798
-0.699011	-0.230719
-0.691574	-0.222774
-0.684145	-0.214963
-0.676726	-0.207284
-0.669317	-0.199739
-0.661920	-0.192325
-0.654536	-0.185042
-0.647166	-0.177890
-0.639810	-0.170868
-0.632471	-0.163974
-0.625150	-0.157210
-0.617846	-0.150573
-0.610563	-0.144063
-0.603300	-0.137679
-0.596059	-0.131420
-0.588841	-0.125286
-0.581647	-0.119275
-0.574478	-0.113388
-0.567335	-0.107622
-0.560219	-0.101977
-0.553132	-0.096451
-0.546074	-0.091045
-0.539047	-0.085758
-0.532051	-0.080587
-0.525087	-0.075532
-0.518157	-0.070592
-0.511261	-0.065767
-0.504401	-0.061054
-0.497577	-0.056453
-0.490790	-0.051963
-0.484042	-0.047582
-0.477332	-0.043310
-0.470663	-0.039146
-0.464034	-0.035088
-0.457447	-0.031135
-0.450903	-0.027285
-0.444402	-0.023539
-0.437945	-0.019894
-0.431533	-0.016349
-0.425167	-0.012903
-0.418847	-0.009555
-0.412574	-0.006303
-0.406349	-0.003147
-0.400173	-0.000085
-0.394046	0.002885
-0.387969	0.005763
-0.381942	0.008551
-0.375966	0.011250
-0.370041	0.013862
-0.364169	0.016388
-0.358349	0.018829
-0.352582	0.021186
-0.346869	0.023461
-0.341210	0.025655
-0.335605	0.027770
-0.330055	0.029807
-0.324561	0.031767
-0.319122	0.033651
-0.313739	0.035461
-0.308412	0.037199
-0.303141	0.038865
-0.297927	0.040461
-0.292771	0.041989
-0.287671	0.043448
-0.282629	0.044842
-0.277645	0.046171
-0.272718	0.047437
-0.267849	0.048641
-0.263038	0.049784
-0.258285	0.050867
-0.253590	0.051893
-0.248953	0.052861
-0.244375	0.053774
-0.239854	0.054633
-0.235392	0.055438
-0.230988	0.056192
-0.226641	0.056896
-0.222353	0.057550
-0.218123	0.058156
-0.213950	0.058715
-0.209835	0.059229
-0.205777	0.059699
-0.201776	0.060125
-0.197832	0.060509
-0.193946	0.060852
-0.190115	0.061156
-0.186341	0.061421
-0.182623	0.061649
-0.178961	0.061841
-0.175355	0.061997
-0.171803	0.062119
-0.168307	0.062208
-0.164865	0.062265
-0.161477	0.062291
-0.158143	0.062287
-0.154863	0.062254
-0.151635	0.062193
-0.148460	0.062105
-0.145338	0.061991
-0.142267	0.061852
-0.139248	0.061688
-0.136280	0.061502
-0.133362	0.061293
-0.130494	0.061062
-0.127676	0.060811
-0.124907	0.060540
-0.122187	0.060250
-0.119514	0.059942
-0.116890	0.059617
-0.114313	0.059275
-0.111782	0.058917
-0.109297	0.058544
-0.106858	0.058157
-0.104465	0.057756
-0.102115	0.057342
-0.099810	0.056916
-0.097548	0.056478
-0.095330	0.056029
-0.093153	0.055570
-0.091019	0.055101
-0.088926	0.054623
-0.086874	0.054136
-0.084862	0.053641
-0.082890	0.053139
-0.080956	0.052630
-0.079062	0.052115
-0.077206	0.051594
-0.075387	0.051067
-0.073605	0.050536
-0.071859	0.050000
-0.070150	0.049460
-0.068476	0.048916
-0.066836	0.048370
-0.065231	0.047820
-0.063659	0.047268
-0.062121	0.046715
-0.060615	0.046159
-0.059142	0.045603
-0.057700	0.045045
-0.056289	0.044487
-0.054909	0.043929
-0.053558	0.043371
-0.052238	0.042813
-0.050946	0.042256
-0.049682	0.041700
-0.048447	0.041145
-0.047239	0.040591
-0.046058	0.040039
-0.044904	0.039489
-0.043776	0.038941
-0.042673	0.038395
-0.041595	0.037852
-0.040542	0.037311
-0.039513	0.036774
-0.038508	0.036240
-0.037526	0.035708
-0.036567	0.035181
-0.035630	0.034656
-0.034715	0.034136
-0.033821	0.033619
-0.032949	0.033106
-0.032097	0.032598
-0.031265	0.032093
-0.030453	0.031593
-0.029661	0.031097
-0.028887	0.030606
-0.028132	0.030119
-0.027396	0.029637
-0.026677	0.029159
-0.025975	0.028687
-0.025291	0.028219
-0.024624	0.027756
-0.023972	0.027298
-0.023337	0.026845
-0.022718	0.026397
-0.022113	0.025954
-0.021524	0.025516
-0.020950	0.025084
-0.020389	0.024656
-0.019843	0.024234
-0.019311	0.023817
-0.018792	0.023405
-0.018286	0.022998
-0.017793	0.022596
-0.017312	0.022200
-0.016843	0.021809
-0.016387	0.021423
-0.015942	0.021042
-0.015509	0.020667
-0.015086	0.020297
-0.014675	0.019931
-0.014274	0.019571
-0.013884	0.019217
-0.013503	0.018867
-0.013133	0.018522
-0.012772	0.018182
-0.012421	0.017848
-0.012079	0.017518
-0.011746	0.017193
-0.011421	0.016874
-0.011105	0.016559
-0.010798	0.016249
-0.010498	0.015944
-0.010207	0.015643
-0.009923	0.015348
-0.009647	0.015057
-0.009378	0.014770
-0.009116	0.014489
-0.008862	0.014211
-0.008614	0.013939
-0.008373	0.013671
-0.008138	0.013407
-0.007909	0.013148
-0.007687	0.012893
-0.007471	0.012642
-0.007261	0.012396
-0.007056	0.012153
-0.006857	0.011915
-0.006663	0.011681
-0.006475	0.011451
-0.006292	0.011225
-0.006113	0.011003
-0.005940	0.010785
-0.005771	0.010571
-0.005607	0.010360
-0.005448	0.010154
-0.005293	0.009951
